---------------------------------------------------------------

[2020-02-18T16:31:01+08:00] 192.168.31.181 GET nginx.youzuo.com/admin/
[运行时间：0.391378s] [吞吐率：2.56req/s] [内存消耗：2,366.00kb] [文件加载：80]
[ info ] [ LANG ] /www/web/youzuo/thinkphp/lang/zh-cn.php
[ info ] [ BIND ] 'backman'
[ info ] [ ROUTE ] array (
)
[ info ] [ HEADER ] array (
  'cookie' => 'Hm_lvt_514ab2fc3786256b672f9f1f68e9063e=1575721171',
  'accept-language' => 'zh-CN,zh;q=0.9',
  'accept-encoding' => 'gzip, deflate',
  'accept' => 'text/html,application/xhtml+xml,application/xml;q=0.9,image/webp,image/apng,*/*;q=0.8,application/signed-exchange;v=b3',
  'user-agent' => 'Mozilla/5.0 (Windows NT 6.1; Win64; x64) AppleWebKit/537.36 (KHTML, like Gecko) Chrome/73.0.3683.86 Safari/537.36',
  'upgrade-insecure-requests' => '1',
  'connection' => 'keep-alive',
  'host' => 'nginx.youzuo.com',
  'content-length' => '',
  'content-type' => '',
)
[ info ] [ PARAM ] array (
)
---------------------------------------------------------------

[2020-02-18T16:31:01+08:00] 192.168.31.181 GET nginx.youzuo.com/admin/auth/login.html
[运行时间：0.090030s] [吞吐率：11.11req/s] [内存消耗：2,328.27kb] [文件加载：78]
[ info ] [ LANG ] /www/web/youzuo/thinkphp/lang/zh-cn.php
[ info ] [ BIND ] 'backman'
[ info ] [ ROUTE ] array (
)
[ info ] [ HEADER ] array (
  'cookie' => 'Hm_lvt_514ab2fc3786256b672f9f1f68e9063e=1575721171',
  'accept-language' => 'zh-CN,zh;q=0.9',
  'accept-encoding' => 'gzip, deflate',
  'accept' => 'text/html,application/xhtml+xml,application/xml;q=0.9,image/webp,image/apng,*/*;q=0.8,application/signed-exchange;v=b3',
  'user-agent' => 'Mozilla/5.0 (Windows NT 6.1; Win64; x64) AppleWebKit/537.36 (KHTML, like Gecko) Chrome/73.0.3683.86 Safari/537.36',
  'upgrade-insecure-requests' => '1',
  'connection' => 'keep-alive',
  'host' => 'nginx.youzuo.com',
  'content-length' => '',
  'content-type' => '',
)
[ info ] [ PARAM ] array (
)
[ info ] [ VIEW ] /www/web/youzuo/application/backman/view/auth/login.html [ array (
) ]
---------------------------------------------------------------

[2020-02-18T16:31:02+08:00] 192.168.31.181 GET nginx.youzuo.com/admin/captcha.html
[运行时间：0.155993s] [吞吐率：6.41req/s] [内存消耗：1,806.20kb] [文件加载：65]
[ info ] [ LANG ] /www/web/youzuo/thinkphp/lang/zh-cn.php
[ info ] [ BIND ] 'backman'
[ info ] [ ROUTE ] array (
  'rule' => 'captcha/<id?>',
  'route' => '\\think\\captcha\\CaptchaController@index',
  'option' => 
  array (
    'merge_rule_regex' => false,
  ),
  'var' => 
  array (
  ),
)
[ info ] [ HEADER ] array (
  'cookie' => 'Hm_lvt_514ab2fc3786256b672f9f1f68e9063e=1575721171',
  'accept-language' => 'zh-CN,zh;q=0.9',
  'accept-encoding' => 'gzip, deflate',
  'referer' => 'http://nginx.youzuo.com/admin/auth/login.html',
  'accept' => 'image/webp,image/apng,image/*,*/*;q=0.8',
  'user-agent' => 'Mozilla/5.0 (Windows NT 6.1; Win64; x64) AppleWebKit/537.36 (KHTML, like Gecko) Chrome/73.0.3683.86 Safari/537.36',
  'connection' => 'keep-alive',
  'host' => 'nginx.youzuo.com',
  'content-length' => '',
  'content-type' => '',
)
[ info ] [ PARAM ] array (
)
---------------------------------------------------------------

[2020-02-18T16:31:03+08:00] 192.168.31.181 GET nginx.youzuo.com/admin/captcha.html
[运行时间：0.174427s] [吞吐率：5.73req/s] [内存消耗：1,806.28kb] [文件加载：65]
[ info ] [ LANG ] /www/web/youzuo/thinkphp/lang/zh-cn.php
[ info ] [ BIND ] 'backman'
[ info ] [ ROUTE ] array (
  'rule' => 'captcha/<id?>',
  'route' => '\\think\\captcha\\CaptchaController@index',
  'option' => 
  array (
    'merge_rule_regex' => false,
  ),
  'var' => 
  array (
  ),
)
[ info ] [ HEADER ] array (
  'cookie' => 'Hm_lvt_514ab2fc3786256b672f9f1f68e9063e=1575721171; PHPSESSID=dc02oehjtlj7vfpre7044a5e9q',
  'accept-language' => 'zh-CN,zh;q=0.9',
  'accept-encoding' => 'gzip, deflate',
  'referer' => 'http://nginx.youzuo.com/admin/auth/login.html',
  'accept' => 'image/webp,image/apng,image/*,*/*;q=0.8',
  'user-agent' => 'Mozilla/5.0 (Windows NT 6.1; Win64; x64) AppleWebKit/537.36 (KHTML, like Gecko) Chrome/73.0.3683.86 Safari/537.36',
  'connection' => 'keep-alive',
  'host' => 'nginx.youzuo.com',
  'content-length' => '',
  'content-type' => '',
)
[ info ] [ PARAM ] array (
)
---------------------------------------------------------------

[2020-02-18T17:50:22+08:00] 192.168.31.181 GET nginx.youzuo.com/admin/
[运行时间：0.031125s] [吞吐率：32.13req/s] [内存消耗：2,366.30kb] [文件加载：80]
[ info ] [ LANG ] /www/web/youzuo/thinkphp/lang/zh-cn.php
[ info ] [ BIND ] 'backman'
[ info ] [ ROUTE ] array (
)
[ info ] [ HEADER ] array (
  'cookie' => 'Hm_lvt_514ab2fc3786256b672f9f1f68e9063e=1575721171; PHPSESSID=dc02oehjtlj7vfpre7044a5e9q',
  'accept-language' => 'zh-CN,zh;q=0.9',
  'accept-encoding' => 'gzip, deflate',
  'accept' => 'text/html,application/xhtml+xml,application/xml;q=0.9,image/webp,image/apng,*/*;q=0.8,application/signed-exchange;v=b3',
  'user-agent' => 'Mozilla/5.0 (Windows NT 6.1; Win64; x64) AppleWebKit/537.36 (KHTML, like Gecko) Chrome/73.0.3683.86 Safari/537.36',
  'upgrade-insecure-requests' => '1',
  'connection' => 'keep-alive',
  'host' => 'nginx.youzuo.com',
  'content-length' => '',
  'content-type' => '',
)
[ info ] [ PARAM ] array (
)
---------------------------------------------------------------

[2020-02-18T17:50:22+08:00] 192.168.31.181 GET nginx.youzuo.com/admin/auth/login.html
[运行时间：0.037356s] [吞吐率：26.77req/s] [内存消耗：2,328.69kb] [文件加载：78]
[ info ] [ LANG ] /www/web/youzuo/thinkphp/lang/zh-cn.php
[ info ] [ BIND ] 'backman'
[ info ] [ ROUTE ] array (
)
[ info ] [ HEADER ] array (
  'cookie' => 'Hm_lvt_514ab2fc3786256b672f9f1f68e9063e=1575721171; PHPSESSID=dc02oehjtlj7vfpre7044a5e9q',
  'accept-language' => 'zh-CN,zh;q=0.9',
  'accept-encoding' => 'gzip, deflate',
  'accept' => 'text/html,application/xhtml+xml,application/xml;q=0.9,image/webp,image/apng,*/*;q=0.8,application/signed-exchange;v=b3',
  'user-agent' => 'Mozilla/5.0 (Windows NT 6.1; Win64; x64) AppleWebKit/537.36 (KHTML, like Gecko) Chrome/73.0.3683.86 Safari/537.36',
  'upgrade-insecure-requests' => '1',
  'connection' => 'keep-alive',
  'host' => 'nginx.youzuo.com',
  'content-length' => '',
  'content-type' => '',
)
[ info ] [ PARAM ] array (
)
[ info ] [ VIEW ] /www/web/youzuo/application/backman/view/auth/login.html [ array (
) ]
---------------------------------------------------------------

[2020-02-18T17:50:22+08:00] 192.168.31.181 GET nginx.youzuo.com/admin/captcha.html
[运行时间：0.094481s] [吞吐率：10.58req/s] [内存消耗：1,806.28kb] [文件加载：65]
[ info ] [ LANG ] /www/web/youzuo/thinkphp/lang/zh-cn.php
[ info ] [ BIND ] 'backman'
[ info ] [ ROUTE ] array (
  'rule' => 'captcha/<id?>',
  'route' => '\\think\\captcha\\CaptchaController@index',
  'option' => 
  array (
    'merge_rule_regex' => false,
  ),
  'var' => 
  array (
  ),
)
[ info ] [ HEADER ] array (
  'cookie' => 'Hm_lvt_514ab2fc3786256b672f9f1f68e9063e=1575721171; PHPSESSID=dc02oehjtlj7vfpre7044a5e9q',
  'accept-language' => 'zh-CN,zh;q=0.9',
  'accept-encoding' => 'gzip, deflate',
  'referer' => 'http://nginx.youzuo.com/admin/auth/login.html',
  'accept' => 'image/webp,image/apng,image/*,*/*;q=0.8',
  'user-agent' => 'Mozilla/5.0 (Windows NT 6.1; Win64; x64) AppleWebKit/537.36 (KHTML, like Gecko) Chrome/73.0.3683.86 Safari/537.36',
  'connection' => 'keep-alive',
  'host' => 'nginx.youzuo.com',
  'content-length' => '',
  'content-type' => '',
)
[ info ] [ PARAM ] array (
)
---------------------------------------------------------------

[2020-02-18T17:50:23+08:00] 192.168.31.181 GET nginx.youzuo.com/admin/captcha.html
[运行时间：0.072556s] [吞吐率：13.78req/s] [内存消耗：1,806.28kb] [文件加载：65]
[ info ] [ LANG ] /www/web/youzuo/thinkphp/lang/zh-cn.php
[ info ] [ BIND ] 'backman'
[ info ] [ ROUTE ] array (
  'rule' => 'captcha/<id?>',
  'route' => '\\think\\captcha\\CaptchaController@index',
  'option' => 
  array (
    'merge_rule_regex' => false,
  ),
  'var' => 
  array (
  ),
)
[ info ] [ HEADER ] array (
  'cookie' => 'Hm_lvt_514ab2fc3786256b672f9f1f68e9063e=1575721171; PHPSESSID=dc02oehjtlj7vfpre7044a5e9q',
  'accept-language' => 'zh-CN,zh;q=0.9',
  'accept-encoding' => 'gzip, deflate',
  'referer' => 'http://nginx.youzuo.com/admin/auth/login.html',
  'accept' => 'image/webp,image/apng,image/*,*/*;q=0.8',
  'user-agent' => 'Mozilla/5.0 (Windows NT 6.1; Win64; x64) AppleWebKit/537.36 (KHTML, like Gecko) Chrome/73.0.3683.86 Safari/537.36',
  'connection' => 'keep-alive',
  'host' => 'nginx.youzuo.com',
  'content-length' => '',
  'content-type' => '',
)
[ info ] [ PARAM ] array (
)
