---------------------------------------------------------------

[2020-02-21T11:16:44+08:00] 192.168.31.181 GET nginx.youzuo.com/
[运行时间：0.516941s] [吞吐率：1.93req/s] [内存消耗：2,674.84kb] [文件加载：95]
[ info ] [ LANG ] /www/web/youzuo/thinkphp/lang/zh-cn.php
[ info ] [ ROUTE ] array (
)
[ info ] [ HEADER ] array (
  'cookie' => 'Hm_lvt_514ab2fc3786256b672f9f1f68e9063e=1575721171',
  'accept-language' => 'zh-CN,zh;q=0.9',
  'accept-encoding' => 'gzip, deflate',
  'accept' => 'text/html,application/xhtml+xml,application/xml;q=0.9,image/webp,image/apng,*/*;q=0.8,application/signed-exchange;v=b3',
  'user-agent' => 'Mozilla/5.0 (Windows NT 6.1; Win64; x64) AppleWebKit/537.36 (KHTML, like Gecko) Chrome/73.0.3683.86 Safari/537.36',
  'upgrade-insecure-requests' => '1',
  'cache-control' => 'max-age=0',
  'connection' => 'keep-alive',
  'host' => 'nginx.youzuo.com',
  'content-length' => '',
  'content-type' => '',
)
[ info ] [ PARAM ] array (
)
---------------------------------------------------------------

[2020-02-21T11:17:15+08:00] 192.168.31.181 GET nginx.youzuo.com/
[运行时间：0.040062s] [吞吐率：24.96req/s] [内存消耗：2,674.84kb] [文件加载：95]
[ info ] [ LANG ] /www/web/youzuo/thinkphp/lang/zh-cn.php
[ info ] [ ROUTE ] array (
)
[ info ] [ HEADER ] array (
  'cookie' => 'Hm_lvt_514ab2fc3786256b672f9f1f68e9063e=1575721171',
  'accept-language' => 'zh-CN,zh;q=0.9',
  'accept-encoding' => 'gzip, deflate',
  'accept' => 'text/html,application/xhtml+xml,application/xml;q=0.9,image/webp,image/apng,*/*;q=0.8,application/signed-exchange;v=b3',
  'user-agent' => 'Mozilla/5.0 (Windows NT 6.1; Win64; x64) AppleWebKit/537.36 (KHTML, like Gecko) Chrome/73.0.3683.86 Safari/537.36',
  'upgrade-insecure-requests' => '1',
  'cache-control' => 'max-age=0',
  'connection' => 'keep-alive',
  'host' => 'nginx.youzuo.com',
  'content-length' => '',
  'content-type' => '',
)
[ info ] [ PARAM ] array (
)
---------------------------------------------------------------

[2020-02-21T11:17:16+08:00] 192.168.31.181 GET nginx.youzuo.com/
[运行时间：0.039415s] [吞吐率：25.37req/s] [内存消耗：2,674.84kb] [文件加载：95]
[ info ] [ LANG ] /www/web/youzuo/thinkphp/lang/zh-cn.php
[ info ] [ ROUTE ] array (
)
[ info ] [ HEADER ] array (
  'cookie' => 'Hm_lvt_514ab2fc3786256b672f9f1f68e9063e=1575721171',
  'accept-language' => 'zh-CN,zh;q=0.9',
  'accept-encoding' => 'gzip, deflate',
  'accept' => 'text/html,application/xhtml+xml,application/xml;q=0.9,image/webp,image/apng,*/*;q=0.8,application/signed-exchange;v=b3',
  'user-agent' => 'Mozilla/5.0 (Windows NT 6.1; Win64; x64) AppleWebKit/537.36 (KHTML, like Gecko) Chrome/73.0.3683.86 Safari/537.36',
  'upgrade-insecure-requests' => '1',
  'cache-control' => 'max-age=0',
  'connection' => 'keep-alive',
  'host' => 'nginx.youzuo.com',
  'content-length' => '',
  'content-type' => '',
)
[ info ] [ PARAM ] array (
)
---------------------------------------------------------------

[2020-02-21T11:17:17+08:00] 192.168.31.181 GET nginx.youzuo.com/
[运行时间：0.040031s] [吞吐率：24.98req/s] [内存消耗：2,674.91kb] [文件加载：95]
[ info ] [ LANG ] /www/web/youzuo/thinkphp/lang/zh-cn.php
[ info ] [ ROUTE ] array (
)
[ info ] [ HEADER ] array (
  'cookie' => 'Hm_lvt_514ab2fc3786256b672f9f1f68e9063e=1575721171',
  'accept-language' => 'zh-CN,zh;q=0.9',
  'accept-encoding' => 'gzip, deflate',
  'accept' => 'text/html,application/xhtml+xml,application/xml;q=0.9,image/webp,image/apng,*/*;q=0.8,application/signed-exchange;v=b3',
  'user-agent' => 'Mozilla/5.0 (Windows NT 6.1; Win64; x64) AppleWebKit/537.36 (KHTML, like Gecko) Chrome/73.0.3683.86 Safari/537.36',
  'upgrade-insecure-requests' => '1',
  'cache-control' => 'no-cache',
  'pragma' => 'no-cache',
  'connection' => 'keep-alive',
  'host' => 'nginx.youzuo.com',
  'content-length' => '',
  'content-type' => '',
)
[ info ] [ PARAM ] array (
)
---------------------------------------------------------------

[2020-02-21T16:56:46+08:00] 192.168.31.181 POST nginx.youzuo.com/api/Detection/spec?dsid=42&id=258&sort=-1
[运行时间：0.724870s] [吞吐率：1.38req/s] [内存消耗：3,856.17kb] [文件加载：99]
[ info ] [ LANG ] /www/web/youzuo/thinkphp/lang/zh-cn.php
[ info ] [ ROUTE ] array (
)
[ info ] [ HEADER ] array (
  'connection' => 'keep-alive',
  'content-length' => '0',
  'accept-encoding' => 'gzip, deflate, br',
  'host' => 'nginx.youzuo.com',
  'postman-token' => '4b8d613f-c113-4153-8373-29e7766ebe05',
  'cache-control' => 'no-cache',
  'accept' => '*/*',
  'user-agent' => 'PostmanRuntime/7.22.0',
  'content-type' => '',
)
[ info ] [ PARAM ] array (
  'dsid' => '42',
  'id' => '258',
  'sort' => '-1',
)
[ info ] [ DB ] INIT mysql
[ sql ] [ DB ] CONNECT:[ UseTime:0.000640s ] mysql:host=127.0.0.1;dbname=youzuo;charset=utf8
[ sql ] [ SQL ] SHOW COLUMNS FROM `bear_config` [ RunTime:0.082095s ]
[ sql ] [ SQL ] SELECT * FROM `bear_config` WHERE  `is_sys` = 1 [ RunTime:0.000600s ]
[ sql ] [ SQL ] SELECT `value` FROM `bear_config` WHERE  `name` = 'QNcdn' LIMIT 1 [ RunTime:0.000394s ]
---------------------------------------------------------------

[2020-02-21T16:56:49+08:00] 192.168.31.181 POST nginx.youzuo.com/api/Detection/spec?dsid=42&id=258&sort=-1
[运行时间：0.145618s] [吞吐率：6.87req/s] [内存消耗：3,856.17kb] [文件加载：99]
[ info ] [ LANG ] /www/web/youzuo/thinkphp/lang/zh-cn.php
[ info ] [ ROUTE ] array (
)
[ info ] [ HEADER ] array (
  'connection' => 'keep-alive',
  'content-length' => '0',
  'accept-encoding' => 'gzip, deflate, br',
  'host' => 'nginx.youzuo.com',
  'postman-token' => 'e8f4729f-e455-46e2-a1c1-bf80c386099c',
  'cache-control' => 'no-cache',
  'accept' => '*/*',
  'user-agent' => 'PostmanRuntime/7.22.0',
  'content-type' => '',
)
[ info ] [ PARAM ] array (
  'dsid' => '42',
  'id' => '258',
  'sort' => '-1',
)
[ info ] [ DB ] INIT mysql
[ sql ] [ DB ] CONNECT:[ UseTime:0.000842s ] mysql:host=127.0.0.1;dbname=youzuo;charset=utf8
[ sql ] [ SQL ] SHOW COLUMNS FROM `bear_config` [ RunTime:0.026460s ]
[ sql ] [ SQL ] SELECT * FROM `bear_config` WHERE  `is_sys` = 1 [ RunTime:0.000750s ]
[ sql ] [ SQL ] SELECT `value` FROM `bear_config` WHERE  `name` = 'QNcdn' LIMIT 1 [ RunTime:0.053972s ]
---------------------------------------------------------------

[2020-02-21T17:02:13+08:00] 192.168.31.181 POST nginx.youzuo.com/api/Detection/spec?dsid=42&id=258&sort=-1
[运行时间：0.169422s] [吞吐率：5.90req/s] [内存消耗：3,856.17kb] [文件加载：99]
[ info ] [ LANG ] /www/web/youzuo/thinkphp/lang/zh-cn.php
[ info ] [ ROUTE ] array (
)
[ info ] [ HEADER ] array (
  'connection' => 'keep-alive',
  'content-length' => '0',
  'accept-encoding' => 'gzip, deflate, br',
  'host' => 'nginx.youzuo.com',
  'postman-token' => 'fcfb5e10-d433-4066-89ea-daee3cd629e2',
  'cache-control' => 'no-cache',
  'accept' => '*/*',
  'user-agent' => 'PostmanRuntime/7.22.0',
  'content-type' => '',
)
[ info ] [ PARAM ] array (
  'dsid' => '42',
  'id' => '258',
  'sort' => '-1',
)
[ info ] [ DB ] INIT mysql
[ sql ] [ DB ] CONNECT:[ UseTime:0.000669s ] mysql:host=127.0.0.1;dbname=youzuo;charset=utf8
[ sql ] [ SQL ] SHOW COLUMNS FROM `bear_config` [ RunTime:0.096570s ]
[ sql ] [ SQL ] SELECT * FROM `bear_config` WHERE  `is_sys` = 1 [ RunTime:0.001264s ]
[ sql ] [ SQL ] SELECT `value` FROM `bear_config` WHERE  `name` = 'QNcdn' LIMIT 1 [ RunTime:0.008471s ]
---------------------------------------------------------------

[2020-02-21T17:03:24+08:00] 192.168.31.181 POST nginx.youzuo.com/api/Detection/spec?dsid=42&id=258&sort=-1
[运行时间：37.152031s] [吞吐率：0.03req/s] [内存消耗：3,920.47kb] [文件加载：103]
[ info ] [ LANG ] /www/web/youzuo/thinkphp/lang/zh-cn.php
[ info ] [ ROUTE ] array (
)
[ info ] [ HEADER ] array (
  'connection' => 'keep-alive',
  'content-length' => '0',
  'accept-encoding' => 'gzip, deflate, br',
  'host' => 'nginx.youzuo.com',
  'postman-token' => 'c53ce262-30d4-4f7f-9c32-1e81557ba93c',
  'cache-control' => 'no-cache',
  'accept' => '*/*',
  'user-agent' => 'PostmanRuntime/7.22.0',
  'userinfo' => 'bf69onJTAwoEdtUtg2CMeWBcD0oYsIKXwJZBGIaNrwcskHjGkQ+D0LnN3Z3ywleuWObEiECSWpa2QOeYU2e9hORp8pVMB+2p',
  'content-type' => '',
)
[ info ] [ PARAM ] array (
  'dsid' => '42',
  'id' => '258',
  'sort' => '-1',
)
[ info ] [ DB ] INIT mysql
[ sql ] [ DB ] CONNECT:[ UseTime:0.000748s ] mysql:host=127.0.0.1;dbname=youzuo;charset=utf8
[ sql ] [ SQL ] SHOW COLUMNS FROM `bear_config` [ RunTime:0.043166s ]
[ sql ] [ SQL ] SELECT * FROM `bear_config` WHERE  `is_sys` = 1 [ RunTime:0.001467s ]
[ sql ] [ SQL ] SELECT `value` FROM `bear_config` WHERE  `name` = 'QNcdn' LIMIT 1 [ RunTime:0.016216s ]
[ sql ] [ SQL ] SHOW COLUMNS FROM `bear_staff_power` [ RunTime:0.001793s ]
[ sql ] [ SQL ] SELECT * FROM `bear_staff_power` WHERE  `is_show` = 1 [ RunTime:0.000988s ]
[ sql ] [ SQL ] SHOW COLUMNS FROM `bear_staff` [ RunTime:0.007511s ]
[ sql ] [ SQL ] SELECT `power` FROM `bear_staff` WHERE  `id` = 1 [ RunTime:0.000810s ]
[ error ] [2]get_headers(): php_network_getaddresses: getaddrinfo failed: Name or service not known[/www/web/youzuo/application/common.php:929]
[ error ] [2]get_headers(http://yzqny.osd-asia.com/static/images/53c7d2a965715b91747ff5df572fc43.png): failed to open stream: php_network_getaddresses: getaddrinfo failed: Name or service not known[/www/web/youzuo/application/common.php:929]
---------------------------------------------------------------

[2020-02-21T17:04:13+08:00] 192.168.31.181 POST nginx.youzuo.com/api/Detection/spec?=&=258&=-1
[运行时间：41.082727s] [吞吐率：0.02req/s] [内存消耗：3,877.28kb] [文件加载：99]
[ info ] [ LANG ] /www/web/youzuo/thinkphp/lang/zh-cn.php
[ info ] [ ROUTE ] array (
)
[ info ] [ HEADER ] array (
  'connection' => 'keep-alive',
  'content-length' => '370',
  'accept-encoding' => 'gzip, deflate, br',
  'content-type' => 'multipart/form-data; boundary=--------------------------348214619286747081987217',
  'host' => 'nginx.youzuo.com',
  'postman-token' => '272f81c3-3fa9-42c3-956f-8a5c3c5a0fac',
  'cache-control' => 'no-cache',
  'accept' => '*/*',
  'user-agent' => 'PostmanRuntime/7.22.0',
  'userinfo' => 'bf69onJTAwoEdtUtg2CMeWBcD0oYsIKXwJZBGIaNrwcskHjGkQ+D0LnN3Z3ywleuWObEiECSWpa2QOeYU2e9hORp8pVMB+2p',
)
[ info ] [ PARAM ] array (
  'dsid' => '42',
  'id' => '258',
  'sort' => '-1',
)
[ info ] [ DB ] INIT mysql
[ sql ] [ DB ] CONNECT:[ UseTime:0.001035s ] mysql:host=127.0.0.1;dbname=youzuo;charset=utf8
[ sql ] [ SQL ] SHOW COLUMNS FROM `bear_config` [ RunTime:0.054117s ]
[ sql ] [ SQL ] SELECT * FROM `bear_config` WHERE  `is_sys` = 1 [ RunTime:0.010145s ]
[ sql ] [ SQL ] SELECT `value` FROM `bear_config` WHERE  `name` = 'QNcdn' LIMIT 1 [ RunTime:0.000765s ]
[ sql ] [ SQL ] SHOW COLUMNS FROM `bear_staff_power` [ RunTime:0.001715s ]
[ sql ] [ SQL ] SELECT * FROM `bear_staff_power` WHERE  `is_show` = 1 [ RunTime:0.005528s ]
[ sql ] [ SQL ] SHOW COLUMNS FROM `bear_staff` [ RunTime:0.001837s ]
[ sql ] [ SQL ] SELECT `power` FROM `bear_staff` WHERE  `id` = 1 [ RunTime:0.000588s ]
---------------------------------------------------------------

[2020-02-21T17:04:39+08:00] 192.168.31.181 GET nginx.youzuo.com/admin/
[运行时间：0.663877s] [吞吐率：1.51req/s] [内存消耗：2,361.40kb] [文件加载：80]
[ info ] [ LANG ] /www/web/youzuo/thinkphp/lang/zh-cn.php
[ info ] [ BIND ] 'backman'
[ info ] [ ROUTE ] array (
)
[ info ] [ HEADER ] array (
  'cookie' => 'Hm_lvt_514ab2fc3786256b672f9f1f68e9063e=1575721171',
  'accept-language' => 'zh-CN,zh;q=0.9',
  'accept-encoding' => 'gzip, deflate',
  'accept' => 'text/html,application/xhtml+xml,application/xml;q=0.9,image/webp,image/apng,*/*;q=0.8,application/signed-exchange;v=b3',
  'user-agent' => 'Mozilla/5.0 (Windows NT 6.1; Win64; x64) AppleWebKit/537.36 (KHTML, like Gecko) Chrome/73.0.3683.86 Safari/537.36',
  'upgrade-insecure-requests' => '1',
  'connection' => 'keep-alive',
  'host' => 'nginx.youzuo.com',
  'content-length' => '',
  'content-type' => '',
)
[ info ] [ PARAM ] array (
)
---------------------------------------------------------------

[2020-02-21T17:04:40+08:00] 192.168.31.181 GET nginx.youzuo.com/admin/auth/login.html
[运行时间：0.372147s] [吞吐率：2.69req/s] [内存消耗：2,466.27kb] [文件加载：80]
[ info ] [ LANG ] /www/web/youzuo/thinkphp/lang/zh-cn.php
[ info ] [ BIND ] 'backman'
[ info ] [ ROUTE ] array (
)
[ info ] [ HEADER ] array (
  'cookie' => 'Hm_lvt_514ab2fc3786256b672f9f1f68e9063e=1575721171',
  'accept-language' => 'zh-CN,zh;q=0.9',
  'accept-encoding' => 'gzip, deflate',
  'accept' => 'text/html,application/xhtml+xml,application/xml;q=0.9,image/webp,image/apng,*/*;q=0.8,application/signed-exchange;v=b3',
  'user-agent' => 'Mozilla/5.0 (Windows NT 6.1; Win64; x64) AppleWebKit/537.36 (KHTML, like Gecko) Chrome/73.0.3683.86 Safari/537.36',
  'upgrade-insecure-requests' => '1',
  'connection' => 'keep-alive',
  'host' => 'nginx.youzuo.com',
  'content-length' => '',
  'content-type' => '',
)
[ info ] [ PARAM ] array (
)
[ info ] [ VIEW ] /www/web/youzuo/application/backman/view/auth/login.html [ array (
) ]
---------------------------------------------------------------

[2020-02-21T17:04:41+08:00] 192.168.31.181 GET nginx.youzuo.com/admin/captcha.html
[运行时间：0.293662s] [吞吐率：3.41req/s] [内存消耗：1,801.68kb] [文件加载：65]
[ info ] [ LANG ] /www/web/youzuo/thinkphp/lang/zh-cn.php
[ info ] [ BIND ] 'backman'
[ info ] [ ROUTE ] array (
  'rule' => 'captcha/<id?>',
  'route' => '\\think\\captcha\\CaptchaController@index',
  'option' => 
  array (
    'merge_rule_regex' => false,
  ),
  'var' => 
  array (
  ),
)
[ info ] [ HEADER ] array (
  'cookie' => 'Hm_lvt_514ab2fc3786256b672f9f1f68e9063e=1575721171',
  'accept-language' => 'zh-CN,zh;q=0.9',
  'accept-encoding' => 'gzip, deflate',
  'referer' => 'http://nginx.youzuo.com/admin/auth/login.html',
  'accept' => 'image/webp,image/apng,image/*,*/*;q=0.8',
  'user-agent' => 'Mozilla/5.0 (Windows NT 6.1; Win64; x64) AppleWebKit/537.36 (KHTML, like Gecko) Chrome/73.0.3683.86 Safari/537.36',
  'connection' => 'keep-alive',
  'host' => 'nginx.youzuo.com',
  'content-length' => '',
  'content-type' => '',
)
[ info ] [ PARAM ] array (
)
---------------------------------------------------------------

[2020-02-21T17:04:41+08:00] 192.168.31.181 GET nginx.youzuo.com/static/iview/iview.min.js.map
[运行时间：0.135361s] [吞吐率：7.39req/s] [内存消耗：2,232.99kb] [文件加载：86]
[ info ] [ LANG ] /www/web/youzuo/thinkphp/lang/zh-cn.php
---------------------------------------------------------------

[2020-02-21T17:04:41+08:00] 192.168.31.181 GET nginx.youzuo.com/admin/captcha.html
[运行时间：0.048729s] [吞吐率：20.52req/s] [内存消耗：1,801.77kb] [文件加载：65]
[ info ] [ LANG ] /www/web/youzuo/thinkphp/lang/zh-cn.php
[ info ] [ BIND ] 'backman'
[ info ] [ ROUTE ] array (
  'rule' => 'captcha/<id?>',
  'route' => '\\think\\captcha\\CaptchaController@index',
  'option' => 
  array (
    'merge_rule_regex' => false,
  ),
  'var' => 
  array (
  ),
)
[ info ] [ HEADER ] array (
  'cookie' => 'Hm_lvt_514ab2fc3786256b672f9f1f68e9063e=1575721171; PHPSESSID=bl0llmmped2i7flc5st2p6j4p4',
  'accept-language' => 'zh-CN,zh;q=0.9',
  'accept-encoding' => 'gzip, deflate',
  'referer' => 'http://nginx.youzuo.com/admin/auth/login.html',
  'accept' => 'image/webp,image/apng,image/*,*/*;q=0.8',
  'user-agent' => 'Mozilla/5.0 (Windows NT 6.1; Win64; x64) AppleWebKit/537.36 (KHTML, like Gecko) Chrome/73.0.3683.86 Safari/537.36',
  'connection' => 'keep-alive',
  'host' => 'nginx.youzuo.com',
  'content-length' => '',
  'content-type' => '',
)
[ info ] [ PARAM ] array (
)
---------------------------------------------------------------

[2020-02-21T17:04:48+08:00] 192.168.31.181 POST nginx.youzuo.com/admin/auth/login.html
[运行时间：0.345435s] [吞吐率：2.89req/s] [内存消耗：3,809.78kb] [文件加载：95]
[ info ] [ LANG ] /www/web/youzuo/thinkphp/lang/zh-cn.php
[ info ] [ BIND ] 'backman'
[ info ] [ ROUTE ] array (
)
[ info ] [ HEADER ] array (
  'cookie' => 'Hm_lvt_514ab2fc3786256b672f9f1f68e9063e=1575721171; PHPSESSID=bl0llmmped2i7flc5st2p6j4p4',
  'accept-language' => 'zh-CN,zh;q=0.9',
  'accept-encoding' => 'gzip, deflate',
  'referer' => 'http://nginx.youzuo.com/admin/auth/login.html',
  'content-type' => 'application/x-www-form-urlencoded; charset=UTF-8',
  'user-agent' => 'Mozilla/5.0 (Windows NT 6.1; Win64; x64) AppleWebKit/537.36 (KHTML, like Gecko) Chrome/73.0.3683.86 Safari/537.36',
  'x-requested-with' => 'XMLHttpRequest',
  'origin' => 'http://nginx.youzuo.com',
  'accept' => 'application/json, text/javascript, */*; q=0.01',
  'content-length' => '38',
  'connection' => 'keep-alive',
  'host' => 'nginx.youzuo.com',
)
[ info ] [ PARAM ] array (
  'name' => 'admin',
  'password' => 'admin',
  'captcha' => '8629',
)
[ info ] [ DB ] INIT mysql
[ sql ] [ DB ] CONNECT:[ UseTime:0.000740s ] mysql:host=127.0.0.1;dbname=youzuo;charset=utf8
[ sql ] [ SQL ] SHOW COLUMNS FROM `bear_admin` [ RunTime:0.031937s ]
[ sql ] [ SQL ] SELECT * FROM `bear_admin` WHERE  `username` = 'admin' LIMIT 1 [ RunTime:0.000679s ]
[ sql ] [ SQL ] SHOW COLUMNS FROM `bear_admin_log` [ RunTime:0.001565s ]
[ sql ] [ SQL ] INSERT INTO `bear_admin_log` (`user_id` , `desc` , `action` , `timestamp`) VALUES (2 , '用户登陆' , 'auth/login' , '2020-02-21 17:04:48') [ RunTime:0.007401s ]
---------------------------------------------------------------

[2020-02-21T17:04:51+08:00] 192.168.31.181 GET nginx.youzuo.com/admin/
[运行时间：0.169934s] [吞吐率：5.88req/s] [内存消耗：4,031.87kb] [文件加载：99]
[ info ] [ LANG ] /www/web/youzuo/thinkphp/lang/zh-cn.php
[ info ] [ BIND ] 'backman'
[ info ] [ ROUTE ] array (
)
[ info ] [ HEADER ] array (
  'cookie' => 'Hm_lvt_514ab2fc3786256b672f9f1f68e9063e=1575721171; PHPSESSID=bl0llmmped2i7flc5st2p6j4p4; userId=2; login_time=1582275888',
  'accept-language' => 'zh-CN,zh;q=0.9',
  'accept-encoding' => 'gzip, deflate',
  'referer' => 'http://nginx.youzuo.com/admin/auth/login.html',
  'accept' => 'text/html,application/xhtml+xml,application/xml;q=0.9,image/webp,image/apng,*/*;q=0.8,application/signed-exchange;v=b3',
  'user-agent' => 'Mozilla/5.0 (Windows NT 6.1; Win64; x64) AppleWebKit/537.36 (KHTML, like Gecko) Chrome/73.0.3683.86 Safari/537.36',
  'upgrade-insecure-requests' => '1',
  'connection' => 'keep-alive',
  'host' => 'nginx.youzuo.com',
  'content-length' => '',
  'content-type' => '',
)
[ info ] [ PARAM ] array (
)
[ info ] [ DB ] INIT mysql
[ info ] [ VIEW ] /www/web/youzuo/application/backman/view/index/index.html [ array (
  0 => 'config',
  1 => 'admin',
  2 => 'adminGroup',
  3 => 'topNav',
  4 => 'pathCurrent',
  5 => 'path',
) ]
[ sql ] [ DB ] CONNECT:[ UseTime:0.000604s ] mysql:host=127.0.0.1;dbname=youzuo;charset=utf8
[ sql ] [ SQL ] SHOW COLUMNS FROM `bear_config` [ RunTime:0.014179s ]
[ sql ] [ SQL ] SELECT * FROM `bear_config` [ RunTime:0.000638s ]
[ sql ] [ SQL ] SHOW COLUMNS FROM `bear_admin` [ RunTime:0.001069s ]
[ sql ] [ SQL ] SELECT * FROM `bear_admin` WHERE  `id` = 2 LIMIT 1 [ RunTime:0.010728s ]
[ sql ] [ SQL ] SHOW COLUMNS FROM `bear_group` [ RunTime:0.001098s ]
[ sql ] [ SQL ] SELECT * FROM `bear_group` WHERE  `id` = 1 LIMIT 1 [ RunTime:0.000450s ]
[ sql ] [ SQL ] SELECT * FROM `bear_group` WHERE  `id` = 1 LIMIT 1 [ RunTime:0.000344s ]
[ sql ] [ SQL ] SHOW COLUMNS FROM `bear_menu` [ RunTime:0.001757s ]
[ sql ] [ SQL ] SELECT * FROM `bear_menu` WHERE  `model` = 'Index'  AND `action` = 'index' LIMIT 1 [ RunTime:0.000530s ]
[ sql ] [ SQL ] SELECT * FROM `bear_menu` WHERE  `is_show` = 1 ORDER BY `sort` ASC [ RunTime:0.000828s ]
[ sql ] [ SQL ] SELECT * FROM `bear_menu` [ RunTime:0.000732s ]
[ sql ] [ SQL ] SELECT * FROM `bear_menu` WHERE  `model` = 'Index'  AND `action` = 'index' LIMIT 1 [ RunTime:0.000516s ]
[ sql ] [ SQL ] SELECT * FROM `bear_menu` WHERE  `model` = 'Index'  AND `extend` LIKE '%index%' LIMIT 1 [ RunTime:0.000429s ]
---------------------------------------------------------------

[2020-02-21T17:04:52+08:00] 192.168.31.181 GET nginx.youzuo.com/static/iview/iview.min.js.map
[运行时间：0.037796s] [吞吐率：26.46req/s] [内存消耗：2,232.99kb] [文件加载：86]
[ info ] [ LANG ] /www/web/youzuo/thinkphp/lang/zh-cn.php
---------------------------------------------------------------

[2020-02-21T17:04:52+08:00] 192.168.31.181 GET nginx.youzuo.com/admin/index/home.html
[运行时间：0.401342s] [吞吐率：2.49req/s] [内存消耗：4,189.07kb] [文件加载：103]
[ info ] [ LANG ] /www/web/youzuo/thinkphp/lang/zh-cn.php
[ info ] [ BIND ] 'backman'
[ info ] [ ROUTE ] array (
)
[ info ] [ HEADER ] array (
  'cookie' => 'Hm_lvt_514ab2fc3786256b672f9f1f68e9063e=1575721171; PHPSESSID=bl0llmmped2i7flc5st2p6j4p4; userId=2; login_time=1582275888',
  'accept-language' => 'zh-CN,zh;q=0.9',
  'accept-encoding' => 'gzip, deflate',
  'referer' => 'http://nginx.youzuo.com/admin/',
  'accept' => 'text/html,application/xhtml+xml,application/xml;q=0.9,image/webp,image/apng,*/*;q=0.8,application/signed-exchange;v=b3',
  'user-agent' => 'Mozilla/5.0 (Windows NT 6.1; Win64; x64) AppleWebKit/537.36 (KHTML, like Gecko) Chrome/73.0.3683.86 Safari/537.36',
  'upgrade-insecure-requests' => '1',
  'connection' => 'keep-alive',
  'host' => 'nginx.youzuo.com',
  'content-length' => '',
  'content-type' => '',
)
[ info ] [ PARAM ] array (
)
[ info ] [ DB ] INIT mysql
[ info ] [ VIEW ] /www/web/youzuo/application/backman/view/index/home.html [ array (
  0 => 'config',
  1 => 'admin',
  2 => 'adminGroup',
  3 => 'topNav',
  4 => 'pathCurrent',
  5 => 'path',
  6 => 'info',
) ]
[ sql ] [ DB ] CONNECT:[ UseTime:0.011241s ] mysql:host=127.0.0.1;dbname=youzuo;charset=utf8
[ sql ] [ SQL ] SHOW COLUMNS FROM `bear_config` [ RunTime:0.093933s ]
[ sql ] [ SQL ] SELECT * FROM `bear_config` [ RunTime:0.000541s ]
[ sql ] [ SQL ] SHOW COLUMNS FROM `bear_admin` [ RunTime:0.000842s ]
[ sql ] [ SQL ] SELECT * FROM `bear_admin` WHERE  `id` = 2 LIMIT 1 [ RunTime:0.000415s ]
[ sql ] [ SQL ] SHOW COLUMNS FROM `bear_group` [ RunTime:0.000650s ]
[ sql ] [ SQL ] SELECT * FROM `bear_group` WHERE  `id` = 1 LIMIT 1 [ RunTime:0.000414s ]
[ sql ] [ SQL ] SELECT * FROM `bear_group` WHERE  `id` = 1 LIMIT 1 [ RunTime:0.000884s ]
[ sql ] [ SQL ] SHOW COLUMNS FROM `bear_menu` [ RunTime:0.012348s ]
[ sql ] [ SQL ] SELECT * FROM `bear_menu` WHERE  `model` = 'Index'  AND `action` = 'home' LIMIT 1 [ RunTime:0.006533s ]
[ sql ] [ SQL ] SELECT * FROM `bear_menu` WHERE  `is_show` = 1 ORDER BY `sort` ASC [ RunTime:0.000787s ]
[ sql ] [ SQL ] SELECT * FROM `bear_menu` [ RunTime:0.006780s ]
[ sql ] [ SQL ] SELECT * FROM `bear_menu` WHERE  `model` = 'Index'  AND `action` = 'home' LIMIT 1 [ RunTime:0.005131s ]
[ sql ] [ SQL ] SHOW COLUMNS FROM `bear_customer` [ RunTime:0.001524s ]
[ sql ] [ SQL ] SELECT COUNT(*) AS tp_count FROM `bear_customer` WHERE  `status` >= 0 [ RunTime:0.031374s ]
[ sql ] [ SQL ] SHOW COLUMNS FROM `bear_order` [ RunTime:0.005271s ]
[ sql ] [ SQL ] SELECT COUNT(*) AS tp_count FROM `bear_order` WHERE  `status` >= 0 [ RunTime:0.000933s ]
[ sql ] [ SQL ] SELECT COUNT(*) AS tp_count FROM `bear_order` WHERE  `status` = 1 [ RunTime:0.000935s ]
[ sql ] [ SQL ] SHOW COLUMNS FROM `bear_detection` [ RunTime:0.003748s ]
[ sql ] [ SQL ] SELECT COUNT(*) AS tp_count FROM `bear_detection` WHERE  `status` >= 0 [ RunTime:0.000585s ]
[ sql ] [ SQL ] SELECT COUNT(*) AS tp_count FROM `bear_order` WHERE  `created_time` BETWEEN '2020-03-01 00:00:00' AND '2020-04-01 00:00:00' [ RunTime:0.001784s ]
[ sql ] [ SQL ] SELECT COUNT(*) AS tp_count FROM `bear_order` WHERE  `created_time` BETWEEN '2020-04-01 00:00:00' AND '2020-05-01 00:00:00' [ RunTime:0.000985s ]
[ sql ] [ SQL ] SELECT COUNT(*) AS tp_count FROM `bear_order` WHERE  `created_time` BETWEEN '2020-05-01 00:00:00' AND '2020-06-01 00:00:00' [ RunTime:0.000900s ]
[ sql ] [ SQL ] SELECT COUNT(*) AS tp_count FROM `bear_order` WHERE  `created_time` BETWEEN '2020-06-01 00:00:00' AND '2020-07-01 00:00:00' [ RunTime:0.002256s ]
[ sql ] [ SQL ] SELECT COUNT(*) AS tp_count FROM `bear_order` WHERE  `created_time` BETWEEN '2020-07-01 00:00:00' AND '2020-08-01 00:00:00' [ RunTime:0.001157s ]
[ sql ] [ SQL ] SELECT COUNT(*) AS tp_count FROM `bear_order` WHERE  `created_time` BETWEEN '2020-08-01 00:00:00' AND '2020-09-01 00:00:00' [ RunTime:0.001265s ]
[ sql ] [ SQL ] SELECT COUNT(*) AS tp_count FROM `bear_order` WHERE  `created_time` BETWEEN '2020-09-01 00:00:00' AND '2020-10-01 00:00:00' [ RunTime:0.000981s ]
[ sql ] [ SQL ] SELECT COUNT(*) AS tp_count FROM `bear_order` WHERE  `created_time` BETWEEN '2020-10-01 00:00:00' AND '2020-11-01 00:00:00' [ RunTime:0.001442s ]
[ sql ] [ SQL ] SELECT COUNT(*) AS tp_count FROM `bear_order` WHERE  `created_time` BETWEEN '2020-11-01 00:00:00' AND '2019-12-01 00:00:00' [ RunTime:0.001835s ]
[ sql ] [ SQL ] SELECT COUNT(*) AS tp_count FROM `bear_order` WHERE  `created_time` BETWEEN '2019-12-01 00:00:00' AND '2020-01-01 00:00:00' [ RunTime:0.001689s ]
[ sql ] [ SQL ] SELECT COUNT(*) AS tp_count FROM `bear_order` WHERE  `created_time` BETWEEN '2020-01-01 00:00:00' AND '2020-02-01 00:00:00' [ RunTime:0.001385s ]
[ sql ] [ SQL ] SELECT COUNT(*) AS tp_count FROM `bear_order` WHERE  `created_time` BETWEEN '2020-02-01 00:00:00' AND '2020-03-01 00:00:00' [ RunTime:0.002215s ]
---------------------------------------------------------------

[2020-02-21T17:04:52+08:00] 192.168.31.181 GET nginx.youzuo.com/admin/index/home.html
[运行时间：0.341147s] [吞吐率：2.93req/s] [内存消耗：4,189.07kb] [文件加载：103]
[ info ] [ LANG ] /www/web/youzuo/thinkphp/lang/zh-cn.php
[ info ] [ BIND ] 'backman'
[ info ] [ ROUTE ] array (
)
[ info ] [ HEADER ] array (
  'cookie' => 'Hm_lvt_514ab2fc3786256b672f9f1f68e9063e=1575721171; PHPSESSID=bl0llmmped2i7flc5st2p6j4p4; userId=2; login_time=1582275888',
  'accept-language' => 'zh-CN,zh;q=0.9',
  'accept-encoding' => 'gzip, deflate',
  'referer' => 'http://nginx.youzuo.com/admin/',
  'accept' => 'text/html,application/xhtml+xml,application/xml;q=0.9,image/webp,image/apng,*/*;q=0.8,application/signed-exchange;v=b3',
  'user-agent' => 'Mozilla/5.0 (Windows NT 6.1; Win64; x64) AppleWebKit/537.36 (KHTML, like Gecko) Chrome/73.0.3683.86 Safari/537.36',
  'upgrade-insecure-requests' => '1',
  'connection' => 'keep-alive',
  'host' => 'nginx.youzuo.com',
  'content-length' => '',
  'content-type' => '',
)
[ info ] [ PARAM ] array (
)
[ info ] [ DB ] INIT mysql
[ info ] [ VIEW ] /www/web/youzuo/application/backman/view/index/home.html [ array (
  0 => 'config',
  1 => 'admin',
  2 => 'adminGroup',
  3 => 'topNav',
  4 => 'pathCurrent',
  5 => 'path',
  6 => 'info',
) ]
[ sql ] [ DB ] CONNECT:[ UseTime:0.000669s ] mysql:host=127.0.0.1;dbname=youzuo;charset=utf8
[ sql ] [ SQL ] SHOW COLUMNS FROM `bear_config` [ RunTime:0.092877s ]
[ sql ] [ SQL ] SELECT * FROM `bear_config` [ RunTime:0.000988s ]
[ sql ] [ SQL ] SHOW COLUMNS FROM `bear_admin` [ RunTime:0.012249s ]
[ sql ] [ SQL ] SELECT * FROM `bear_admin` WHERE  `id` = 2 LIMIT 1 [ RunTime:0.000597s ]
[ sql ] [ SQL ] SHOW COLUMNS FROM `bear_group` [ RunTime:0.001403s ]
[ sql ] [ SQL ] SELECT * FROM `bear_group` WHERE  `id` = 1 LIMIT 1 [ RunTime:0.000485s ]
[ sql ] [ SQL ] SELECT * FROM `bear_group` WHERE  `id` = 1 LIMIT 1 [ RunTime:0.000416s ]
[ sql ] [ SQL ] SHOW COLUMNS FROM `bear_menu` [ RunTime:0.000857s ]
[ sql ] [ SQL ] SELECT * FROM `bear_menu` WHERE  `model` = 'Index'  AND `action` = 'home' LIMIT 1 [ RunTime:0.000405s ]
[ sql ] [ SQL ] SELECT * FROM `bear_menu` WHERE  `is_show` = 1 ORDER BY `sort` ASC [ RunTime:0.001963s ]
[ sql ] [ SQL ] SELECT * FROM `bear_menu` [ RunTime:0.001942s ]
[ sql ] [ SQL ] SELECT * FROM `bear_menu` WHERE  `model` = 'Index'  AND `action` = 'home' LIMIT 1 [ RunTime:0.000521s ]
[ sql ] [ SQL ] SHOW COLUMNS FROM `bear_customer` [ RunTime:0.000934s ]
[ sql ] [ SQL ] SELECT COUNT(*) AS tp_count FROM `bear_customer` WHERE  `status` >= 0 [ RunTime:0.030456s ]
[ sql ] [ SQL ] SHOW COLUMNS FROM `bear_order` [ RunTime:0.003707s ]
[ sql ] [ SQL ] SELECT COUNT(*) AS tp_count FROM `bear_order` WHERE  `status` >= 0 [ RunTime:0.001097s ]
[ sql ] [ SQL ] SELECT COUNT(*) AS tp_count FROM `bear_order` WHERE  `status` = 1 [ RunTime:0.001206s ]
[ sql ] [ SQL ] SHOW COLUMNS FROM `bear_detection` [ RunTime:0.004458s ]
[ sql ] [ SQL ] SELECT COUNT(*) AS tp_count FROM `bear_detection` WHERE  `status` >= 0 [ RunTime:0.002233s ]
[ sql ] [ SQL ] SELECT COUNT(*) AS tp_count FROM `bear_order` WHERE  `created_time` BETWEEN '2020-03-01 00:00:00' AND '2020-04-01 00:00:00' [ RunTime:0.001070s ]
[ sql ] [ SQL ] SELECT COUNT(*) AS tp_count FROM `bear_order` WHERE  `created_time` BETWEEN '2020-04-01 00:00:00' AND '2020-05-01 00:00:00' [ RunTime:0.000979s ]
[ sql ] [ SQL ] SELECT COUNT(*) AS tp_count FROM `bear_order` WHERE  `created_time` BETWEEN '2020-05-01 00:00:00' AND '2020-06-01 00:00:00' [ RunTime:0.001718s ]
[ sql ] [ SQL ] SELECT COUNT(*) AS tp_count FROM `bear_order` WHERE  `created_time` BETWEEN '2020-06-01 00:00:00' AND '2020-07-01 00:00:00' [ RunTime:0.001750s ]
[ sql ] [ SQL ] SELECT COUNT(*) AS tp_count FROM `bear_order` WHERE  `created_time` BETWEEN '2020-07-01 00:00:00' AND '2020-08-01 00:00:00' [ RunTime:0.001137s ]
[ sql ] [ SQL ] SELECT COUNT(*) AS tp_count FROM `bear_order` WHERE  `created_time` BETWEEN '2020-08-01 00:00:00' AND '2020-09-01 00:00:00' [ RunTime:0.000863s ]
[ sql ] [ SQL ] SELECT COUNT(*) AS tp_count FROM `bear_order` WHERE  `created_time` BETWEEN '2020-09-01 00:00:00' AND '2020-10-01 00:00:00' [ RunTime:0.000954s ]
[ sql ] [ SQL ] SELECT COUNT(*) AS tp_count FROM `bear_order` WHERE  `created_time` BETWEEN '2020-10-01 00:00:00' AND '2020-11-01 00:00:00' [ RunTime:0.002043s ]
[ sql ] [ SQL ] SELECT COUNT(*) AS tp_count FROM `bear_order` WHERE  `created_time` BETWEEN '2020-11-01 00:00:00' AND '2019-12-01 00:00:00' [ RunTime:0.001637s ]
[ sql ] [ SQL ] SELECT COUNT(*) AS tp_count FROM `bear_order` WHERE  `created_time` BETWEEN '2019-12-01 00:00:00' AND '2020-01-01 00:00:00' [ RunTime:0.001332s ]
[ sql ] [ SQL ] SELECT COUNT(*) AS tp_count FROM `bear_order` WHERE  `created_time` BETWEEN '2020-01-01 00:00:00' AND '2020-02-01 00:00:00' [ RunTime:0.001635s ]
[ sql ] [ SQL ] SELECT COUNT(*) AS tp_count FROM `bear_order` WHERE  `created_time` BETWEEN '2020-02-01 00:00:00' AND '2020-03-01 00:00:00' [ RunTime:0.003920s ]
---------------------------------------------------------------

[2020-02-21T17:04:52+08:00] 192.168.31.181 GET nginx.youzuo.com/static/iview/iview.min.js.map
[运行时间：0.053333s] [吞吐率：18.75req/s] [内存消耗：2,232.99kb] [文件加载：86]
[ info ] [ LANG ] /www/web/youzuo/thinkphp/lang/zh-cn.php
---------------------------------------------------------------

[2020-02-21T17:04:54+08:00] 192.168.31.181 GET nginx.youzuo.com/admin/order/index.html
[运行时间：0.227383s] [吞吐率：4.40req/s] [内存消耗：4,659.77kb] [文件加载：106]
[ info ] [ LANG ] /www/web/youzuo/thinkphp/lang/zh-cn.php
[ info ] [ BIND ] 'backman'
[ info ] [ ROUTE ] array (
)
[ info ] [ HEADER ] array (
  'cookie' => 'Hm_lvt_514ab2fc3786256b672f9f1f68e9063e=1575721171; PHPSESSID=bl0llmmped2i7flc5st2p6j4p4; userId=2; login_time=1582275888',
  'accept-language' => 'zh-CN,zh;q=0.9',
  'accept-encoding' => 'gzip, deflate',
  'referer' => 'http://nginx.youzuo.com/admin/',
  'accept' => 'text/html,application/xhtml+xml,application/xml;q=0.9,image/webp,image/apng,*/*;q=0.8,application/signed-exchange;v=b3',
  'user-agent' => 'Mozilla/5.0 (Windows NT 6.1; Win64; x64) AppleWebKit/537.36 (KHTML, like Gecko) Chrome/73.0.3683.86 Safari/537.36',
  'upgrade-insecure-requests' => '1',
  'connection' => 'keep-alive',
  'host' => 'nginx.youzuo.com',
  'content-length' => '',
  'content-type' => '',
)
[ info ] [ PARAM ] array (
)
[ info ] [ DB ] INIT mysql
[ info ] [ VIEW ] /www/web/youzuo/application/backman/view/order/index.html [ array (
  0 => 'config',
  1 => 'admin',
  2 => 'adminGroup',
  3 => 'topNav',
  4 => 'pathCurrent',
  5 => 'path',
  6 => 'totalNum',
  7 => 'customer',
  8 => 'detection',
  9 => 'goods',
) ]
[ sql ] [ DB ] CONNECT:[ UseTime:0.000929s ] mysql:host=127.0.0.1;dbname=youzuo;charset=utf8
[ sql ] [ SQL ] SHOW COLUMNS FROM `bear_config` [ RunTime:0.021313s ]
[ sql ] [ SQL ] SELECT * FROM `bear_config` [ RunTime:0.009668s ]
[ sql ] [ SQL ] SHOW COLUMNS FROM `bear_admin` [ RunTime:0.001784s ]
[ sql ] [ SQL ] SELECT * FROM `bear_admin` WHERE  `id` = 2 LIMIT 1 [ RunTime:0.000886s ]
[ sql ] [ SQL ] SHOW COLUMNS FROM `bear_group` [ RunTime:0.009012s ]
[ sql ] [ SQL ] SELECT * FROM `bear_group` WHERE  `id` = 1 LIMIT 1 [ RunTime:0.008915s ]
[ sql ] [ SQL ] SELECT * FROM `bear_group` WHERE  `id` = 1 LIMIT 1 [ RunTime:0.000748s ]
[ sql ] [ SQL ] SHOW COLUMNS FROM `bear_menu` [ RunTime:0.001717s ]
[ sql ] [ SQL ] SELECT * FROM `bear_menu` WHERE  `model` = 'Order'  AND `action` = 'index' LIMIT 1 [ RunTime:0.001056s ]
[ sql ] [ SQL ] SELECT * FROM `bear_menu` WHERE  `is_show` = 1 ORDER BY `sort` ASC [ RunTime:0.001743s ]
[ sql ] [ SQL ] SELECT * FROM `bear_menu` [ RunTime:0.000787s ]
[ sql ] [ SQL ] SELECT * FROM `bear_menu` WHERE  `model` = 'Order'  AND `action` = 'index' LIMIT 1 [ RunTime:0.000530s ]
[ sql ] [ SQL ] SHOW COLUMNS FROM `bear_order` [ RunTime:0.001998s ]
[ sql ] [ SQL ] SELECT COUNT(*) AS tp_count FROM `bear_order` `o` WHERE  `o`.`id` <> 0 [ RunTime:0.000743s ]
[ sql ] [ SQL ] SHOW COLUMNS FROM `bear_customer` [ RunTime:0.002627s ]
[ sql ] [ SQL ] SELECT `id`,`customer_name` FROM `bear_customer` WHERE  `status` = 1 [ RunTime:0.000838s ]
[ sql ] [ SQL ] SHOW COLUMNS FROM `bear_goods` [ RunTime:0.001620s ]
[ sql ] [ SQL ] SELECT `id`,`title` FROM `bear_goods` WHERE  `status` = 1 [ RunTime:0.000758s ]
[ sql ] [ SQL ] SHOW COLUMNS FROM `bear_detection` [ RunTime:0.001003s ]
[ sql ] [ SQL ] SELECT `id`,`name` FROM `bear_detection` WHERE  `status` = 1 [ RunTime:0.000528s ]
---------------------------------------------------------------

[2020-02-21T17:04:55+08:00] 192.168.31.181 GET nginx.youzuo.com/static/iview/iview.min.js.map
[运行时间：0.047399s] [吞吐率：21.10req/s] [内存消耗：2,232.99kb] [文件加载：86]
[ info ] [ LANG ] /www/web/youzuo/thinkphp/lang/zh-cn.php
---------------------------------------------------------------

[2020-02-21T17:04:55+08:00] 192.168.31.181 GET nginx.youzuo.com/admin/order/index.html?page=1&limit=10
[运行时间：0.262990s] [吞吐率：3.80req/s] [内存消耗：4,376.39kb] [文件加载：104]
[ info ] [ LANG ] /www/web/youzuo/thinkphp/lang/zh-cn.php
[ info ] [ BIND ] 'backman'
[ info ] [ ROUTE ] array (
)
[ info ] [ HEADER ] array (
  'cookie' => 'Hm_lvt_514ab2fc3786256b672f9f1f68e9063e=1575721171; PHPSESSID=bl0llmmped2i7flc5st2p6j4p4; userId=2; login_time=1582275888',
  'accept-language' => 'zh-CN,zh;q=0.9',
  'accept-encoding' => 'gzip, deflate',
  'referer' => 'http://nginx.youzuo.com/admin/order/index.html',
  'user-agent' => 'Mozilla/5.0 (Windows NT 6.1; Win64; x64) AppleWebKit/537.36 (KHTML, like Gecko) Chrome/73.0.3683.86 Safari/537.36',
  'x-requested-with' => 'XMLHttpRequest',
  'accept' => 'application/json, text/javascript, */*; q=0.01',
  'connection' => 'keep-alive',
  'host' => 'nginx.youzuo.com',
  'content-length' => '',
  'content-type' => '',
)
[ info ] [ PARAM ] array (
  'page' => '1',
  'limit' => '10',
)
[ info ] [ DB ] INIT mysql
[ sql ] [ DB ] CONNECT:[ UseTime:0.001013s ] mysql:host=127.0.0.1;dbname=youzuo;charset=utf8
[ sql ] [ SQL ] SHOW COLUMNS FROM `bear_config` [ RunTime:0.043725s ]
[ sql ] [ SQL ] SELECT * FROM `bear_config` [ RunTime:0.001105s ]
[ sql ] [ SQL ] SHOW COLUMNS FROM `bear_admin` [ RunTime:0.001889s ]
[ sql ] [ SQL ] SELECT * FROM `bear_admin` WHERE  `id` = 2 LIMIT 1 [ RunTime:0.000816s ]
[ sql ] [ SQL ] SHOW COLUMNS FROM `bear_group` [ RunTime:0.009150s ]
[ sql ] [ SQL ] SELECT * FROM `bear_group` WHERE  `id` = 1 LIMIT 1 [ RunTime:0.000649s ]
[ sql ] [ SQL ] SELECT * FROM `bear_group` WHERE  `id` = 1 LIMIT 1 [ RunTime:0.000474s ]
[ sql ] [ SQL ] SHOW COLUMNS FROM `bear_menu` [ RunTime:0.001996s ]
[ sql ] [ SQL ] SELECT * FROM `bear_menu` WHERE  `model` = 'Order'  AND `action` = 'index' LIMIT 1 [ RunTime:0.000656s ]
[ sql ] [ SQL ] SELECT * FROM `bear_menu` WHERE  `is_show` = 1 ORDER BY `sort` ASC [ RunTime:0.001961s ]
[ sql ] [ SQL ] SELECT * FROM `bear_menu` [ RunTime:0.000757s ]
[ sql ] [ SQL ] SELECT * FROM `bear_menu` WHERE  `model` = 'Order'  AND `action` = 'index' LIMIT 1 [ RunTime:0.000520s ]
[ sql ] [ SQL ] SHOW COLUMNS FROM `bear_order` [ RunTime:0.001847s ]
[ sql ] [ SQL ] SELECT COUNT(*) AS tp_count FROM `bear_order` `o` WHERE  `o`.`id` <> 0 [ RunTime:0.000625s ]
[ sql ] [ SQL ] SHOW COLUMNS FROM `bear_customer` [ RunTime:0.001445s ]
[ sql ] [ SQL ] SELECT `id`,`customer_name` FROM `bear_customer` WHERE  `status` = 1 [ RunTime:0.003006s ]
[ sql ] [ SQL ] SHOW COLUMNS FROM `bear_goods` [ RunTime:0.001958s ]
[ sql ] [ SQL ] SELECT `id`,`title` FROM `bear_goods` WHERE  `status` = 1 [ RunTime:0.000755s ]
[ sql ] [ SQL ] SHOW COLUMNS FROM `bear_detection` [ RunTime:0.018363s ]
[ sql ] [ SQL ] SELECT `id`,`name` FROM `bear_detection` WHERE  `status` = 1 [ RunTime:0.000655s ]
[ sql ] [ SQL ] SELECT `o`.`id`,`o`.`order_sn`,`o`.`cid`,`o`.`gid`,`o`.`did`,`o`.`gsid`,`o`.`sid`,`o`.`s_type`,`o`.`spec`,`o`.`supplier`,`o`.`machine`,`o`.`composition`,`o`.`status`,`o`.`engding`,`o`.`remark`,`o`.`is_show`,`o`.`created_time`,`o`.`updated_time`,`o`.`test_type`,`o`.`contract_sn` FROM `bear_order` `o` WHERE  `o`.`id` <> 0 ORDER BY `o`.`id` DESC LIMIT 0,10 [ RunTime:0.000978s ]
[ sql ] [ SQL ] SELECT `customer_name` FROM `bear_customer` WHERE  `id` = 15 LIMIT 1 [ RunTime:0.000606s ]
[ sql ] [ SQL ] SELECT `title`,`good_sn` FROM `bear_goods` WHERE  `id` = 15 LIMIT 1 [ RunTime:0.000473s ]
[ sql ] [ SQL ] SELECT `name` FROM `bear_detection` WHERE  `id` = 16 LIMIT 1 [ RunTime:0.000340s ]
[ sql ] [ SQL ] SHOW COLUMNS FROM `bear_order_test_type` [ RunTime:0.002960s ]
[ sql ] [ SQL ] SELECT `name` FROM `bear_order_test_type` WHERE  `id` = 9 LIMIT 1 [ RunTime:0.000617s ]
[ sql ] [ SQL ] SELECT `name` FROM `bear_detection` WHERE  `id` = 16 LIMIT 1 [ RunTime:0.000489s ]
[ sql ] [ SQL ] SELECT `name` FROM `bear_detection` WHERE  `id` = 16 LIMIT 1 [ RunTime:0.000367s ]
[ sql ] [ SQL ] SELECT `customer_name` FROM `bear_customer` WHERE  `id` = 7 LIMIT 1 [ RunTime:0.000331s ]
[ sql ] [ SQL ] SELECT `title`,`good_sn` FROM `bear_goods` WHERE  `id` = 15 LIMIT 1 [ RunTime:0.000501s ]
[ sql ] [ SQL ] SELECT `name` FROM `bear_detection` WHERE  `id` = 13 LIMIT 1 [ RunTime:0.000512s ]
[ sql ] [ SQL ] SELECT `name` FROM `bear_order_test_type` WHERE  `id` = 11 LIMIT 1 [ RunTime:0.000478s ]
[ sql ] [ SQL ] SELECT `name` FROM `bear_detection` WHERE  `id` = 13 LIMIT 1 [ RunTime:0.000377s ]
[ sql ] [ SQL ] SELECT `name` FROM `bear_detection` WHERE  `id` = 13 LIMIT 1 [ RunTime:0.000373s ]
[ sql ] [ SQL ] SELECT `customer_name` FROM `bear_customer` WHERE  `id` = 15 LIMIT 1 [ RunTime:0.000341s ]
[ sql ] [ SQL ] SELECT `title`,`good_sn` FROM `bear_goods` WHERE  `id` = 15 LIMIT 1 [ RunTime:0.000485s ]
[ sql ] [ SQL ] SELECT `name` FROM `bear_detection` WHERE  `id` = 16 LIMIT 1 [ RunTime:0.000544s ]
[ sql ] [ SQL ] SELECT `name` FROM `bear_order_test_type` WHERE  `id` = 9 LIMIT 1 [ RunTime:0.000336s ]
[ sql ] [ SQL ] SELECT `name` FROM `bear_detection` WHERE  `id` = 16 LIMIT 1 [ RunTime:0.000376s ]
[ sql ] [ SQL ] SELECT `name` FROM `bear_detection` WHERE  `id` = 16 LIMIT 1 [ RunTime:0.000332s ]
[ sql ] [ SQL ] SELECT `customer_name` FROM `bear_customer` WHERE  `id` = 7 LIMIT 1 [ RunTime:0.000429s ]
[ sql ] [ SQL ] SELECT `title`,`good_sn` FROM `bear_goods` WHERE  `id` = 4 LIMIT 1 [ RunTime:0.000515s ]
[ sql ] [ SQL ] SELECT `name` FROM `bear_detection` WHERE  `id` = 16 LIMIT 1 [ RunTime:0.000549s ]
[ sql ] [ SQL ] SELECT `name` FROM `bear_order_test_type` WHERE  `id` = 0 LIMIT 1 [ RunTime:0.000401s ]
[ sql ] [ SQL ] SELECT `name` FROM `bear_detection` WHERE  `id` = 16 LIMIT 1 [ RunTime:0.001688s ]
[ sql ] [ SQL ] SELECT `name` FROM `bear_detection` WHERE  `id` = 16 LIMIT 1 [ RunTime:0.000938s ]
[ sql ] [ SQL ] SELECT `customer_name` FROM `bear_customer` WHERE  `id` IS NULL LIMIT 1 [ RunTime:0.000641s ]
[ sql ] [ SQL ] SELECT `title`,`good_sn` FROM `bear_goods` WHERE  `id` IS NULL LIMIT 1 [ RunTime:0.000305s ]
[ sql ] [ SQL ] SELECT `name` FROM `bear_detection` WHERE  `id` IS NULL LIMIT 1 [ RunTime:0.000286s ]
[ sql ] [ SQL ] SELECT `name` FROM `bear_order_test_type` WHERE  `id` = 0 LIMIT 1 [ RunTime:0.000371s ]
[ sql ] [ SQL ] SELECT `name` FROM `bear_detection` WHERE  `id` IS NULL LIMIT 1 [ RunTime:0.000333s ]
[ sql ] [ SQL ] SELECT `name` FROM `bear_detection` WHERE  `id` IS NULL LIMIT 1 [ RunTime:0.000291s ]
[ sql ] [ SQL ] SELECT `customer_name` FROM `bear_customer` WHERE  `id` = 7 LIMIT 1 [ RunTime:0.000497s ]
[ sql ] [ SQL ] SELECT `title`,`good_sn` FROM `bear_goods` WHERE  `id` = 15 LIMIT 1 [ RunTime:0.000748s ]
[ sql ] [ SQL ] SELECT `name` FROM `bear_detection` WHERE  `id` = 14 LIMIT 1 [ RunTime:0.000614s ]
[ sql ] [ SQL ] SELECT `name` FROM `bear_order_test_type` WHERE  `id` = 10 LIMIT 1 [ RunTime:0.000363s ]
[ sql ] [ SQL ] SELECT `name` FROM `bear_detection` WHERE  `id` = 14 LIMIT 1 [ RunTime:0.000554s ]
[ sql ] [ SQL ] SELECT `name` FROM `bear_detection` WHERE  `id` = 14 LIMIT 1 [ RunTime:0.000403s ]
[ sql ] [ SQL ] SELECT `customer_name` FROM `bear_customer` WHERE  `id` = 1 LIMIT 1 [ RunTime:0.000389s ]
[ sql ] [ SQL ] SELECT `title`,`good_sn` FROM `bear_goods` WHERE  `id` = 2 LIMIT 1 [ RunTime:0.000582s ]
[ sql ] [ SQL ] SELECT `name` FROM `bear_detection` WHERE  `id` = 3 LIMIT 1 [ RunTime:0.000365s ]
[ sql ] [ SQL ] SELECT `name` FROM `bear_order_test_type` WHERE  `id` = 0 LIMIT 1 [ RunTime:0.000349s ]
[ sql ] [ SQL ] SELECT `name` FROM `bear_detection` WHERE  `id` = 3 LIMIT 1 [ RunTime:0.000497s ]
[ sql ] [ SQL ] SELECT `name` FROM `bear_detection` WHERE  `id` = 3 LIMIT 1 [ RunTime:0.001080s ]
[ sql ] [ SQL ] SELECT `customer_name` FROM `bear_customer` WHERE  `id` = 15 LIMIT 1 [ RunTime:0.001248s ]
[ sql ] [ SQL ] SELECT `title`,`good_sn` FROM `bear_goods` WHERE  `id` = 15 LIMIT 1 [ RunTime:0.000693s ]
[ sql ] [ SQL ] SELECT `name` FROM `bear_detection` WHERE  `id` = 16 LIMIT 1 [ RunTime:0.000571s ]
[ sql ] [ SQL ] SELECT `name` FROM `bear_order_test_type` WHERE  `id` = 9 LIMIT 1 [ RunTime:0.000360s ]
[ sql ] [ SQL ] SELECT `customer_name` FROM `bear_customer` WHERE  `id` = 7 LIMIT 1 [ RunTime:0.000596s ]
[ sql ] [ SQL ] SELECT `title`,`good_sn` FROM `bear_goods` WHERE  `id` = 15 LIMIT 1 [ RunTime:0.000912s ]
[ sql ] [ SQL ] SELECT `name` FROM `bear_detection` WHERE  `id` = 13 LIMIT 1 [ RunTime:0.000766s ]
[ sql ] [ SQL ] SELECT `name` FROM `bear_order_test_type` WHERE  `id` = 11 LIMIT 1 [ RunTime:0.000891s ]
[ sql ] [ SQL ] SELECT `customer_name` FROM `bear_customer` WHERE  `id` = 15 LIMIT 1 [ RunTime:0.000710s ]
[ sql ] [ SQL ] SELECT `title`,`good_sn` FROM `bear_goods` WHERE  `id` = 15 LIMIT 1 [ RunTime:0.000647s ]
[ sql ] [ SQL ] SELECT `name` FROM `bear_detection` WHERE  `id` = 16 LIMIT 1 [ RunTime:0.000568s ]
[ sql ] [ SQL ] SELECT `name` FROM `bear_order_test_type` WHERE  `id` = 9 LIMIT 1 [ RunTime:0.000507s ]
[ sql ] [ SQL ] SELECT `customer_name` FROM `bear_customer` WHERE  `id` = 7 LIMIT 1 [ RunTime:0.000473s ]
[ sql ] [ SQL ] SELECT `title`,`good_sn` FROM `bear_goods` WHERE  `id` = 4 LIMIT 1 [ RunTime:0.000593s ]
[ sql ] [ SQL ] SELECT `name` FROM `bear_detection` WHERE  `id` = 16 LIMIT 1 [ RunTime:0.000366s ]
[ sql ] [ SQL ] SELECT `name` FROM `bear_order_test_type` WHERE  `id` = 0 LIMIT 1 [ RunTime:0.000397s ]
[ sql ] [ SQL ] SELECT `customer_name` FROM `bear_customer` WHERE  `id` IS NULL LIMIT 1 [ RunTime:0.000497s ]
[ sql ] [ SQL ] SELECT `title`,`good_sn` FROM `bear_goods` WHERE  `id` IS NULL LIMIT 1 [ RunTime:0.000528s ]
[ sql ] [ SQL ] SELECT `name` FROM `bear_detection` WHERE  `id` IS NULL LIMIT 1 [ RunTime:0.000434s ]
[ sql ] [ SQL ] SELECT `name` FROM `bear_order_test_type` WHERE  `id` = 0 LIMIT 1 [ RunTime:0.001322s ]
[ sql ] [ SQL ] SELECT `customer_name` FROM `bear_customer` WHERE  `id` = 7 LIMIT 1 [ RunTime:0.000475s ]
[ sql ] [ SQL ] SELECT `title`,`good_sn` FROM `bear_goods` WHERE  `id` = 15 LIMIT 1 [ RunTime:0.000543s ]
[ sql ] [ SQL ] SELECT `name` FROM `bear_detection` WHERE  `id` = 14 LIMIT 1 [ RunTime:0.000493s ]
[ sql ] [ SQL ] SELECT `name` FROM `bear_order_test_type` WHERE  `id` = 10 LIMIT 1 [ RunTime:0.000423s ]
[ sql ] [ SQL ] SELECT `customer_name` FROM `bear_customer` WHERE  `id` = 1 LIMIT 1 [ RunTime:0.000514s ]
[ sql ] [ SQL ] SELECT `title`,`good_sn` FROM `bear_goods` WHERE  `id` = 2 LIMIT 1 [ RunTime:0.000588s ]
[ sql ] [ SQL ] SELECT `name` FROM `bear_detection` WHERE  `id` = 3 LIMIT 1 [ RunTime:0.000503s ]
[ sql ] [ SQL ] SELECT `name` FROM `bear_order_test_type` WHERE  `id` = 0 LIMIT 1 [ RunTime:0.000329s ]
---------------------------------------------------------------

[2020-02-21T17:05:20+08:00] 192.168.31.181 POST nginx.youzuo.com/api/Detection/spec?=&=258&=-1
[运行时间：15.887135s] [吞吐率：0.06req/s] [内存消耗：3,877.28kb] [文件加载：99]
[ info ] [ LANG ] /www/web/youzuo/thinkphp/lang/zh-cn.php
[ info ] [ ROUTE ] array (
)
[ info ] [ HEADER ] array (
  'connection' => 'keep-alive',
  'content-length' => '370',
  'accept-encoding' => 'gzip, deflate, br',
  'content-type' => 'multipart/form-data; boundary=--------------------------503102832332219065853296',
  'host' => 'nginx.youzuo.com',
  'postman-token' => '93b9f324-d037-4aad-b4f6-3538cb436ec5',
  'cache-control' => 'no-cache',
  'accept' => '*/*',
  'user-agent' => 'PostmanRuntime/7.22.0',
  'userinfo' => 'bf69onJTAwoEdtUtg2CMeWBcD0oYsIKXwJZBGIaNrwcskHjGkQ+D0LnN3Z3ywleuWObEiECSWpa2QOeYU2e9hORp8pVMB+2p',
)
[ info ] [ PARAM ] array (
  'dsid' => '42',
  'id' => '258',
  'sort' => '-1',
)
[ info ] [ DB ] INIT mysql
[ sql ] [ DB ] CONNECT:[ UseTime:0.000626s ] mysql:host=127.0.0.1;dbname=youzuo;charset=utf8
[ sql ] [ SQL ] SHOW COLUMNS FROM `bear_config` [ RunTime:0.020503s ]
[ sql ] [ SQL ] SELECT * FROM `bear_config` WHERE  `is_sys` = 1 [ RunTime:0.000588s ]
[ sql ] [ SQL ] SELECT `value` FROM `bear_config` WHERE  `name` = 'QNcdn' LIMIT 1 [ RunTime:0.008138s ]
[ sql ] [ SQL ] SHOW COLUMNS FROM `bear_staff_power` [ RunTime:0.001353s ]
[ sql ] [ SQL ] SELECT * FROM `bear_staff_power` WHERE  `is_show` = 1 [ RunTime:0.000498s ]
[ sql ] [ SQL ] SHOW COLUMNS FROM `bear_staff` [ RunTime:0.000771s ]
[ sql ] [ SQL ] SELECT `power` FROM `bear_staff` WHERE  `id` = 1 [ RunTime:0.000477s ]
---------------------------------------------------------------

[2020-02-21T17:06:14+08:00] 192.168.31.181 POST nginx.youzuo.com/api/Detection/spec?=&=258&=-1
[运行时间：20.616300s] [吞吐率：0.05req/s] [内存消耗：3,921.49kb] [文件加载：103]
[ info ] [ LANG ] /www/web/youzuo/thinkphp/lang/zh-cn.php
[ info ] [ ROUTE ] array (
)
[ info ] [ HEADER ] array (
  'connection' => 'keep-alive',
  'content-length' => '370',
  'accept-encoding' => 'gzip, deflate, br',
  'content-type' => 'multipart/form-data; boundary=--------------------------783698697123603459718823',
  'host' => 'nginx.youzuo.com',
  'postman-token' => 'e803ee4a-6e7e-44bd-ad7d-9979836af07b',
  'cache-control' => 'no-cache',
  'accept' => '*/*',
  'user-agent' => 'PostmanRuntime/7.22.0',
  'userinfo' => 'bf69onJTAwoEdtUtg2CMeWBcD0oYsIKXwJZBGIaNrwcskHjGkQ+D0LnN3Z3ywleuWObEiECSWpa2QOeYU2e9hORp8pVMB+2p',
)
[ info ] [ PARAM ] array (
  'dsid' => '42',
  'id' => '258',
  'sort' => '-1',
)
[ info ] [ DB ] INIT mysql
[ sql ] [ DB ] CONNECT:[ UseTime:0.000802s ] mysql:host=127.0.0.1;dbname=youzuo;charset=utf8
[ sql ] [ SQL ] SHOW COLUMNS FROM `bear_config` [ RunTime:0.043502s ]
[ sql ] [ SQL ] SELECT * FROM `bear_config` WHERE  `is_sys` = 1 [ RunTime:0.000970s ]
[ sql ] [ SQL ] SELECT `value` FROM `bear_config` WHERE  `name` = 'QNcdn' LIMIT 1 [ RunTime:0.000633s ]
[ sql ] [ SQL ] SHOW COLUMNS FROM `bear_staff_power` [ RunTime:0.001634s ]
[ sql ] [ SQL ] SELECT * FROM `bear_staff_power` WHERE  `is_show` = 1 [ RunTime:0.006799s ]
[ sql ] [ SQL ] SHOW COLUMNS FROM `bear_staff` [ RunTime:0.003445s ]
[ sql ] [ SQL ] SELECT `power` FROM `bear_staff` WHERE  `id` = 1 [ RunTime:0.000912s ]
[ error ] [2]get_headers(): php_network_getaddresses: getaddrinfo failed: Name or service not known[/www/web/youzuo/application/common.php:929]
[ error ] [2]get_headers(http://yzqny.osd-asia.com/static/images/9bedb54db2f801787a7f490d63e9989.png): failed to open stream: php_network_getaddresses: getaddrinfo failed: Name or service not known[/www/web/youzuo/application/common.php:929]
---------------------------------------------------------------

[2020-02-21T17:06:33+08:00] 192.168.31.181 POST nginx.youzuo.com/api/Detection/spec?=&=258&=-1
[运行时间：1.597419s] [吞吐率：0.63req/s] [内存消耗：3,881.34kb] [文件加载：99]
[ info ] [ LANG ] /www/web/youzuo/thinkphp/lang/zh-cn.php
[ info ] [ ROUTE ] array (
)
[ info ] [ HEADER ] array (
  'connection' => 'keep-alive',
  'content-length' => '370',
  'accept-encoding' => 'gzip, deflate, br',
  'content-type' => 'multipart/form-data; boundary=--------------------------327179163578256893707613',
  'host' => 'nginx.youzuo.com',
  'postman-token' => 'f176131d-08a8-4c3c-9997-b98a06dbd24a',
  'cache-control' => 'no-cache',
  'accept' => '*/*',
  'user-agent' => 'PostmanRuntime/7.22.0',
  'userinfo' => 'bf69onJTAwoEdtUtg2CMeWBcD0oYsIKXwJZBGIaNrwcskHjGkQ+D0LnN3Z3ywleuWObEiECSWpa2QOeYU2e9hORp8pVMB+2p',
)
[ info ] [ PARAM ] array (
  'dsid' => '42',
  'id' => '258',
  'sort' => '-1',
)
[ info ] [ DB ] INIT mysql
[ sql ] [ DB ] CONNECT:[ UseTime:0.000645s ] mysql:host=127.0.0.1;dbname=youzuo;charset=utf8
[ sql ] [ SQL ] SHOW COLUMNS FROM `bear_config` [ RunTime:0.075857s ]
[ sql ] [ SQL ] SELECT * FROM `bear_config` WHERE  `is_sys` = 1 [ RunTime:0.000593s ]
[ sql ] [ SQL ] SELECT `value` FROM `bear_config` WHERE  `name` = 'QNcdn' LIMIT 1 [ RunTime:0.000420s ]
[ sql ] [ SQL ] SHOW COLUMNS FROM `bear_staff_power` [ RunTime:0.024345s ]
[ sql ] [ SQL ] SELECT * FROM `bear_staff_power` WHERE  `is_show` = 1 [ RunTime:0.000502s ]
[ sql ] [ SQL ] SHOW COLUMNS FROM `bear_staff` [ RunTime:0.007708s ]
[ sql ] [ SQL ] SELECT `power` FROM `bear_staff` WHERE  `id` = 1 [ RunTime:0.000463s ]
---------------------------------------------------------------

[2020-02-21T17:06:55+08:00] 192.168.31.181 POST nginx.youzuo.com/api/Detection/spec?=&=258&=-1
[运行时间：6.779789s] [吞吐率：0.15req/s] [内存消耗：3,883.85kb] [文件加载：100]
[ info ] [ LANG ] /www/web/youzuo/thinkphp/lang/zh-cn.php
[ info ] [ ROUTE ] array (
)
[ info ] [ HEADER ] array (
  'connection' => 'keep-alive',
  'content-length' => '370',
  'accept-encoding' => 'gzip, deflate, br',
  'content-type' => 'multipart/form-data; boundary=--------------------------852483133740439413102821',
  'host' => 'nginx.youzuo.com',
  'postman-token' => 'a75bb475-4e06-4313-b272-42a2df8f98f8',
  'cache-control' => 'no-cache',
  'accept' => '*/*',
  'user-agent' => 'PostmanRuntime/7.22.0',
  'userinfo' => 'bf69onJTAwoEdtUtg2CMeWBcD0oYsIKXwJZBGIaNrwcskHjGkQ+D0LnN3Z3ywleuWObEiECSWpa2QOeYU2e9hORp8pVMB+2p',
)
[ info ] [ PARAM ] array (
  'dsid' => '42',
  'id' => '258',
  'sort' => '-1',
)
[ info ] [ DB ] INIT mysql
[ sql ] [ DB ] CONNECT:[ UseTime:0.000830s ] mysql:host=127.0.0.1;dbname=youzuo;charset=utf8
[ sql ] [ SQL ] SHOW COLUMNS FROM `bear_config` [ RunTime:0.034666s ]
[ sql ] [ SQL ] SELECT * FROM `bear_config` WHERE  `is_sys` = 1 [ RunTime:0.000504s ]
[ sql ] [ SQL ] SELECT `value` FROM `bear_config` WHERE  `name` = 'QNcdn' LIMIT 1 [ RunTime:0.000391s ]
[ sql ] [ SQL ] SHOW COLUMNS FROM `bear_staff_power` [ RunTime:0.001545s ]
[ sql ] [ SQL ] SELECT * FROM `bear_staff_power` WHERE  `is_show` = 1 [ RunTime:0.000870s ]
[ sql ] [ SQL ] SHOW COLUMNS FROM `bear_staff` [ RunTime:0.001101s ]
[ sql ] [ SQL ] SELECT `power` FROM `bear_staff` WHERE  `id` = 1 [ RunTime:0.000582s ]
---------------------------------------------------------------

[2020-02-21T17:07:52+08:00] 192.168.31.181 POST nginx.youzuo.com/api/Detection/spec?=&=258&=-1
[运行时间：1.208792s] [吞吐率：0.83req/s] [内存消耗：3,882.49kb] [文件加载：100]
[ info ] [ LANG ] /www/web/youzuo/thinkphp/lang/zh-cn.php
[ info ] [ ROUTE ] array (
)
[ info ] [ HEADER ] array (
  'connection' => 'keep-alive',
  'content-length' => '30',
  'accept-encoding' => 'gzip, deflate, br',
  'host' => 'nginx.youzuo.com',
  'postman-token' => '2461fcf1-6121-4b6e-8ae8-db873ae75aab',
  'cache-control' => 'no-cache',
  'accept' => '*/*',
  'user-agent' => 'PostmanRuntime/7.22.0',
  'content-type' => 'text/plain',
  'userinfo' => 'bf69onJTAwoEdtUtg2CMeWBcD0oYsIKXwJZBGIaNrwcskHjGkQ+D0LnN3Z3ywleuWObEiECSWpa2QOeYU2e9hORp8pVMB+2p',
)
[ info ] [ PARAM ] array (
)
[ info ] [ DB ] INIT mysql
[ sql ] [ DB ] CONNECT:[ UseTime:0.000700s ] mysql:host=127.0.0.1;dbname=youzuo;charset=utf8
[ sql ] [ SQL ] SHOW COLUMNS FROM `bear_config` [ RunTime:0.040789s ]
[ sql ] [ SQL ] SELECT * FROM `bear_config` WHERE  `is_sys` = 1 [ RunTime:0.000781s ]
[ sql ] [ SQL ] SELECT `value` FROM `bear_config` WHERE  `name` = 'QNcdn' LIMIT 1 [ RunTime:0.008652s ]
[ sql ] [ SQL ] SHOW COLUMNS FROM `bear_staff_power` [ RunTime:0.007943s ]
[ sql ] [ SQL ] SELECT * FROM `bear_staff_power` WHERE  `is_show` = 1 [ RunTime:0.001409s ]
[ sql ] [ SQL ] SHOW COLUMNS FROM `bear_staff` [ RunTime:0.002818s ]
[ sql ] [ SQL ] SELECT `power` FROM `bear_staff` WHERE  `id` = 1 [ RunTime:0.000544s ]
---------------------------------------------------------------

[2020-02-21T17:08:02+08:00] 192.168.31.181 POST nginx.youzuo.com/api/Detection/spec?=&=258&=-1
[运行时间：6.916459s] [吞吐率：0.14req/s] [内存消耗：3,882.49kb] [文件加载：100]
[ info ] [ LANG ] /www/web/youzuo/thinkphp/lang/zh-cn.php
[ info ] [ ROUTE ] array (
)
[ info ] [ HEADER ] array (
  'connection' => 'keep-alive',
  'content-length' => '30',
  'accept-encoding' => 'gzip, deflate, br',
  'host' => 'nginx.youzuo.com',
  'postman-token' => 'b6072a4b-0d09-4696-99b0-a825219d619c',
  'cache-control' => 'no-cache',
  'accept' => '*/*',
  'user-agent' => 'PostmanRuntime/7.22.0',
  'content-type' => 'text/plain',
  'userinfo' => 'bf69onJTAwoEdtUtg2CMeWBcD0oYsIKXwJZBGIaNrwcskHjGkQ+D0LnN3Z3ywleuWObEiECSWpa2QOeYU2e9hORp8pVMB+2p',
)
[ info ] [ PARAM ] array (
)
[ info ] [ DB ] INIT mysql
[ sql ] [ DB ] CONNECT:[ UseTime:0.000802s ] mysql:host=127.0.0.1;dbname=youzuo;charset=utf8
[ sql ] [ SQL ] SHOW COLUMNS FROM `bear_config` [ RunTime:0.005382s ]
[ sql ] [ SQL ] SELECT * FROM `bear_config` WHERE  `is_sys` = 1 [ RunTime:0.021803s ]
[ sql ] [ SQL ] SELECT `value` FROM `bear_config` WHERE  `name` = 'QNcdn' LIMIT 1 [ RunTime:0.000641s ]
[ sql ] [ SQL ] SHOW COLUMNS FROM `bear_staff_power` [ RunTime:0.001989s ]
[ sql ] [ SQL ] SELECT * FROM `bear_staff_power` WHERE  `is_show` = 1 [ RunTime:0.000689s ]
[ sql ] [ SQL ] SHOW COLUMNS FROM `bear_staff` [ RunTime:0.001084s ]
[ sql ] [ SQL ] SELECT `power` FROM `bear_staff` WHERE  `id` = 1 [ RunTime:0.000935s ]
---------------------------------------------------------------

[2020-02-21T17:08:26+08:00] 192.168.31.181 POST nginx.youzuo.com/api/Detection/spec?=&=258&=-1
[运行时间：0.613601s] [吞吐率：1.63req/s] [内存消耗：3,882.50kb] [文件加载：100]
[ info ] [ LANG ] /www/web/youzuo/thinkphp/lang/zh-cn.php
[ info ] [ ROUTE ] array (
)
[ info ] [ HEADER ] array (
  'connection' => 'keep-alive',
  'content-length' => '36',
  'accept-encoding' => 'gzip, deflate, br',
  'host' => 'nginx.youzuo.com',
  'postman-token' => 'dbe5f5b0-3736-47ee-9f11-2c0e1a01df43',
  'cache-control' => 'no-cache',
  'accept' => '*/*',
  'user-agent' => 'PostmanRuntime/7.22.0',
  'content-type' => 'text/plain',
  'userinfo' => 'bf69onJTAwoEdtUtg2CMeWBcD0oYsIKXwJZBGIaNrwcskHjGkQ+D0LnN3Z3ywleuWObEiECSWpa2QOeYU2e9hORp8pVMB+2p',
)
[ info ] [ PARAM ] array (
)
[ info ] [ DB ] INIT mysql
[ sql ] [ DB ] CONNECT:[ UseTime:0.000608s ] mysql:host=127.0.0.1;dbname=youzuo;charset=utf8
[ sql ] [ SQL ] SHOW COLUMNS FROM `bear_config` [ RunTime:0.150304s ]
[ sql ] [ SQL ] SELECT * FROM `bear_config` WHERE  `is_sys` = 1 [ RunTime:0.057415s ]
[ sql ] [ SQL ] SELECT `value` FROM `bear_config` WHERE  `name` = 'QNcdn' LIMIT 1 [ RunTime:0.001004s ]
[ sql ] [ SQL ] SHOW COLUMNS FROM `bear_staff_power` [ RunTime:0.001307s ]
[ sql ] [ SQL ] SELECT * FROM `bear_staff_power` WHERE  `is_show` = 1 [ RunTime:0.000815s ]
[ sql ] [ SQL ] SHOW COLUMNS FROM `bear_staff` [ RunTime:0.001232s ]
[ sql ] [ SQL ] SELECT `power` FROM `bear_staff` WHERE  `id` = 1 [ RunTime:0.000652s ]
---------------------------------------------------------------

[2020-02-21T17:10:14+08:00] 192.168.31.181 POST nginx.youzuo.com/api/Detection/spec?=&=258&=-1
[运行时间：8.062374s] [吞吐率：0.12req/s] [内存消耗：3,882.66kb] [文件加载：100]
[ info ] [ LANG ] /www/web/youzuo/thinkphp/lang/zh-cn.php
[ info ] [ ROUTE ] array (
)
[ info ] [ HEADER ] array (
  'connection' => 'keep-alive',
  'content-length' => '36',
  'accept-encoding' => 'gzip, deflate, br',
  'host' => 'nginx.youzuo.com',
  'postman-token' => '7e87a9f3-55cd-4d1c-92d7-bf0702080370',
  'cache-control' => 'no-cache',
  'accept' => '*/*',
  'user-agent' => 'PostmanRuntime/7.22.0',
  'content-type' => 'text/plain',
  'userinfo' => 'bf69onJTAwoEdtUtg2CMeWBcD0oYsIKXwJZBGIaNrwcskHjGkQ+D0LnN3Z3ywleuWObEiECSWpa2QOeYU2e9hORp8pVMB+2p',
)
[ info ] [ PARAM ] array (
)
[ info ] [ DB ] INIT mysql
[ sql ] [ DB ] CONNECT:[ UseTime:0.000889s ] mysql:host=127.0.0.1;dbname=youzuo;charset=utf8
[ sql ] [ SQL ] SHOW COLUMNS FROM `bear_config` [ RunTime:0.027136s ]
[ sql ] [ SQL ] SELECT * FROM `bear_config` WHERE  `is_sys` = 1 [ RunTime:0.009234s ]
[ sql ] [ SQL ] SELECT `value` FROM `bear_config` WHERE  `name` = 'QNcdn' LIMIT 1 [ RunTime:0.005982s ]
[ sql ] [ SQL ] SHOW COLUMNS FROM `bear_staff_power` [ RunTime:0.010843s ]
[ sql ] [ SQL ] SELECT * FROM `bear_staff_power` WHERE  `is_show` = 1 [ RunTime:0.001061s ]
[ sql ] [ SQL ] SHOW COLUMNS FROM `bear_staff` [ RunTime:0.001958s ]
[ sql ] [ SQL ] SELECT `power` FROM `bear_staff` WHERE  `id` = 1 [ RunTime:0.000955s ]
---------------------------------------------------------------

[2020-02-21T17:10:38+08:00] 192.168.31.181 POST nginx.youzuo.com/api/Detection/spec?=&=258&=-1
[运行时间：16.103538s] [吞吐率：0.06req/s] [内存消耗：3,884.01kb] [文件加载：100]
[ info ] [ LANG ] /www/web/youzuo/thinkphp/lang/zh-cn.php
[ info ] [ ROUTE ] array (
)
[ info ] [ HEADER ] array (
  'connection' => 'keep-alive',
  'content-length' => '370',
  'accept-encoding' => 'gzip, deflate, br',
  'content-type' => 'multipart/form-data; boundary=--------------------------752246317841461088585879',
  'host' => 'nginx.youzuo.com',
  'postman-token' => '7fd0570d-2a10-423b-b77d-22d0d7170a35',
  'cache-control' => 'no-cache',
  'accept' => '*/*',
  'user-agent' => 'PostmanRuntime/7.22.0',
  'userinfo' => 'bf69onJTAwoEdtUtg2CMeWBcD0oYsIKXwJZBGIaNrwcskHjGkQ+D0LnN3Z3ywleuWObEiECSWpa2QOeYU2e9hORp8pVMB+2p',
)
[ info ] [ PARAM ] array (
  'dsid' => '42',
  'id' => '258',
  'sort' => '-1',
)
[ info ] [ DB ] INIT mysql
[ sql ] [ DB ] CONNECT:[ UseTime:0.000813s ] mysql:host=127.0.0.1;dbname=youzuo;charset=utf8
[ sql ] [ SQL ] SHOW COLUMNS FROM `bear_config` [ RunTime:0.021416s ]
[ sql ] [ SQL ] SELECT * FROM `bear_config` WHERE  `is_sys` = 1 [ RunTime:0.000720s ]
[ sql ] [ SQL ] SELECT `value` FROM `bear_config` WHERE  `name` = 'QNcdn' LIMIT 1 [ RunTime:0.001235s ]
[ sql ] [ SQL ] SHOW COLUMNS FROM `bear_staff_power` [ RunTime:0.002228s ]
[ sql ] [ SQL ] SELECT * FROM `bear_staff_power` WHERE  `is_show` = 1 [ RunTime:0.002817s ]
[ sql ] [ SQL ] SHOW COLUMNS FROM `bear_staff` [ RunTime:0.001529s ]
[ sql ] [ SQL ] SELECT `power` FROM `bear_staff` WHERE  `id` = 1 [ RunTime:0.000651s ]
---------------------------------------------------------------

[2020-02-21T17:11:29+08:00] 192.168.31.181 POST nginx.youzuo.com/api/Detection/spec?=&=258&=-1
[运行时间：0.053318s] [吞吐率：18.76req/s] [内存消耗：2,754.55kb] [文件加载：95]
[ info ] [ LANG ] /www/web/youzuo/thinkphp/lang/zh-cn.php
[ info ] [ ROUTE ] array (
)
[ info ] [ HEADER ] array (
  'connection' => 'keep-alive',
  'content-length' => '370',
  'accept-encoding' => 'gzip, deflate, br',
  'content-type' => 'multipart/form-data; boundary=--------------------------291669237713347697426378',
  'host' => 'nginx.youzuo.com',
  'postman-token' => 'f0cc2612-49f6-4cb8-8893-87a355b73f6b',
  'cache-control' => 'no-cache',
  'accept' => '*/*',
  'user-agent' => 'PostmanRuntime/7.22.0',
  'userinfo' => 'bf69onJTAwoEdtUtg2CMeWBcD0oYsIKXwJZBGIaNrwcskHjGkQ+D0LnN3Z3ywleuWObEiECSWpa2QOeYU2e9hORp8pVMB+2p',
)
[ info ] [ PARAM ] array (
  'dsid' => '42',
  'id' => '258',
  'sort' => '-1',
)
---------------------------------------------------------------

[2020-02-21T17:11:44+08:00] 192.168.31.181 POST nginx.youzuo.com/api/Detection/spec?=&=258&=-1
[运行时间：0.063696s] [吞吐率：15.70req/s] [内存消耗：2,753.26kb] [文件加载：95]
[ info ] [ LANG ] /www/web/youzuo/thinkphp/lang/zh-cn.php
[ info ] [ ROUTE ] array (
)
[ info ] [ HEADER ] array (
  'connection' => 'keep-alive',
  'content-length' => '36',
  'accept-encoding' => 'gzip, deflate, br',
  'host' => 'nginx.youzuo.com',
  'postman-token' => '77a45e52-030e-4df3-95f5-c57eccc1c10f',
  'cache-control' => 'no-cache',
  'accept' => '*/*',
  'user-agent' => 'PostmanRuntime/7.22.0',
  'content-type' => 'text/plain',
  'userinfo' => 'bf69onJTAwoEdtUtg2CMeWBcD0oYsIKXwJZBGIaNrwcskHjGkQ+D0LnN3Z3ywleuWObEiECSWpa2QOeYU2e9hORp8pVMB+2p',
)
[ info ] [ PARAM ] array (
)
---------------------------------------------------------------

[2020-02-21T17:12:04+08:00] 192.168.31.181 POST nginx.youzuo.com/api/Detection/spec?=&=258&=-1
[运行时间：0.055507s] [吞吐率：18.02req/s] [内存消耗：2,753.20kb] [文件加载：95]
[ info ] [ LANG ] /www/web/youzuo/thinkphp/lang/zh-cn.php
[ info ] [ ROUTE ] array (
)
[ info ] [ HEADER ] array (
  'connection' => 'keep-alive',
  'content-length' => '36',
  'accept-encoding' => 'gzip, deflate, br',
  'host' => 'nginx.youzuo.com',
  'postman-token' => '4cd402c3-e0c8-4243-a30d-b65d2ac8a54e',
  'cache-control' => 'no-cache',
  'accept' => '*/*',
  'user-agent' => 'PostmanRuntime/7.22.0',
  'content-type' => 'text/plain',
  'userinfo' => 'bf69onJTAwoEdtUtg2CMeWBcD0oYsIKXwJZBGIaNrwcskHjGkQ+D0LnN3Z3ywleuWObEiECSWpa2QOeYU2e9hORp8pVMB+2p',
)
[ info ] [ PARAM ] array (
)
---------------------------------------------------------------

[2020-02-21T17:12:23+08:00] 192.168.31.181 POST nginx.youzuo.com/api/Detection/spec?=&=258&=-1
[运行时间：0.045635s] [吞吐率：21.91req/s] [内存消耗：2,753.26kb] [文件加载：95]
[ info ] [ LANG ] /www/web/youzuo/thinkphp/lang/zh-cn.php
[ info ] [ ROUTE ] array (
)
[ info ] [ HEADER ] array (
  'connection' => 'keep-alive',
  'content-length' => '36',
  'accept-encoding' => 'gzip, deflate, br',
  'host' => 'nginx.youzuo.com',
  'postman-token' => '4b7e0430-3d12-45df-b0ac-bead6bc0f4d3',
  'cache-control' => 'no-cache',
  'accept' => '*/*',
  'user-agent' => 'PostmanRuntime/7.22.0',
  'content-type' => 'text/plain',
  'userinfo' => 'bf69onJTAwoEdtUtg2CMeWBcD0oYsIKXwJZBGIaNrwcskHjGkQ+D0LnN3Z3ywleuWObEiECSWpa2QOeYU2e9hORp8pVMB+2p',
)
[ info ] [ PARAM ] array (
)
---------------------------------------------------------------

[2020-02-21T17:12:41+08:00] 192.168.31.181 POST nginx.youzuo.com/api/Detection/spec?=&=258&=-1
[运行时间：0.057448s] [吞吐率：17.41req/s] [内存消耗：2,753.38kb] [文件加载：95]
[ info ] [ LANG ] /www/web/youzuo/thinkphp/lang/zh-cn.php
[ info ] [ ROUTE ] array (
)
[ info ] [ HEADER ] array (
  'connection' => 'keep-alive',
  'content-length' => '36',
  'accept-encoding' => 'gzip, deflate, br',
  'host' => 'nginx.youzuo.com',
  'postman-token' => 'fdd40781-b9a6-43c6-988d-a5dba08bbff3',
  'cache-control' => 'no-cache',
  'accept' => '*/*',
  'user-agent' => 'PostmanRuntime/7.22.0',
  'content-type' => 'text/plain',
  'userinfo' => 'bf69onJTAwoEdtUtg2CMeWBcD0oYsIKXwJZBGIaNrwcskHjGkQ+D0LnN3Z3ywleuWObEiECSWpa2QOeYU2e9hORp8pVMB+2p',
)
[ info ] [ PARAM ] array (
)
---------------------------------------------------------------

[2020-02-21T17:13:27+08:00] 192.168.31.181 POST nginx.youzuo.com/api/Detection/spec?=&=258&=-1
[运行时间：0.045556s] [吞吐率：21.95req/s] [内存消耗：2,753.38kb] [文件加载：95]
[ info ] [ LANG ] /www/web/youzuo/thinkphp/lang/zh-cn.php
[ info ] [ ROUTE ] array (
)
[ info ] [ HEADER ] array (
  'connection' => 'keep-alive',
  'content-length' => '36',
  'accept-encoding' => 'gzip, deflate, br',
  'host' => 'nginx.youzuo.com',
  'postman-token' => '152c69c3-016a-4907-ac95-a5bda8f5ec59',
  'cache-control' => 'no-cache',
  'accept' => '*/*',
  'user-agent' => 'PostmanRuntime/7.22.0',
  'content-type' => 'text/plain',
  'userinfo' => 'bf69onJTAwoEdtUtg2CMeWBcD0oYsIKXwJZBGIaNrwcskHjGkQ+D0LnN3Z3ywleuWObEiECSWpa2QOeYU2e9hORp8pVMB+2p',
)
[ info ] [ PARAM ] array (
)
---------------------------------------------------------------

[2020-02-21T17:13:35+08:00] 192.168.31.181 POST nginx.youzuo.com/api/Detection/spec?=&=258&=-1
[运行时间：1.050919s] [吞吐率：0.95req/s] [内存消耗：3,883.35kb] [文件加载：100]
[ info ] [ LANG ] /www/web/youzuo/thinkphp/lang/zh-cn.php
[ info ] [ ROUTE ] array (
)
[ info ] [ HEADER ] array (
  'connection' => 'keep-alive',
  'content-length' => '36',
  'accept-encoding' => 'gzip, deflate, br',
  'host' => 'nginx.youzuo.com',
  'postman-token' => '8ff7b652-3a34-40c9-80b5-89f6a89e0369',
  'cache-control' => 'no-cache',
  'accept' => '*/*',
  'user-agent' => 'PostmanRuntime/7.22.0',
  'content-type' => 'text/plain',
  'userinfo' => 'bf69onJTAwoEdtUtg2CMeWBcD0oYsIKXwJZBGIaNrwcskHjGkQ+D0LnN3Z3ywleuWObEiECSWpa2QOeYU2e9hORp8pVMB+2p',
)
[ info ] [ PARAM ] array (
)
[ info ] [ DB ] INIT mysql
[ sql ] [ DB ] CONNECT:[ UseTime:0.000782s ] mysql:host=127.0.0.1;dbname=youzuo;charset=utf8
[ sql ] [ SQL ] SHOW COLUMNS FROM `bear_config` [ RunTime:0.042480s ]
[ sql ] [ SQL ] SELECT * FROM `bear_config` WHERE  `is_sys` = 1 [ RunTime:0.000536s ]
[ sql ] [ SQL ] SELECT `value` FROM `bear_config` WHERE  `name` = 'QNcdn' LIMIT 1 [ RunTime:0.000471s ]
[ sql ] [ SQL ] SHOW COLUMNS FROM `bear_staff_power` [ RunTime:0.006021s ]
[ sql ] [ SQL ] SELECT * FROM `bear_staff_power` WHERE  `is_show` = 1 [ RunTime:0.000571s ]
[ sql ] [ SQL ] SHOW COLUMNS FROM `bear_staff` [ RunTime:0.001238s ]
[ sql ] [ SQL ] SELECT `power` FROM `bear_staff` WHERE  `id` = 1 [ RunTime:0.000393s ]
---------------------------------------------------------------

[2020-02-21T17:13:47+08:00] 192.168.31.181 POST nginx.youzuo.com/api/Detection/spec?=&=258&=-1
[运行时间：0.773166s] [吞吐率：1.29req/s] [内存消耗：4,468.56kb] [文件加载：112]
[ info ] [ LANG ] /www/web/youzuo/thinkphp/lang/zh-cn.php
[ info ] [ ROUTE ] array (
)
[ info ] [ HEADER ] array (
  'connection' => 'keep-alive',
  'content-length' => '36',
  'accept-encoding' => 'gzip, deflate, br',
  'host' => 'nginx.youzuo.com',
  'postman-token' => '75052230-d834-4e37-abd0-211617a950d3',
  'cache-control' => 'no-cache',
  'accept' => '*/*',
  'user-agent' => 'PostmanRuntime/7.22.0',
  'content-type' => 'text/plain',
  'userinfo' => 'bf69onJTAwoEdtUtg2CMeWBcD0oYsIKXwJZBGIaNrwcskHjGkQ+D0LnN3Z3ywleuWObEiECSWpa2QOeYU2e9hORp8pVMB+2p',
)
[ info ] [ PARAM ] array (
)
[ info ] [ DB ] INIT mysql
[ sql ] [ DB ] CONNECT:[ UseTime:0.001135s ] mysql:host=127.0.0.1;dbname=youzuo;charset=utf8
[ sql ] [ SQL ] SHOW COLUMNS FROM `bear_config` [ RunTime:0.044216s ]
[ sql ] [ SQL ] SELECT * FROM `bear_config` WHERE  `is_sys` = 1 [ RunTime:0.000994s ]
[ sql ] [ SQL ] SELECT `value` FROM `bear_config` WHERE  `name` = 'QNcdn' LIMIT 1 [ RunTime:0.001204s ]
[ sql ] [ SQL ] SHOW COLUMNS FROM `bear_staff_power` [ RunTime:0.030654s ]
[ sql ] [ SQL ] SELECT * FROM `bear_staff_power` WHERE  `is_show` = 1 [ RunTime:0.001088s ]
[ sql ] [ SQL ] SHOW COLUMNS FROM `bear_staff` [ RunTime:0.001840s ]
[ sql ] [ SQL ] SELECT `power` FROM `bear_staff` WHERE  `id` = 1 [ RunTime:0.000687s ]
[ sql ] [ SQL ] SHOW COLUMNS FROM `bear_detection_son` [ RunTime:0.001200s ]
[ sql ] [ SQL ] SELECT `input_status`,`input_staff` FROM `bear_detection_son` WHERE  `id` = 42 LIMIT 1 [ RunTime:0.000417s ]
[ sql ] [ SQL ] SHOW COLUMNS FROM `bear_order` [ RunTime:0.001325s ]
[ sql ] [ SQL ] SELECT `id`,`order_sn`,`cid`,`gid`,`did`,`spec` FROM `bear_order` WHERE  `id` = 258 LIMIT 1 [ RunTime:0.000667s ]
[ sql ] [ SQL ] SELECT `parent_id`,`d_son_sn`,`time_status` FROM `bear_detection_son` WHERE  `id` = 42 LIMIT 1 [ RunTime:0.000491s ]
[ sql ] [ SQL ] SHOW COLUMNS FROM `bear_detection_spec` [ RunTime:0.024688s ]
[ sql ] [ SQL ] SELECT * FROM `bear_detection_spec` WHERE  `d_son_sn` = '20022015351652101' LIMIT 1 [ RunTime:0.000615s ]
[ sql ] [ SQL ] SHOW COLUMNS FROM `bear_order_s` [ RunTime:0.000870s ]
[ sql ] [ SQL ] SELECT `created_time` FROM `bear_order_s` WHERE  `oid` = 258  AND `dsid` = 42 LIMIT 1 [ RunTime:0.000440s ]
[ sql ] [ SQL ] SHOW COLUMNS FROM `bear_spec_data` [ RunTime:0.000966s ]
[ sql ] [ SQL ] SELECT * FROM `bear_spec_data` WHERE  `d_son_sn` = '20022015351652101' [ RunTime:0.000800s ]
[ sql ] [ SQL ] SHOW COLUMNS FROM `bear_data_category` [ RunTime:0.000904s ]
[ sql ] [ SQL ] SELECT `name` FROM `bear_data_category` WHERE  `parent_id` = 28 ORDER BY `sort` ASC [ RunTime:0.001281s ]
[ sql ] [ SQL ] SELECT `name` FROM `bear_data_category` WHERE  `parent_id` = 24 ORDER BY `sort` ASC [ RunTime:0.000394s ]
[ sql ] [ SQL ] SHOW COLUMNS FROM `bear_order_spec` [ RunTime:0.001792s ]
[ sql ] [ SQL ] SELECT `content` FROM `bear_order_spec` WHERE  `oid` = 258  AND `class_name` = 'text_753408'  AND `sort` = -1 [ RunTime:0.000507s ]
[ sql ] [ SQL ] SELECT `content` FROM `bear_order_spec` WHERE  `oid` = 258  AND `class_name` = 'radio_120611'  AND `sort` = -1 [ RunTime:0.000385s ]
[ sql ] [ SQL ] SELECT `content` FROM `bear_order_spec` WHERE  `oid` = 258  AND `class_name` = 'radio_385723'  AND `sort` = -1 [ RunTime:0.000652s ]
[ sql ] [ SQL ] SELECT `content` FROM `bear_order_spec` WHERE  `oid` = 258  AND `class_name` = 'file_500697'  AND `sort` = -1 [ RunTime:0.000417s ]
[ sql ] [ SQL ] SHOW COLUMNS FROM `bear_customer` [ RunTime:0.001093s ]
[ sql ] [ SQL ] SELECT `customer_name` FROM `bear_customer` WHERE  `id` = 15 LIMIT 1 [ RunTime:0.000492s ]
[ sql ] [ SQL ] SHOW COLUMNS FROM `bear_goods` [ RunTime:0.001416s ]
[ sql ] [ SQL ] SELECT `title`,`good_sn` FROM `bear_goods` WHERE  `id` = 15 LIMIT 1 [ RunTime:0.000423s ]
[ sql ] [ SQL ] SHOW COLUMNS FROM `bear_detection` [ RunTime:0.001020s ]
[ sql ] [ SQL ] SELECT `name` FROM `bear_detection` WHERE  `id` = 16 LIMIT 1 [ RunTime:0.000514s ]
---------------------------------------------------------------

[2020-02-21T17:15:04+08:00] 192.168.31.181 POST nginx.youzuo.com/api/Detection/spec?=&=258&=-1
[运行时间：5.744772s] [吞吐率：0.17req/s] [内存消耗：4,391.09kb] [文件加载：110]
[ info ] [ LANG ] /www/web/youzuo/thinkphp/lang/zh-cn.php
[ info ] [ ROUTE ] array (
)
[ info ] [ HEADER ] array (
  'connection' => 'keep-alive',
  'content-length' => '36',
  'accept-encoding' => 'gzip, deflate, br',
  'host' => 'nginx.youzuo.com',
  'postman-token' => '6b00d1fb-d907-4b1c-9548-a165e9a6bcb0',
  'cache-control' => 'no-cache',
  'accept' => '*/*',
  'user-agent' => 'PostmanRuntime/7.22.0',
  'content-type' => 'text/plain',
  'userinfo' => 'bf69onJTAwoEdtUtg2CMeWBcD0oYsIKXwJZBGIaNrwcskHjGkQ+D0LnN3Z3ywleuWObEiECSWpa2QOeYU2e9hORp8pVMB+2p',
)
[ info ] [ PARAM ] array (
)
[ info ] [ DB ] INIT mysql
[ sql ] [ DB ] CONNECT:[ UseTime:0.000684s ] mysql:host=127.0.0.1;dbname=youzuo;charset=utf8
[ sql ] [ SQL ] SHOW COLUMNS FROM `bear_config` [ RunTime:0.080998s ]
[ sql ] [ SQL ] SELECT * FROM `bear_config` WHERE  `is_sys` = 1 [ RunTime:0.000564s ]
[ sql ] [ SQL ] SELECT `value` FROM `bear_config` WHERE  `name` = 'QNcdn' LIMIT 1 [ RunTime:0.000392s ]
[ sql ] [ SQL ] SHOW COLUMNS FROM `bear_staff_power` [ RunTime:0.074147s ]
[ sql ] [ SQL ] SELECT * FROM `bear_staff_power` WHERE  `is_show` = 1 [ RunTime:0.000887s ]
[ sql ] [ SQL ] SHOW COLUMNS FROM `bear_staff` [ RunTime:0.001207s ]
[ sql ] [ SQL ] SELECT `power` FROM `bear_staff` WHERE  `id` = 1 [ RunTime:0.000532s ]
[ sql ] [ SQL ] SHOW COLUMNS FROM `bear_detection_son` [ RunTime:0.024008s ]
[ sql ] [ SQL ] SELECT `input_status`,`input_staff` FROM `bear_detection_son` WHERE  `id` = 42 LIMIT 1 [ RunTime:0.000419s ]
[ sql ] [ SQL ] SHOW COLUMNS FROM `bear_order` [ RunTime:0.021517s ]
[ sql ] [ SQL ] SELECT `id`,`order_sn`,`cid`,`gid`,`did`,`spec` FROM `bear_order` WHERE  `id` = 258 LIMIT 1 [ RunTime:0.000609s ]
[ sql ] [ SQL ] SELECT `parent_id`,`d_son_sn`,`time_status` FROM `bear_detection_son` WHERE  `id` = 42 LIMIT 1 [ RunTime:0.000432s ]
[ sql ] [ SQL ] SHOW COLUMNS FROM `bear_detection_spec` [ RunTime:0.001011s ]
[ sql ] [ SQL ] SELECT * FROM `bear_detection_spec` WHERE  `d_son_sn` = '20022015351652101' LIMIT 1 [ RunTime:0.000510s ]
[ sql ] [ SQL ] SHOW COLUMNS FROM `bear_order_s` [ RunTime:0.030061s ]
[ sql ] [ SQL ] SELECT `created_time` FROM `bear_order_s` WHERE  `oid` = 258  AND `dsid` = 42 LIMIT 1 [ RunTime:0.000548s ]
[ sql ] [ SQL ] SHOW COLUMNS FROM `bear_spec_data` [ RunTime:0.001352s ]
[ sql ] [ SQL ] SELECT * FROM `bear_spec_data` WHERE  `d_son_sn` = '20022015351652101' [ RunTime:0.000628s ]
[ sql ] [ SQL ] SHOW COLUMNS FROM `bear_data_category` [ RunTime:0.001505s ]
[ sql ] [ SQL ] SELECT `name` FROM `bear_data_category` WHERE  `parent_id` = 28 ORDER BY `sort` ASC [ RunTime:0.000503s ]
[ sql ] [ SQL ] SELECT `name` FROM `bear_data_category` WHERE  `parent_id` = 24 ORDER BY `sort` ASC [ RunTime:0.000487s ]
[ sql ] [ SQL ] SHOW COLUMNS FROM `bear_order_spec` [ RunTime:0.000862s ]
[ sql ] [ SQL ] SELECT `content` FROM `bear_order_spec` WHERE  `oid` = 258  AND `class_name` = 'text_753408'  AND `sort` = -1 [ RunTime:0.000483s ]
---------------------------------------------------------------

[2020-02-21T17:15:46+08:00] 192.168.31.181 POST nginx.youzuo.com/api/Detection/spec?=&=258&=-1
[运行时间：16.825371s] [吞吐率：0.06req/s] [内存消耗：4,394.02kb] [文件加载：110]
[ info ] [ LANG ] /www/web/youzuo/thinkphp/lang/zh-cn.php
[ info ] [ ROUTE ] array (
)
[ info ] [ HEADER ] array (
  'connection' => 'keep-alive',
  'content-length' => '36',
  'accept-encoding' => 'gzip, deflate, br',
  'host' => 'nginx.youzuo.com',
  'postman-token' => '85b46c47-c171-4920-b273-bcf2c82510a4',
  'cache-control' => 'no-cache',
  'accept' => '*/*',
  'user-agent' => 'PostmanRuntime/7.22.0',
  'content-type' => 'text/plain',
  'userinfo' => 'bf69onJTAwoEdtUtg2CMeWBcD0oYsIKXwJZBGIaNrwcskHjGkQ+D0LnN3Z3ywleuWObEiECSWpa2QOeYU2e9hORp8pVMB+2p',
)
[ info ] [ PARAM ] array (
)
[ info ] [ DB ] INIT mysql
[ sql ] [ DB ] CONNECT:[ UseTime:0.018424s ] mysql:host=127.0.0.1;dbname=youzuo;charset=utf8
[ sql ] [ SQL ] SHOW COLUMNS FROM `bear_config` [ RunTime:0.049808s ]
[ sql ] [ SQL ] SELECT * FROM `bear_config` WHERE  `is_sys` = 1 [ RunTime:0.000873s ]
[ sql ] [ SQL ] SELECT `value` FROM `bear_config` WHERE  `name` = 'QNcdn' LIMIT 1 [ RunTime:0.000742s ]
[ sql ] [ SQL ] SHOW COLUMNS FROM `bear_staff_power` [ RunTime:0.001318s ]
[ sql ] [ SQL ] SELECT * FROM `bear_staff_power` WHERE  `is_show` = 1 [ RunTime:0.027490s ]
[ sql ] [ SQL ] SHOW COLUMNS FROM `bear_staff` [ RunTime:0.001458s ]
[ sql ] [ SQL ] SELECT `power` FROM `bear_staff` WHERE  `id` = 1 [ RunTime:0.000484s ]
[ sql ] [ SQL ] SHOW COLUMNS FROM `bear_detection_son` [ RunTime:0.001429s ]
[ sql ] [ SQL ] SELECT `input_status`,`input_staff` FROM `bear_detection_son` WHERE  `id` = 42 LIMIT 1 [ RunTime:0.000465s ]
[ sql ] [ SQL ] SHOW COLUMNS FROM `bear_order` [ RunTime:0.001281s ]
[ sql ] [ SQL ] SELECT `id`,`order_sn`,`cid`,`gid`,`did`,`spec` FROM `bear_order` WHERE  `id` = 258 LIMIT 1 [ RunTime:0.000906s ]
[ sql ] [ SQL ] SELECT `parent_id`,`d_son_sn`,`time_status` FROM `bear_detection_son` WHERE  `id` = 42 LIMIT 1 [ RunTime:0.000449s ]
[ sql ] [ SQL ] SHOW COLUMNS FROM `bear_detection_spec` [ RunTime:0.007168s ]
[ sql ] [ SQL ] SELECT * FROM `bear_detection_spec` WHERE  `d_son_sn` = '20022015351652101' LIMIT 1 [ RunTime:0.000580s ]
[ sql ] [ SQL ] SHOW COLUMNS FROM `bear_order_s` [ RunTime:0.000954s ]
[ sql ] [ SQL ] SELECT `created_time` FROM `bear_order_s` WHERE  `oid` = 258  AND `dsid` = 42 LIMIT 1 [ RunTime:0.000425s ]
[ sql ] [ SQL ] SHOW COLUMNS FROM `bear_spec_data` [ RunTime:0.000680s ]
[ sql ] [ SQL ] SELECT * FROM `bear_spec_data` WHERE  `d_son_sn` = '20022015351652101' [ RunTime:0.000433s ]
[ sql ] [ SQL ] SHOW COLUMNS FROM `bear_data_category` [ RunTime:0.001388s ]
[ sql ] [ SQL ] SELECT `name` FROM `bear_data_category` WHERE  `parent_id` = 28 ORDER BY `sort` ASC [ RunTime:0.000476s ]
[ sql ] [ SQL ] SELECT `name` FROM `bear_data_category` WHERE  `parent_id` = 24 ORDER BY `sort` ASC [ RunTime:0.000405s ]
[ sql ] [ SQL ] SHOW COLUMNS FROM `bear_order_spec` [ RunTime:0.000800s ]
[ sql ] [ SQL ] SELECT `content` FROM `bear_order_spec` WHERE  `oid` = 258  AND `class_name` = 'text_753408'  AND `sort` = -1 [ RunTime:0.000449s ]
[ sql ] [ SQL ] SELECT `content` FROM `bear_order_spec` WHERE  `oid` = 258  AND `class_name` = 'radio_120611'  AND `sort` = -1 [ RunTime:0.000890s ]
[ sql ] [ SQL ] SELECT `content` FROM `bear_order_spec` WHERE  `oid` = 258  AND `class_name` = 'radio_385723'  AND `sort` = -1 [ RunTime:0.000519s ]
[ sql ] [ SQL ] SELECT `content` FROM `bear_order_spec` WHERE  `oid` = 258  AND `class_name` = 'file_500697'  AND `sort` = -1 [ RunTime:0.000442s ]
---------------------------------------------------------------

[2020-02-21T17:16:17+08:00] 192.168.31.181 POST nginx.youzuo.com/api/Detection/spec?=&=258&=-1
[运行时间：3.417488s] [吞吐率：0.29req/s] [内存消耗：4,394.02kb] [文件加载：110]
[ info ] [ LANG ] /www/web/youzuo/thinkphp/lang/zh-cn.php
[ info ] [ ROUTE ] array (
)
[ info ] [ HEADER ] array (
  'connection' => 'keep-alive',
  'content-length' => '36',
  'accept-encoding' => 'gzip, deflate, br',
  'host' => 'nginx.youzuo.com',
  'postman-token' => '4b78a30d-b18f-47a5-ae92-7ffea4cf15aa',
  'cache-control' => 'no-cache',
  'accept' => '*/*',
  'user-agent' => 'PostmanRuntime/7.22.0',
  'content-type' => 'text/plain',
  'userinfo' => 'bf69onJTAwoEdtUtg2CMeWBcD0oYsIKXwJZBGIaNrwcskHjGkQ+D0LnN3Z3ywleuWObEiECSWpa2QOeYU2e9hORp8pVMB+2p',
)
[ info ] [ PARAM ] array (
)
[ info ] [ DB ] INIT mysql
[ sql ] [ DB ] CONNECT:[ UseTime:0.001380s ] mysql:host=127.0.0.1;dbname=youzuo;charset=utf8
[ sql ] [ SQL ] SHOW COLUMNS FROM `bear_config` [ RunTime:0.036894s ]
[ sql ] [ SQL ] SELECT * FROM `bear_config` WHERE  `is_sys` = 1 [ RunTime:0.000890s ]
[ sql ] [ SQL ] SELECT `value` FROM `bear_config` WHERE  `name` = 'QNcdn' LIMIT 1 [ RunTime:0.000677s ]
[ sql ] [ SQL ] SHOW COLUMNS FROM `bear_staff_power` [ RunTime:0.001302s ]
[ sql ] [ SQL ] SELECT * FROM `bear_staff_power` WHERE  `is_show` = 1 [ RunTime:0.000611s ]
[ sql ] [ SQL ] SHOW COLUMNS FROM `bear_staff` [ RunTime:0.001228s ]
[ sql ] [ SQL ] SELECT `power` FROM `bear_staff` WHERE  `id` = 1 [ RunTime:0.000478s ]
[ sql ] [ SQL ] SHOW COLUMNS FROM `bear_detection_son` [ RunTime:0.027395s ]
[ sql ] [ SQL ] SELECT `input_status`,`input_staff` FROM `bear_detection_son` WHERE  `id` = 42 LIMIT 1 [ RunTime:0.000575s ]
[ sql ] [ SQL ] SHOW COLUMNS FROM `bear_order` [ RunTime:0.001009s ]
[ sql ] [ SQL ] SELECT `id`,`order_sn`,`cid`,`gid`,`did`,`spec` FROM `bear_order` WHERE  `id` = 258 LIMIT 1 [ RunTime:0.000449s ]
[ sql ] [ SQL ] SELECT `parent_id`,`d_son_sn`,`time_status` FROM `bear_detection_son` WHERE  `id` = 42 LIMIT 1 [ RunTime:0.000412s ]
[ sql ] [ SQL ] SHOW COLUMNS FROM `bear_detection_spec` [ RunTime:0.011090s ]
[ sql ] [ SQL ] SELECT * FROM `bear_detection_spec` WHERE  `d_son_sn` = '20022015351652101' LIMIT 1 [ RunTime:0.000510s ]
[ sql ] [ SQL ] SHOW COLUMNS FROM `bear_order_s` [ RunTime:0.000848s ]
[ sql ] [ SQL ] SELECT `created_time` FROM `bear_order_s` WHERE  `oid` = 258  AND `dsid` = 42 LIMIT 1 [ RunTime:0.000394s ]
[ sql ] [ SQL ] SHOW COLUMNS FROM `bear_spec_data` [ RunTime:0.001637s ]
[ sql ] [ SQL ] SELECT * FROM `bear_spec_data` WHERE  `d_son_sn` = '20022015351652101' [ RunTime:0.002784s ]
[ sql ] [ SQL ] SHOW COLUMNS FROM `bear_data_category` [ RunTime:0.001005s ]
[ sql ] [ SQL ] SELECT `name` FROM `bear_data_category` WHERE  `parent_id` = 28 ORDER BY `sort` ASC [ RunTime:0.000488s ]
[ sql ] [ SQL ] SELECT `name` FROM `bear_data_category` WHERE  `parent_id` = 24 ORDER BY `sort` ASC [ RunTime:0.000374s ]
[ sql ] [ SQL ] SHOW COLUMNS FROM `bear_order_spec` [ RunTime:0.001252s ]
[ sql ] [ SQL ] SELECT `content` FROM `bear_order_spec` WHERE  `oid` = 258  AND `class_name` = 'text_753408'  AND `sort` = -1 [ RunTime:0.000532s ]
[ sql ] [ SQL ] SELECT `content` FROM `bear_order_spec` WHERE  `oid` = 258  AND `class_name` = 'radio_120611'  AND `sort` = -1 [ RunTime:0.000459s ]
[ sql ] [ SQL ] SELECT `content` FROM `bear_order_spec` WHERE  `oid` = 258  AND `class_name` = 'radio_385723'  AND `sort` = -1 [ RunTime:0.000887s ]
[ sql ] [ SQL ] SELECT `content` FROM `bear_order_spec` WHERE  `oid` = 258  AND `class_name` = 'file_500697'  AND `sort` = -1 [ RunTime:0.000440s ]
---------------------------------------------------------------

[2020-02-21T17:19:28+08:00] 192.168.31.181 POST nginx.youzuo.com/api/Detection/spec?=&=258&=-1
[运行时间：11.608558s] [吞吐率：0.09req/s] [内存消耗：4,472.58kb] [文件加载：112]
[ info ] [ LANG ] /www/web/youzuo/thinkphp/lang/zh-cn.php
[ info ] [ ROUTE ] array (
)
[ info ] [ HEADER ] array (
  'connection' => 'keep-alive',
  'content-length' => '36',
  'accept-encoding' => 'gzip, deflate, br',
  'host' => 'nginx.youzuo.com',
  'postman-token' => '5affd668-b075-4dc3-b1c6-b29aa00c8ad1',
  'cache-control' => 'no-cache',
  'accept' => '*/*',
  'user-agent' => 'PostmanRuntime/7.22.0',
  'content-type' => 'text/plain',
  'userinfo' => 'bf69onJTAwoEdtUtg2CMeWBcD0oYsIKXwJZBGIaNrwcskHjGkQ+D0LnN3Z3ywleuWObEiECSWpa2QOeYU2e9hORp8pVMB+2p',
)
[ info ] [ PARAM ] array (
)
[ info ] [ DB ] INIT mysql
[ sql ] [ DB ] CONNECT:[ UseTime:0.000860s ] mysql:host=127.0.0.1;dbname=youzuo;charset=utf8
[ sql ] [ SQL ] SHOW COLUMNS FROM `bear_config` [ RunTime:0.079469s ]
[ sql ] [ SQL ] SELECT * FROM `bear_config` WHERE  `is_sys` = 1 [ RunTime:0.012192s ]
[ sql ] [ SQL ] SELECT `value` FROM `bear_config` WHERE  `name` = 'QNcdn' LIMIT 1 [ RunTime:0.000723s ]
[ sql ] [ SQL ] SHOW COLUMNS FROM `bear_staff_power` [ RunTime:0.001328s ]
[ sql ] [ SQL ] SELECT * FROM `bear_staff_power` WHERE  `is_show` = 1 [ RunTime:0.000922s ]
[ sql ] [ SQL ] SHOW COLUMNS FROM `bear_staff` [ RunTime:0.009511s ]
[ sql ] [ SQL ] SELECT `power` FROM `bear_staff` WHERE  `id` = 1 [ RunTime:0.000527s ]
[ sql ] [ SQL ] SHOW COLUMNS FROM `bear_detection_son` [ RunTime:0.001330s ]
[ sql ] [ SQL ] SELECT `input_status`,`input_staff` FROM `bear_detection_son` WHERE  `id` = 42 LIMIT 1 [ RunTime:0.000561s ]
[ sql ] [ SQL ] SHOW COLUMNS FROM `bear_order` [ RunTime:0.000898s ]
[ sql ] [ SQL ] SELECT `id`,`order_sn`,`cid`,`gid`,`did`,`spec` FROM `bear_order` WHERE  `id` = 258 LIMIT 1 [ RunTime:0.000433s ]
[ sql ] [ SQL ] SELECT `parent_id`,`d_son_sn`,`time_status` FROM `bear_detection_son` WHERE  `id` = 42 LIMIT 1 [ RunTime:0.001032s ]
[ sql ] [ SQL ] SHOW COLUMNS FROM `bear_detection_spec` [ RunTime:0.001039s ]
[ sql ] [ SQL ] SELECT * FROM `bear_detection_spec` WHERE  `d_son_sn` = '20022015351652101' LIMIT 1 [ RunTime:0.000436s ]
[ sql ] [ SQL ] SHOW COLUMNS FROM `bear_order_s` [ RunTime:0.001839s ]
[ sql ] [ SQL ] SELECT `created_time` FROM `bear_order_s` WHERE  `oid` = 258  AND `dsid` = 42 LIMIT 1 [ RunTime:0.000632s ]
[ sql ] [ SQL ] SHOW COLUMNS FROM `bear_spec_data` [ RunTime:0.001141s ]
[ sql ] [ SQL ] SELECT * FROM `bear_spec_data` WHERE  `d_son_sn` = '20022015351652101' [ RunTime:0.000840s ]
[ sql ] [ SQL ] SHOW COLUMNS FROM `bear_data_category` [ RunTime:0.001032s ]
[ sql ] [ SQL ] SELECT `name` FROM `bear_data_category` WHERE  `parent_id` = 28 ORDER BY `sort` ASC [ RunTime:0.000774s ]
[ sql ] [ SQL ] SELECT `name` FROM `bear_data_category` WHERE  `parent_id` = 24 ORDER BY `sort` ASC [ RunTime:0.000352s ]
[ sql ] [ SQL ] SHOW COLUMNS FROM `bear_order_spec` [ RunTime:0.000891s ]
[ sql ] [ SQL ] SELECT `content` FROM `bear_order_spec` WHERE  `oid` = 258  AND `class_name` = 'text_753408'  AND `sort` = -1 [ RunTime:0.000529s ]
[ sql ] [ SQL ] SELECT `content` FROM `bear_order_spec` WHERE  `oid` = 258  AND `class_name` = 'radio_120611'  AND `sort` = -1 [ RunTime:0.000430s ]
[ sql ] [ SQL ] SELECT `content` FROM `bear_order_spec` WHERE  `oid` = 258  AND `class_name` = 'radio_385723'  AND `sort` = -1 [ RunTime:0.000386s ]
[ sql ] [ SQL ] SELECT `content` FROM `bear_order_spec` WHERE  `oid` = 258  AND `class_name` = 'file_500697'  AND `sort` = -1 [ RunTime:0.000413s ]
[ sql ] [ SQL ] SHOW COLUMNS FROM `bear_customer` [ RunTime:0.000823s ]
[ sql ] [ SQL ] SELECT `customer_name` FROM `bear_customer` WHERE  `id` = 15 LIMIT 1 [ RunTime:0.000371s ]
[ sql ] [ SQL ] SHOW COLUMNS FROM `bear_goods` [ RunTime:0.000712s ]
[ sql ] [ SQL ] SELECT `title`,`good_sn` FROM `bear_goods` WHERE  `id` = 15 LIMIT 1 [ RunTime:0.000600s ]
[ sql ] [ SQL ] SHOW COLUMNS FROM `bear_detection` [ RunTime:0.001176s ]
[ sql ] [ SQL ] SELECT `name` FROM `bear_detection` WHERE  `id` = 16 LIMIT 1 [ RunTime:0.001340s ]
