---------------------------------------------------------------

[2020-02-24T09:52:04+08:00] 192.168.31.181 GET nginx.youzuo.com/admin/index/home.html
[运行时间：8.990373s] [吞吐率：0.11req/s] [内存消耗：4,189.36kb] [文件加载：103]
[ info ] [ LANG ] /www/web/youzuo/thinkphp/lang/zh-cn.php
[ info ] [ BIND ] 'backman'
[ info ] [ ROUTE ] array (
)
[ info ] [ HEADER ] array (
  'cookie' => 'Hm_lvt_514ab2fc3786256b672f9f1f68e9063e=1575721171; PHPSESSID=bl0llmmped2i7flc5st2p6j4p4; userId=2; login_time=1582275888',
  'accept-language' => 'zh-CN,zh;q=0.9',
  'accept-encoding' => 'gzip, deflate',
  'referer' => 'http://nginx.youzuo.com/admin/',
  'accept' => 'text/html,application/xhtml+xml,application/xml;q=0.9,image/webp,image/apng,*/*;q=0.8,application/signed-exchange;v=b3',
  'user-agent' => 'Mozilla/5.0 (Windows NT 6.1; Win64; x64) AppleWebKit/537.36 (KHTML, like Gecko) Chrome/73.0.3683.86 Safari/537.36',
  'upgrade-insecure-requests' => '1',
  'connection' => 'keep-alive',
  'host' => 'nginx.youzuo.com',
  'content-length' => '',
  'content-type' => '',
)
[ info ] [ PARAM ] array (
)
[ info ] [ DB ] INIT mysql
[ info ] [ VIEW ] /www/web/youzuo/application/backman/view/index/home.html [ array (
  0 => 'config',
  1 => 'admin',
  2 => 'adminGroup',
  3 => 'topNav',
  4 => 'pathCurrent',
  5 => 'path',
  6 => 'info',
) ]
[ sql ] [ DB ] CONNECT:[ UseTime:0.067283s ] mysql:host=127.0.0.1;dbname=youzuo;charset=utf8
[ sql ] [ SQL ] SHOW COLUMNS FROM `bear_config` [ RunTime:0.086633s ]
[ sql ] [ SQL ] SELECT * FROM `bear_config` [ RunTime:0.000630s ]
[ sql ] [ SQL ] SHOW COLUMNS FROM `bear_admin` [ RunTime:0.136549s ]
[ sql ] [ SQL ] SELECT * FROM `bear_admin` WHERE  `id` = 2 LIMIT 1 [ RunTime:0.092353s ]
[ sql ] [ SQL ] SHOW COLUMNS FROM `bear_group` [ RunTime:0.122771s ]
[ sql ] [ SQL ] SELECT * FROM `bear_group` WHERE  `id` = 1 LIMIT 1 [ RunTime:0.000565s ]
[ sql ] [ SQL ] SELECT * FROM `bear_group` WHERE  `id` = 1 LIMIT 1 [ RunTime:0.000358s ]
[ sql ] [ SQL ] SHOW COLUMNS FROM `bear_menu` [ RunTime:0.004140s ]
[ sql ] [ SQL ] SELECT * FROM `bear_menu` WHERE  `model` = 'Index'  AND `action` = 'home' LIMIT 1 [ RunTime:0.003994s ]
[ sql ] [ SQL ] SELECT * FROM `bear_menu` WHERE  `is_show` = 1 ORDER BY `sort` ASC [ RunTime:0.006253s ]
[ sql ] [ SQL ] SELECT * FROM `bear_menu` [ RunTime:0.000745s ]
[ sql ] [ SQL ] SELECT * FROM `bear_menu` WHERE  `model` = 'Index'  AND `action` = 'home' LIMIT 1 [ RunTime:0.000430s ]
[ sql ] [ SQL ] SHOW COLUMNS FROM `bear_customer` [ RunTime:0.257169s ]
[ sql ] [ SQL ] SELECT COUNT(*) AS tp_count FROM `bear_customer` WHERE  `status` >= 0 [ RunTime:0.000599s ]
[ sql ] [ SQL ] SHOW COLUMNS FROM `bear_order` [ RunTime:0.158823s ]
[ sql ] [ SQL ] SELECT COUNT(*) AS tp_count FROM `bear_order` WHERE  `status` >= 0 [ RunTime:0.001121s ]
[ sql ] [ SQL ] SELECT COUNT(*) AS tp_count FROM `bear_order` WHERE  `status` = 1 [ RunTime:0.000331s ]
[ sql ] [ SQL ] SHOW COLUMNS FROM `bear_detection` [ RunTime:0.149565s ]
[ sql ] [ SQL ] SELECT COUNT(*) AS tp_count FROM `bear_detection` WHERE  `status` >= 0 [ RunTime:0.001173s ]
[ sql ] [ SQL ] SELECT COUNT(*) AS tp_count FROM `bear_order` WHERE  `created_time` BETWEEN '2020-03-01 00:00:00' AND '2020-04-01 00:00:00' [ RunTime:0.000751s ]
[ sql ] [ SQL ] SELECT COUNT(*) AS tp_count FROM `bear_order` WHERE  `created_time` BETWEEN '2020-04-01 00:00:00' AND '2020-05-01 00:00:00' [ RunTime:0.001088s ]
[ sql ] [ SQL ] SELECT COUNT(*) AS tp_count FROM `bear_order` WHERE  `created_time` BETWEEN '2020-05-01 00:00:00' AND '2020-06-01 00:00:00' [ RunTime:0.000799s ]
[ sql ] [ SQL ] SELECT COUNT(*) AS tp_count FROM `bear_order` WHERE  `created_time` BETWEEN '2020-06-01 00:00:00' AND '2020-07-01 00:00:00' [ RunTime:0.000785s ]
[ sql ] [ SQL ] SELECT COUNT(*) AS tp_count FROM `bear_order` WHERE  `created_time` BETWEEN '2020-07-01 00:00:00' AND '2020-08-01 00:00:00' [ RunTime:0.000799s ]
[ sql ] [ SQL ] SELECT COUNT(*) AS tp_count FROM `bear_order` WHERE  `created_time` BETWEEN '2020-08-01 00:00:00' AND '2020-09-01 00:00:00' [ RunTime:0.000783s ]
[ sql ] [ SQL ] SELECT COUNT(*) AS tp_count FROM `bear_order` WHERE  `created_time` BETWEEN '2020-09-01 00:00:00' AND '2020-10-01 00:00:00' [ RunTime:0.000806s ]
[ sql ] [ SQL ] SELECT COUNT(*) AS tp_count FROM `bear_order` WHERE  `created_time` BETWEEN '2020-10-01 00:00:00' AND '2020-11-01 00:00:00' [ RunTime:0.000788s ]
[ sql ] [ SQL ] SELECT COUNT(*) AS tp_count FROM `bear_order` WHERE  `created_time` BETWEEN '2020-11-01 00:00:00' AND '2019-12-01 00:00:00' [ RunTime:0.000848s ]
[ sql ] [ SQL ] SELECT COUNT(*) AS tp_count FROM `bear_order` WHERE  `created_time` BETWEEN '2019-12-01 00:00:00' AND '2020-01-01 00:00:00' [ RunTime:0.000933s ]
[ sql ] [ SQL ] SELECT COUNT(*) AS tp_count FROM `bear_order` WHERE  `created_time` BETWEEN '2020-01-01 00:00:00' AND '2020-02-01 00:00:00' [ RunTime:0.000561s ]
[ sql ] [ SQL ] SELECT COUNT(*) AS tp_count FROM `bear_order` WHERE  `created_time` BETWEEN '2020-02-01 00:00:00' AND '2020-03-01 00:00:00' [ RunTime:0.001250s ]
---------------------------------------------------------------

[2020-02-24T09:52:04+08:00] 192.168.31.181 GET nginx.youzuo.com/admin/index/home.html
[运行时间：8.992112s] [吞吐率：0.11req/s] [内存消耗：4,189.37kb] [文件加载：103]
[ info ] [ LANG ] /www/web/youzuo/thinkphp/lang/zh-cn.php
[ info ] [ BIND ] 'backman'
[ info ] [ ROUTE ] array (
)
[ info ] [ HEADER ] array (
  'cookie' => 'Hm_lvt_514ab2fc3786256b672f9f1f68e9063e=1575721171; PHPSESSID=bl0llmmped2i7flc5st2p6j4p4; userId=2; login_time=1582275888',
  'accept-language' => 'zh-CN,zh;q=0.9',
  'accept-encoding' => 'gzip, deflate',
  'referer' => 'http://nginx.youzuo.com/admin/',
  'accept' => 'text/html,application/xhtml+xml,application/xml;q=0.9,image/webp,image/apng,*/*;q=0.8,application/signed-exchange;v=b3',
  'user-agent' => 'Mozilla/5.0 (Windows NT 6.1; Win64; x64) AppleWebKit/537.36 (KHTML, like Gecko) Chrome/73.0.3683.86 Safari/537.36',
  'upgrade-insecure-requests' => '1',
  'connection' => 'keep-alive',
  'host' => 'nginx.youzuo.com',
  'content-length' => '',
  'content-type' => '',
)
[ info ] [ PARAM ] array (
)
[ info ] [ DB ] INIT mysql
[ info ] [ VIEW ] /www/web/youzuo/application/backman/view/index/home.html [ array (
  0 => 'config',
  1 => 'admin',
  2 => 'adminGroup',
  3 => 'topNav',
  4 => 'pathCurrent',
  5 => 'path',
  6 => 'info',
) ]
[ sql ] [ DB ] CONNECT:[ UseTime:0.063928s ] mysql:host=127.0.0.1;dbname=youzuo;charset=utf8
[ sql ] [ SQL ] SHOW COLUMNS FROM `bear_config` [ RunTime:0.083895s ]
[ sql ] [ SQL ] SELECT * FROM `bear_config` [ RunTime:0.002202s ]
[ sql ] [ SQL ] SHOW COLUMNS FROM `bear_admin` [ RunTime:0.136273s ]
[ sql ] [ SQL ] SELECT * FROM `bear_admin` WHERE  `id` = 2 LIMIT 1 [ RunTime:0.091065s ]
[ sql ] [ SQL ] SHOW COLUMNS FROM `bear_group` [ RunTime:0.121834s ]
[ sql ] [ SQL ] SELECT * FROM `bear_group` WHERE  `id` = 1 LIMIT 1 [ RunTime:0.002215s ]
[ sql ] [ SQL ] SELECT * FROM `bear_group` WHERE  `id` = 1 LIMIT 1 [ RunTime:0.000360s ]
[ sql ] [ SQL ] SHOW COLUMNS FROM `bear_menu` [ RunTime:0.007530s ]
[ sql ] [ SQL ] SELECT * FROM `bear_menu` WHERE  `model` = 'Index'  AND `action` = 'home' LIMIT 1 [ RunTime:0.001721s ]
[ sql ] [ SQL ] SELECT * FROM `bear_menu` WHERE  `is_show` = 1 ORDER BY `sort` ASC [ RunTime:0.002403s ]
[ sql ] [ SQL ] SELECT * FROM `bear_menu` [ RunTime:0.000478s ]
[ sql ] [ SQL ] SELECT * FROM `bear_menu` WHERE  `model` = 'Index'  AND `action` = 'home' LIMIT 1 [ RunTime:0.000370s ]
[ sql ] [ SQL ] SHOW COLUMNS FROM `bear_customer` [ RunTime:0.256592s ]
[ sql ] [ SQL ] SELECT COUNT(*) AS tp_count FROM `bear_customer` WHERE  `status` >= 0 [ RunTime:0.000428s ]
[ sql ] [ SQL ] SHOW COLUMNS FROM `bear_order` [ RunTime:0.157903s ]
[ sql ] [ SQL ] SELECT COUNT(*) AS tp_count FROM `bear_order` WHERE  `status` >= 0 [ RunTime:0.001271s ]
[ sql ] [ SQL ] SELECT COUNT(*) AS tp_count FROM `bear_order` WHERE  `status` = 1 [ RunTime:0.000326s ]
[ sql ] [ SQL ] SHOW COLUMNS FROM `bear_detection` [ RunTime:0.148870s ]
[ sql ] [ SQL ] SELECT COUNT(*) AS tp_count FROM `bear_detection` WHERE  `status` >= 0 [ RunTime:0.000558s ]
[ sql ] [ SQL ] SELECT COUNT(*) AS tp_count FROM `bear_order` WHERE  `created_time` BETWEEN '2020-03-01 00:00:00' AND '2020-04-01 00:00:00' [ RunTime:0.001587s ]
[ sql ] [ SQL ] SELECT COUNT(*) AS tp_count FROM `bear_order` WHERE  `created_time` BETWEEN '2020-04-01 00:00:00' AND '2020-05-01 00:00:00' [ RunTime:0.000670s ]
[ sql ] [ SQL ] SELECT COUNT(*) AS tp_count FROM `bear_order` WHERE  `created_time` BETWEEN '2020-05-01 00:00:00' AND '2020-06-01 00:00:00' [ RunTime:0.000798s ]
[ sql ] [ SQL ] SELECT COUNT(*) AS tp_count FROM `bear_order` WHERE  `created_time` BETWEEN '2020-06-01 00:00:00' AND '2020-07-01 00:00:00' [ RunTime:0.000783s ]
[ sql ] [ SQL ] SELECT COUNT(*) AS tp_count FROM `bear_order` WHERE  `created_time` BETWEEN '2020-07-01 00:00:00' AND '2020-08-01 00:00:00' [ RunTime:0.000796s ]
[ sql ] [ SQL ] SELECT COUNT(*) AS tp_count FROM `bear_order` WHERE  `created_time` BETWEEN '2020-08-01 00:00:00' AND '2020-09-01 00:00:00' [ RunTime:0.000782s ]
[ sql ] [ SQL ] SELECT COUNT(*) AS tp_count FROM `bear_order` WHERE  `created_time` BETWEEN '2020-09-01 00:00:00' AND '2020-10-01 00:00:00' [ RunTime:0.000798s ]
[ sql ] [ SQL ] SELECT COUNT(*) AS tp_count FROM `bear_order` WHERE  `created_time` BETWEEN '2020-10-01 00:00:00' AND '2020-11-01 00:00:00' [ RunTime:0.000790s ]
[ sql ] [ SQL ] SELECT COUNT(*) AS tp_count FROM `bear_order` WHERE  `created_time` BETWEEN '2020-11-01 00:00:00' AND '2019-12-01 00:00:00' [ RunTime:0.000615s ]
[ sql ] [ SQL ] SELECT COUNT(*) AS tp_count FROM `bear_order` WHERE  `created_time` BETWEEN '2019-12-01 00:00:00' AND '2020-01-01 00:00:00' [ RunTime:0.001139s ]
[ sql ] [ SQL ] SELECT COUNT(*) AS tp_count FROM `bear_order` WHERE  `created_time` BETWEEN '2020-01-01 00:00:00' AND '2020-02-01 00:00:00' [ RunTime:0.000979s ]
[ sql ] [ SQL ] SELECT COUNT(*) AS tp_count FROM `bear_order` WHERE  `created_time` BETWEEN '2020-02-01 00:00:00' AND '2020-03-01 00:00:00' [ RunTime:0.000484s ]
---------------------------------------------------------------

[2020-02-24T20:00:41+08:00] 192.168.31.181 GET nginx.youzuo.com/admin/
[运行时间：0.108865s] [吞吐率：9.19req/s] [内存消耗：4,032.49kb] [文件加载：99]
[ info ] [ LANG ] /www/web/youzuo/thinkphp/lang/zh-cn.php
[ info ] [ BIND ] 'backman'
[ info ] [ ROUTE ] array (
)
[ info ] [ HEADER ] array (
  'cookie' => 'Hm_lvt_514ab2fc3786256b672f9f1f68e9063e=1575721171; PHPSESSID=bl0llmmped2i7flc5st2p6j4p4; userId=2; login_time=1582275888',
  'accept-language' => 'zh-CN,zh;q=0.9',
  'accept-encoding' => 'gzip, deflate',
  'referer' => 'http://nginx.youzuo.com/admin/auth/login.html',
  'accept' => 'text/html,application/xhtml+xml,application/xml;q=0.9,image/webp,image/apng,*/*;q=0.8,application/signed-exchange;v=b3',
  'user-agent' => 'Mozilla/5.0 (Windows NT 6.1; Win64; x64) AppleWebKit/537.36 (KHTML, like Gecko) Chrome/73.0.3683.86 Safari/537.36',
  'upgrade-insecure-requests' => '1',
  'cache-control' => 'max-age=0',
  'connection' => 'keep-alive',
  'host' => 'nginx.youzuo.com',
  'content-length' => '',
  'content-type' => '',
)
[ info ] [ PARAM ] array (
)
[ info ] [ DB ] INIT mysql
[ info ] [ VIEW ] /www/web/youzuo/application/backman/view/index/index.html [ array (
  0 => 'config',
  1 => 'admin',
  2 => 'adminGroup',
  3 => 'topNav',
  4 => 'pathCurrent',
  5 => 'path',
) ]
[ sql ] [ DB ] CONNECT:[ UseTime:0.000680s ] mysql:host=127.0.0.1;dbname=youzuo;charset=utf8
[ sql ] [ SQL ] SHOW COLUMNS FROM `bear_config` [ RunTime:0.000959s ]
[ sql ] [ SQL ] SELECT * FROM `bear_config` [ RunTime:0.000436s ]
[ sql ] [ SQL ] SHOW COLUMNS FROM `bear_admin` [ RunTime:0.001063s ]
[ sql ] [ SQL ] SELECT * FROM `bear_admin` WHERE  `id` = 2 LIMIT 1 [ RunTime:0.000417s ]
[ sql ] [ SQL ] SHOW COLUMNS FROM `bear_group` [ RunTime:0.000659s ]
[ sql ] [ SQL ] SELECT * FROM `bear_group` WHERE  `id` = 1 LIMIT 1 [ RunTime:0.000338s ]
[ sql ] [ SQL ] SELECT * FROM `bear_group` WHERE  `id` = 1 LIMIT 1 [ RunTime:0.000331s ]
[ sql ] [ SQL ] SHOW COLUMNS FROM `bear_menu` [ RunTime:0.000725s ]
[ sql ] [ SQL ] SELECT * FROM `bear_menu` WHERE  `model` = 'Index'  AND `action` = 'index' LIMIT 1 [ RunTime:0.000397s ]
[ sql ] [ SQL ] SELECT * FROM `bear_menu` WHERE  `is_show` = 1 ORDER BY `sort` ASC [ RunTime:0.000653s ]
[ sql ] [ SQL ] SELECT * FROM `bear_menu` [ RunTime:0.000648s ]
[ sql ] [ SQL ] SELECT * FROM `bear_menu` WHERE  `model` = 'Index'  AND `action` = 'index' LIMIT 1 [ RunTime:0.000566s ]
[ sql ] [ SQL ] SELECT * FROM `bear_menu` WHERE  `model` = 'Index'  AND `extend` LIKE '%index%' LIMIT 1 [ RunTime:0.000529s ]
---------------------------------------------------------------

[2020-02-24T20:00:43+08:00] 192.168.31.181 GET nginx.youzuo.com/admin/index/home.html
[运行时间：0.117532s] [吞吐率：8.51req/s] [内存消耗：4,189.37kb] [文件加载：103]
[ info ] [ LANG ] /www/web/youzuo/thinkphp/lang/zh-cn.php
[ info ] [ BIND ] 'backman'
[ info ] [ ROUTE ] array (
)
[ info ] [ HEADER ] array (
  'cookie' => 'Hm_lvt_514ab2fc3786256b672f9f1f68e9063e=1575721171; PHPSESSID=bl0llmmped2i7flc5st2p6j4p4; userId=2; login_time=1582275888',
  'accept-language' => 'zh-CN,zh;q=0.9',
  'accept-encoding' => 'gzip, deflate',
  'referer' => 'http://nginx.youzuo.com/admin/',
  'accept' => 'text/html,application/xhtml+xml,application/xml;q=0.9,image/webp,image/apng,*/*;q=0.8,application/signed-exchange;v=b3',
  'user-agent' => 'Mozilla/5.0 (Windows NT 6.1; Win64; x64) AppleWebKit/537.36 (KHTML, like Gecko) Chrome/73.0.3683.86 Safari/537.36',
  'upgrade-insecure-requests' => '1',
  'connection' => 'keep-alive',
  'host' => 'nginx.youzuo.com',
  'content-length' => '',
  'content-type' => '',
)
[ info ] [ PARAM ] array (
)
[ info ] [ DB ] INIT mysql
[ info ] [ VIEW ] /www/web/youzuo/application/backman/view/index/home.html [ array (
  0 => 'config',
  1 => 'admin',
  2 => 'adminGroup',
  3 => 'topNav',
  4 => 'pathCurrent',
  5 => 'path',
  6 => 'info',
) ]
[ sql ] [ DB ] CONNECT:[ UseTime:0.001852s ] mysql:host=127.0.0.1;dbname=youzuo;charset=utf8
[ sql ] [ SQL ] SHOW COLUMNS FROM `bear_config` [ RunTime:0.001038s ]
[ sql ] [ SQL ] SELECT * FROM `bear_config` [ RunTime:0.000740s ]
[ sql ] [ SQL ] SHOW COLUMNS FROM `bear_admin` [ RunTime:0.002499s ]
[ sql ] [ SQL ] SELECT * FROM `bear_admin` WHERE  `id` = 2 LIMIT 1 [ RunTime:0.000655s ]
[ sql ] [ SQL ] SHOW COLUMNS FROM `bear_group` [ RunTime:0.001927s ]
[ sql ] [ SQL ] SELECT * FROM `bear_group` WHERE  `id` = 1 LIMIT 1 [ RunTime:0.000707s ]
[ sql ] [ SQL ] SELECT * FROM `bear_group` WHERE  `id` = 1 LIMIT 1 [ RunTime:0.000573s ]
[ sql ] [ SQL ] SHOW COLUMNS FROM `bear_menu` [ RunTime:0.001385s ]
[ sql ] [ SQL ] SELECT * FROM `bear_menu` WHERE  `model` = 'Index'  AND `action` = 'home' LIMIT 1 [ RunTime:0.000695s ]
[ sql ] [ SQL ] SELECT * FROM `bear_menu` WHERE  `is_show` = 1 ORDER BY `sort` ASC [ RunTime:0.000765s ]
[ sql ] [ SQL ] SELECT * FROM `bear_menu` [ RunTime:0.001657s ]
[ sql ] [ SQL ] SELECT * FROM `bear_menu` WHERE  `model` = 'Index'  AND `action` = 'home' LIMIT 1 [ RunTime:0.000905s ]
[ sql ] [ SQL ] SHOW COLUMNS FROM `bear_customer` [ RunTime:0.001206s ]
[ sql ] [ SQL ] SELECT COUNT(*) AS tp_count FROM `bear_customer` WHERE  `status` >= 0 [ RunTime:0.000415s ]
[ sql ] [ SQL ] SHOW COLUMNS FROM `bear_order` [ RunTime:0.001278s ]
[ sql ] [ SQL ] SELECT COUNT(*) AS tp_count FROM `bear_order` WHERE  `status` >= 0 [ RunTime:0.000494s ]
[ sql ] [ SQL ] SELECT COUNT(*) AS tp_count FROM `bear_order` WHERE  `status` = 1 [ RunTime:0.000468s ]
[ sql ] [ SQL ] SHOW COLUMNS FROM `bear_detection` [ RunTime:0.000897s ]
[ sql ] [ SQL ] SELECT COUNT(*) AS tp_count FROM `bear_detection` WHERE  `status` >= 0 [ RunTime:0.000738s ]
[ sql ] [ SQL ] SELECT COUNT(*) AS tp_count FROM `bear_order` WHERE  `created_time` BETWEEN '2020-03-01 00:00:00' AND '2020-04-01 00:00:00' [ RunTime:0.000511s ]
[ sql ] [ SQL ] SELECT COUNT(*) AS tp_count FROM `bear_order` WHERE  `created_time` BETWEEN '2020-04-01 00:00:00' AND '2020-05-01 00:00:00' [ RunTime:0.000338s ]
[ sql ] [ SQL ] SELECT COUNT(*) AS tp_count FROM `bear_order` WHERE  `created_time` BETWEEN '2020-05-01 00:00:00' AND '2020-06-01 00:00:00' [ RunTime:0.000386s ]
[ sql ] [ SQL ] SELECT COUNT(*) AS tp_count FROM `bear_order` WHERE  `created_time` BETWEEN '2020-06-01 00:00:00' AND '2020-07-01 00:00:00' [ RunTime:0.000333s ]
[ sql ] [ SQL ] SELECT COUNT(*) AS tp_count FROM `bear_order` WHERE  `created_time` BETWEEN '2020-07-01 00:00:00' AND '2020-08-01 00:00:00' [ RunTime:0.000371s ]
[ sql ] [ SQL ] SELECT COUNT(*) AS tp_count FROM `bear_order` WHERE  `created_time` BETWEEN '2020-08-01 00:00:00' AND '2020-09-01 00:00:00' [ RunTime:0.000327s ]
[ sql ] [ SQL ] SELECT COUNT(*) AS tp_count FROM `bear_order` WHERE  `created_time` BETWEEN '2020-09-01 00:00:00' AND '2020-10-01 00:00:00' [ RunTime:0.000320s ]
[ sql ] [ SQL ] SELECT COUNT(*) AS tp_count FROM `bear_order` WHERE  `created_time` BETWEEN '2020-10-01 00:00:00' AND '2020-11-01 00:00:00' [ RunTime:0.000364s ]
[ sql ] [ SQL ] SELECT COUNT(*) AS tp_count FROM `bear_order` WHERE  `created_time` BETWEEN '2020-11-01 00:00:00' AND '2019-12-01 00:00:00' [ RunTime:0.000497s ]
[ sql ] [ SQL ] SELECT COUNT(*) AS tp_count FROM `bear_order` WHERE  `created_time` BETWEEN '2019-12-01 00:00:00' AND '2020-01-01 00:00:00' [ RunTime:0.000500s ]
[ sql ] [ SQL ] SELECT COUNT(*) AS tp_count FROM `bear_order` WHERE  `created_time` BETWEEN '2020-01-01 00:00:00' AND '2020-02-01 00:00:00' [ RunTime:0.000684s ]
[ sql ] [ SQL ] SELECT COUNT(*) AS tp_count FROM `bear_order` WHERE  `created_time` BETWEEN '2020-02-01 00:00:00' AND '2020-03-01 00:00:00' [ RunTime:0.000516s ]
---------------------------------------------------------------

[2020-02-24T20:00:44+08:00] 192.168.31.181 GET nginx.youzuo.com/admin/index/home.html
[运行时间：0.090730s] [吞吐率：11.02req/s] [内存消耗：4,189.37kb] [文件加载：103]
[ info ] [ LANG ] /www/web/youzuo/thinkphp/lang/zh-cn.php
[ info ] [ BIND ] 'backman'
[ info ] [ ROUTE ] array (
)
[ info ] [ HEADER ] array (
  'cookie' => 'Hm_lvt_514ab2fc3786256b672f9f1f68e9063e=1575721171; PHPSESSID=bl0llmmped2i7flc5st2p6j4p4; userId=2; login_time=1582275888',
  'accept-language' => 'zh-CN,zh;q=0.9',
  'accept-encoding' => 'gzip, deflate',
  'referer' => 'http://nginx.youzuo.com/admin/',
  'accept' => 'text/html,application/xhtml+xml,application/xml;q=0.9,image/webp,image/apng,*/*;q=0.8,application/signed-exchange;v=b3',
  'user-agent' => 'Mozilla/5.0 (Windows NT 6.1; Win64; x64) AppleWebKit/537.36 (KHTML, like Gecko) Chrome/73.0.3683.86 Safari/537.36',
  'upgrade-insecure-requests' => '1',
  'connection' => 'keep-alive',
  'host' => 'nginx.youzuo.com',
  'content-length' => '',
  'content-type' => '',
)
[ info ] [ PARAM ] array (
)
[ info ] [ DB ] INIT mysql
[ info ] [ VIEW ] /www/web/youzuo/application/backman/view/index/home.html [ array (
  0 => 'config',
  1 => 'admin',
  2 => 'adminGroup',
  3 => 'topNav',
  4 => 'pathCurrent',
  5 => 'path',
  6 => 'info',
) ]
[ sql ] [ DB ] CONNECT:[ UseTime:0.000771s ] mysql:host=127.0.0.1;dbname=youzuo;charset=utf8
[ sql ] [ SQL ] SHOW COLUMNS FROM `bear_config` [ RunTime:0.000951s ]
[ sql ] [ SQL ] SELECT * FROM `bear_config` [ RunTime:0.000498s ]
[ sql ] [ SQL ] SHOW COLUMNS FROM `bear_admin` [ RunTime:0.000881s ]
[ sql ] [ SQL ] SELECT * FROM `bear_admin` WHERE  `id` = 2 LIMIT 1 [ RunTime:0.000555s ]
[ sql ] [ SQL ] SHOW COLUMNS FROM `bear_group` [ RunTime:0.000742s ]
[ sql ] [ SQL ] SELECT * FROM `bear_group` WHERE  `id` = 1 LIMIT 1 [ RunTime:0.000358s ]
[ sql ] [ SQL ] SELECT * FROM `bear_group` WHERE  `id` = 1 LIMIT 1 [ RunTime:0.000518s ]
[ sql ] [ SQL ] SHOW COLUMNS FROM `bear_menu` [ RunTime:0.000860s ]
[ sql ] [ SQL ] SELECT * FROM `bear_menu` WHERE  `model` = 'Index'  AND `action` = 'home' LIMIT 1 [ RunTime:0.000476s ]
[ sql ] [ SQL ] SELECT * FROM `bear_menu` WHERE  `is_show` = 1 ORDER BY `sort` ASC [ RunTime:0.000834s ]
[ sql ] [ SQL ] SELECT * FROM `bear_menu` [ RunTime:0.000783s ]
[ sql ] [ SQL ] SELECT * FROM `bear_menu` WHERE  `model` = 'Index'  AND `action` = 'home' LIMIT 1 [ RunTime:0.000918s ]
[ sql ] [ SQL ] SHOW COLUMNS FROM `bear_customer` [ RunTime:0.001300s ]
[ sql ] [ SQL ] SELECT COUNT(*) AS tp_count FROM `bear_customer` WHERE  `status` >= 0 [ RunTime:0.001011s ]
[ sql ] [ SQL ] SHOW COLUMNS FROM `bear_order` [ RunTime:0.001555s ]
[ sql ] [ SQL ] SELECT COUNT(*) AS tp_count FROM `bear_order` WHERE  `status` >= 0 [ RunTime:0.000543s ]
[ sql ] [ SQL ] SELECT COUNT(*) AS tp_count FROM `bear_order` WHERE  `status` = 1 [ RunTime:0.000434s ]
[ sql ] [ SQL ] SHOW COLUMNS FROM `bear_detection` [ RunTime:0.000920s ]
[ sql ] [ SQL ] SELECT COUNT(*) AS tp_count FROM `bear_detection` WHERE  `status` >= 0 [ RunTime:0.000430s ]
[ sql ] [ SQL ] SELECT COUNT(*) AS tp_count FROM `bear_order` WHERE  `created_time` BETWEEN '2020-03-01 00:00:00' AND '2020-04-01 00:00:00' [ RunTime:0.000433s ]
[ sql ] [ SQL ] SELECT COUNT(*) AS tp_count FROM `bear_order` WHERE  `created_time` BETWEEN '2020-04-01 00:00:00' AND '2020-05-01 00:00:00' [ RunTime:0.000329s ]
[ sql ] [ SQL ] SELECT COUNT(*) AS tp_count FROM `bear_order` WHERE  `created_time` BETWEEN '2020-05-01 00:00:00' AND '2020-06-01 00:00:00' [ RunTime:0.000447s ]
[ sql ] [ SQL ] SELECT COUNT(*) AS tp_count FROM `bear_order` WHERE  `created_time` BETWEEN '2020-06-01 00:00:00' AND '2020-07-01 00:00:00' [ RunTime:0.000326s ]
[ sql ] [ SQL ] SELECT COUNT(*) AS tp_count FROM `bear_order` WHERE  `created_time` BETWEEN '2020-07-01 00:00:00' AND '2020-08-01 00:00:00' [ RunTime:0.000407s ]
[ sql ] [ SQL ] SELECT COUNT(*) AS tp_count FROM `bear_order` WHERE  `created_time` BETWEEN '2020-08-01 00:00:00' AND '2020-09-01 00:00:00' [ RunTime:0.000325s ]
[ sql ] [ SQL ] SELECT COUNT(*) AS tp_count FROM `bear_order` WHERE  `created_time` BETWEEN '2020-09-01 00:00:00' AND '2020-10-01 00:00:00' [ RunTime:0.000376s ]
[ sql ] [ SQL ] SELECT COUNT(*) AS tp_count FROM `bear_order` WHERE  `created_time` BETWEEN '2020-10-01 00:00:00' AND '2020-11-01 00:00:00' [ RunTime:0.000324s ]
[ sql ] [ SQL ] SELECT COUNT(*) AS tp_count FROM `bear_order` WHERE  `created_time` BETWEEN '2020-11-01 00:00:00' AND '2019-12-01 00:00:00' [ RunTime:0.000381s ]
[ sql ] [ SQL ] SELECT COUNT(*) AS tp_count FROM `bear_order` WHERE  `created_time` BETWEEN '2019-12-01 00:00:00' AND '2020-01-01 00:00:00' [ RunTime:0.000349s ]
[ sql ] [ SQL ] SELECT COUNT(*) AS tp_count FROM `bear_order` WHERE  `created_time` BETWEEN '2020-01-01 00:00:00' AND '2020-02-01 00:00:00' [ RunTime:0.000410s ]
[ sql ] [ SQL ] SELECT COUNT(*) AS tp_count FROM `bear_order` WHERE  `created_time` BETWEEN '2020-02-01 00:00:00' AND '2020-03-01 00:00:00' [ RunTime:0.000353s ]
