---------------------------------------------------------------

[2020-03-25T14:19:43+08:00] 192.168.0.35 GET nginx.youzuo.com/admin/index/home.html
[运行时间：1.792154s] [吞吐率：0.56req/s] [内存消耗：4,130.90kb] [文件加载：103]
[ info ] [ LANG ] /www/web/youzuo/thinkphp/lang/zh-cn.php
[ info ] [ BIND ] 'backman'
[ info ] [ ROUTE ] array (
)
[ info ] [ HEADER ] array (
  'cookie' => 'Hm_lvt_514ab2fc3786256b672f9f1f68e9063e=1575721171; PHPSESSID=8an0pvjuea4toupct65b5n712o; userId=2; login_time=1585028380',
  'accept-language' => 'zh-CN,zh;q=0.9',
  'accept-encoding' => 'gzip, deflate',
  'referer' => 'http://nginx.youzuo.com/admin/',
  'accept' => 'text/html,application/xhtml+xml,application/xml;q=0.9,image/webp,image/apng,*/*;q=0.8,application/signed-exchange;v=b3;q=0.9',
  'user-agent' => 'Mozilla/5.0 (Windows NT 6.1; Win64; x64) AppleWebKit/537.36 (KHTML, like Gecko) Chrome/80.0.3987.132 Safari/537.36',
  'upgrade-insecure-requests' => '1',
  'connection' => 'keep-alive',
  'host' => 'nginx.youzuo.com',
  'content-length' => '',
  'content-type' => '',
)
[ info ] [ PARAM ] array (
)
[ info ] [ DB ] INIT mysql
[ info ] [ VIEW ] /www/web/youzuo/application/backman/view/index/home.html [ array (
  0 => 'config',
  1 => 'admin',
  2 => 'adminGroup',
  3 => 'topNav',
  4 => 'pathCurrent',
  5 => 'path',
  6 => 'info',
) ]
[ sql ] [ DB ] CONNECT:[ UseTime:0.100454s ] mysql:host=127.0.0.1;dbname=youzuo;charset=utf8
[ sql ] [ SQL ] SHOW COLUMNS FROM `bear_config` [ RunTime:0.282891s ]
[ sql ] [ SQL ] SELECT * FROM `bear_config` [ RunTime:0.005870s ]
[ sql ] [ SQL ] SHOW COLUMNS FROM `bear_admin` [ RunTime:0.019638s ]
[ sql ] [ SQL ] SELECT * FROM `bear_admin` WHERE  `id` = 2 LIMIT 1 [ RunTime:0.020999s ]
[ sql ] [ SQL ] SHOW COLUMNS FROM `bear_group` [ RunTime:0.007695s ]
[ sql ] [ SQL ] SELECT * FROM `bear_group` WHERE  `id` = 1 LIMIT 1 [ RunTime:0.001580s ]
[ sql ] [ SQL ] SELECT * FROM `bear_group` WHERE  `id` = 1 LIMIT 1 [ RunTime:0.000426s ]
[ sql ] [ SQL ] SHOW COLUMNS FROM `bear_menu` [ RunTime:0.030111s ]
[ sql ] [ SQL ] SELECT * FROM `bear_menu` WHERE  `model` = 'Index'  AND `action` = 'home' LIMIT 1 [ RunTime:0.000823s ]
[ sql ] [ SQL ] SELECT * FROM `bear_menu` WHERE  `is_show` = 1 ORDER BY `sort` ASC [ RunTime:0.019805s ]
[ sql ] [ SQL ] SELECT * FROM `bear_menu` [ RunTime:0.000811s ]
[ sql ] [ SQL ] SELECT * FROM `bear_menu` WHERE  `model` = 'Index'  AND `action` = 'home' LIMIT 1 [ RunTime:0.002070s ]
[ sql ] [ SQL ] SHOW COLUMNS FROM `bear_customer` [ RunTime:0.008134s ]
[ sql ] [ SQL ] SELECT COUNT(*) AS tp_count FROM `bear_customer` WHERE  `status` >= 0 [ RunTime:0.028292s ]
[ sql ] [ SQL ] SHOW COLUMNS FROM `bear_order` [ RunTime:0.092009s ]
[ sql ] [ SQL ] SELECT COUNT(*) AS tp_count FROM `bear_order` WHERE  `status` >= 0 [ RunTime:0.001143s ]
[ sql ] [ SQL ] SELECT COUNT(*) AS tp_count FROM `bear_order` WHERE  `status` = 1 [ RunTime:0.000651s ]
[ sql ] [ SQL ] SHOW COLUMNS FROM `bear_detection` [ RunTime:0.004145s ]
[ sql ] [ SQL ] SELECT COUNT(*) AS tp_count FROM `bear_detection` WHERE  `status` >= 0 [ RunTime:0.001794s ]
[ sql ] [ SQL ] SELECT COUNT(*) AS tp_count FROM `bear_order` WHERE  `created_time` BETWEEN '2020-04-01 00:00:00' AND '2020-05-01 00:00:00' [ RunTime:0.001604s ]
[ sql ] [ SQL ] SELECT COUNT(*) AS tp_count FROM `bear_order` WHERE  `created_time` BETWEEN '2020-05-01 00:00:00' AND '2020-06-01 00:00:00' [ RunTime:0.000840s ]
[ sql ] [ SQL ] SELECT COUNT(*) AS tp_count FROM `bear_order` WHERE  `created_time` BETWEEN '2020-06-01 00:00:00' AND '2020-07-01 00:00:00' [ RunTime:0.001145s ]
[ sql ] [ SQL ] SELECT COUNT(*) AS tp_count FROM `bear_order` WHERE  `created_time` BETWEEN '2020-07-01 00:00:00' AND '2020-08-01 00:00:00' [ RunTime:0.000813s ]
[ sql ] [ SQL ] SELECT COUNT(*) AS tp_count FROM `bear_order` WHERE  `created_time` BETWEEN '2020-08-01 00:00:00' AND '2020-09-01 00:00:00' [ RunTime:0.001174s ]
[ sql ] [ SQL ] SELECT COUNT(*) AS tp_count FROM `bear_order` WHERE  `created_time` BETWEEN '2020-09-01 00:00:00' AND '2020-10-01 00:00:00' [ RunTime:0.000542s ]
[ sql ] [ SQL ] SELECT COUNT(*) AS tp_count FROM `bear_order` WHERE  `created_time` BETWEEN '2020-10-01 00:00:00' AND '2020-11-01 00:00:00' [ RunTime:0.000849s ]
[ sql ] [ SQL ] SELECT COUNT(*) AS tp_count FROM `bear_order` WHERE  `created_time` BETWEEN '2020-11-01 00:00:00' AND '2019-12-01 00:00:00' [ RunTime:0.000501s ]
[ sql ] [ SQL ] SELECT COUNT(*) AS tp_count FROM `bear_order` WHERE  `created_time` BETWEEN '2019-12-01 00:00:00' AND '2020-01-01 00:00:00' [ RunTime:0.000430s ]
[ sql ] [ SQL ] SELECT COUNT(*) AS tp_count FROM `bear_order` WHERE  `created_time` BETWEEN '2020-01-01 00:00:00' AND '2020-02-01 00:00:00' [ RunTime:0.000431s ]
[ sql ] [ SQL ] SELECT COUNT(*) AS tp_count FROM `bear_order` WHERE  `created_time` BETWEEN '2020-02-01 00:00:00' AND '2020-03-01 00:00:00' [ RunTime:0.000620s ]
[ sql ] [ SQL ] SELECT COUNT(*) AS tp_count FROM `bear_order` WHERE  `created_time` BETWEEN '2020-03-01 00:00:00' AND '2020-04-01 00:00:00' [ RunTime:0.001545s ]
---------------------------------------------------------------

[2020-03-25T14:19:43+08:00] 192.168.0.35 GET nginx.youzuo.com/admin/index/home.html
[运行时间：1.789137s] [吞吐率：0.56req/s] [内存消耗：4,130.90kb] [文件加载：103]
[ info ] [ LANG ] /www/web/youzuo/thinkphp/lang/zh-cn.php
[ info ] [ BIND ] 'backman'
[ info ] [ ROUTE ] array (
)
[ info ] [ HEADER ] array (
  'cookie' => 'Hm_lvt_514ab2fc3786256b672f9f1f68e9063e=1575721171; PHPSESSID=8an0pvjuea4toupct65b5n712o; userId=2; login_time=1585028380',
  'accept-language' => 'zh-CN,zh;q=0.9',
  'accept-encoding' => 'gzip, deflate',
  'referer' => 'http://nginx.youzuo.com/admin/',
  'accept' => 'text/html,application/xhtml+xml,application/xml;q=0.9,image/webp,image/apng,*/*;q=0.8,application/signed-exchange;v=b3;q=0.9',
  'user-agent' => 'Mozilla/5.0 (Windows NT 6.1; Win64; x64) AppleWebKit/537.36 (KHTML, like Gecko) Chrome/80.0.3987.132 Safari/537.36',
  'upgrade-insecure-requests' => '1',
  'connection' => 'keep-alive',
  'host' => 'nginx.youzuo.com',
  'content-length' => '',
  'content-type' => '',
)
[ info ] [ PARAM ] array (
)
[ info ] [ DB ] INIT mysql
[ info ] [ VIEW ] /www/web/youzuo/application/backman/view/index/home.html [ array (
  0 => 'config',
  1 => 'admin',
  2 => 'adminGroup',
  3 => 'topNav',
  4 => 'pathCurrent',
  5 => 'path',
  6 => 'info',
) ]
[ sql ] [ DB ] CONNECT:[ UseTime:0.100272s ] mysql:host=127.0.0.1;dbname=youzuo;charset=utf8
[ sql ] [ SQL ] SHOW COLUMNS FROM `bear_config` [ RunTime:0.215631s ]
[ sql ] [ SQL ] SELECT * FROM `bear_config` [ RunTime:0.004261s ]
[ sql ] [ SQL ] SHOW COLUMNS FROM `bear_admin` [ RunTime:0.019858s ]
[ sql ] [ SQL ] SELECT * FROM `bear_admin` WHERE  `id` = 2 LIMIT 1 [ RunTime:0.025239s ]
[ sql ] [ SQL ] SHOW COLUMNS FROM `bear_group` [ RunTime:0.007775s ]
[ sql ] [ SQL ] SELECT * FROM `bear_group` WHERE  `id` = 1 LIMIT 1 [ RunTime:0.000635s ]
[ sql ] [ SQL ] SELECT * FROM `bear_group` WHERE  `id` = 1 LIMIT 1 [ RunTime:0.000650s ]
[ sql ] [ SQL ] SHOW COLUMNS FROM `bear_menu` [ RunTime:0.017930s ]
[ sql ] [ SQL ] SELECT * FROM `bear_menu` WHERE  `model` = 'Index'  AND `action` = 'home' LIMIT 1 [ RunTime:0.004817s ]
[ sql ] [ SQL ] SELECT * FROM `bear_menu` WHERE  `is_show` = 1 ORDER BY `sort` ASC [ RunTime:0.001667s ]
[ sql ] [ SQL ] SELECT * FROM `bear_menu` [ RunTime:0.002612s ]
[ sql ] [ SQL ] SELECT * FROM `bear_menu` WHERE  `model` = 'Index'  AND `action` = 'home' LIMIT 1 [ RunTime:0.000799s ]
[ sql ] [ SQL ] SHOW COLUMNS FROM `bear_customer` [ RunTime:0.006396s ]
[ sql ] [ SQL ] SELECT COUNT(*) AS tp_count FROM `bear_customer` WHERE  `status` >= 0 [ RunTime:0.001907s ]
[ sql ] [ SQL ] SHOW COLUMNS FROM `bear_order` [ RunTime:0.090325s ]
[ sql ] [ SQL ] SELECT COUNT(*) AS tp_count FROM `bear_order` WHERE  `status` >= 0 [ RunTime:0.002248s ]
[ sql ] [ SQL ] SELECT COUNT(*) AS tp_count FROM `bear_order` WHERE  `status` = 1 [ RunTime:0.000765s ]
[ sql ] [ SQL ] SHOW COLUMNS FROM `bear_detection` [ RunTime:0.004566s ]
[ sql ] [ SQL ] SELECT COUNT(*) AS tp_count FROM `bear_detection` WHERE  `status` >= 0 [ RunTime:0.001114s ]
[ sql ] [ SQL ] SELECT COUNT(*) AS tp_count FROM `bear_order` WHERE  `created_time` BETWEEN '2020-04-01 00:00:00' AND '2020-05-01 00:00:00' [ RunTime:0.001402s ]
[ sql ] [ SQL ] SELECT COUNT(*) AS tp_count FROM `bear_order` WHERE  `created_time` BETWEEN '2020-05-01 00:00:00' AND '2020-06-01 00:00:00' [ RunTime:0.001013s ]
[ sql ] [ SQL ] SELECT COUNT(*) AS tp_count FROM `bear_order` WHERE  `created_time` BETWEEN '2020-06-01 00:00:00' AND '2020-07-01 00:00:00' [ RunTime:0.001138s ]
[ sql ] [ SQL ] SELECT COUNT(*) AS tp_count FROM `bear_order` WHERE  `created_time` BETWEEN '2020-07-01 00:00:00' AND '2020-08-01 00:00:00' [ RunTime:0.000950s ]
[ sql ] [ SQL ] SELECT COUNT(*) AS tp_count FROM `bear_order` WHERE  `created_time` BETWEEN '2020-08-01 00:00:00' AND '2020-09-01 00:00:00' [ RunTime:0.000748s ]
[ sql ] [ SQL ] SELECT COUNT(*) AS tp_count FROM `bear_order` WHERE  `created_time` BETWEEN '2020-09-01 00:00:00' AND '2020-10-01 00:00:00' [ RunTime:0.000500s ]
[ sql ] [ SQL ] SELECT COUNT(*) AS tp_count FROM `bear_order` WHERE  `created_time` BETWEEN '2020-10-01 00:00:00' AND '2020-11-01 00:00:00' [ RunTime:0.000532s ]
[ sql ] [ SQL ] SELECT COUNT(*) AS tp_count FROM `bear_order` WHERE  `created_time` BETWEEN '2020-11-01 00:00:00' AND '2019-12-01 00:00:00' [ RunTime:0.000655s ]
[ sql ] [ SQL ] SELECT COUNT(*) AS tp_count FROM `bear_order` WHERE  `created_time` BETWEEN '2019-12-01 00:00:00' AND '2020-01-01 00:00:00' [ RunTime:0.000338s ]
[ sql ] [ SQL ] SELECT COUNT(*) AS tp_count FROM `bear_order` WHERE  `created_time` BETWEEN '2020-01-01 00:00:00' AND '2020-02-01 00:00:00' [ RunTime:0.000437s ]
[ sql ] [ SQL ] SELECT COUNT(*) AS tp_count FROM `bear_order` WHERE  `created_time` BETWEEN '2020-02-01 00:00:00' AND '2020-03-01 00:00:00' [ RunTime:0.000544s ]
[ sql ] [ SQL ] SELECT COUNT(*) AS tp_count FROM `bear_order` WHERE  `created_time` BETWEEN '2020-03-01 00:00:00' AND '2020-04-01 00:00:00' [ RunTime:0.000612s ]
