---------------------------------------------------------------

[2019-12-10T17:02:25+08:00] 127.0.0.1 GET www.youzuo.com/admin/detection/index.html?page=1&limit=20
[运行时间：0.133789s] [吞吐率：7.47req/s] [内存消耗：3,204.24kb] [文件加载：100]
[ info ] [ LANG ] D:\phpstudy\WWW\youzuo\thinkphp\lang\zh-cn.php
[ info ] [ BIND ] 'backman'
[ info ] [ ROUTE ] array (
)
[ info ] [ HEADER ] array (
  'cookie' => 'Hm_lvt_514ab2fc3786256b672f9f1f68e9063e=1575721171; PHPSESSID=3b22ojru6uahu63ug34tlu05e0; userId=2; login_time=1575941391',
  'accept-language' => 'zh-CN,zh;q=0.9',
  'accept-encoding' => 'gzip, deflate',
  'referer' => 'http://www.youzuo.com/admin/detection/index.html',
  'user-agent' => 'Mozilla/5.0 (Windows NT 6.1; Win64; x64) AppleWebKit/537.36 (KHTML, like Gecko) Chrome/73.0.3683.86 Safari/537.36',
  'x-requested-with' => 'XMLHttpRequest',
  'accept' => 'application/json, text/javascript, */*; q=0.01',
  'connection' => 'close',
  'host' => 'www.youzuo.com',
)
[ info ] [ PARAM ] array (
  'page' => '1',
  'limit' => '20',
)
[ info ] [ DB ] INIT mysql
[ sql ] [ DB ] CONNECT:[ UseTime:0.001953s ] mysql:host=127.0.0.1;dbname=youzuo;charset=utf8
[ sql ] [ SQL ] SHOW COLUMNS FROM `bear_config` [ RunTime:0.007812s ]
[ sql ] [ SQL ] SELECT * FROM `bear_config` [ RunTime:0.000977s ]
[ sql ] [ SQL ] SHOW COLUMNS FROM `bear_admin` [ RunTime:0.008789s ]
[ sql ] [ SQL ] SELECT * FROM `bear_admin` WHERE  `id` = 2 LIMIT 1 [ RunTime:0.000977s ]
[ sql ] [ SQL ] SHOW COLUMNS FROM `bear_group` [ RunTime:0.008789s ]
[ sql ] [ SQL ] SELECT * FROM `bear_group` WHERE  `id` = 1 LIMIT 1 [ RunTime:0.000977s ]
[ sql ] [ SQL ] SELECT * FROM `bear_group` WHERE  `id` = 1 LIMIT 1 [ RunTime:0.000000s ]
[ sql ] [ SQL ] SHOW COLUMNS FROM `bear_menu` [ RunTime:0.007812s ]
[ sql ] [ SQL ] SELECT * FROM `bear_menu` WHERE  `model` = 'Detection'  AND `action` = 'index' LIMIT 1 [ RunTime:0.000977s ]
[ sql ] [ SQL ] SELECT * FROM `bear_menu` WHERE  `is_show` = 1 ORDER BY `sort` ASC [ RunTime:0.000976s ]
[ sql ] [ SQL ] SELECT * FROM `bear_menu` [ RunTime:0.000977s ]
[ sql ] [ SQL ] SELECT * FROM `bear_menu` WHERE  `model` = 'Detection'  AND `action` = 'index' LIMIT 1 [ RunTime:0.000000s ]
[ sql ] [ SQL ] SHOW COLUMNS FROM `bear_detection` [ RunTime:0.007812s ]
[ sql ] [ SQL ] SELECT COUNT(*) AS tp_count FROM `bear_detection` [ RunTime:0.000000s ]
[ sql ] [ SQL ] SELECT * FROM `bear_detection` ORDER BY `id` DESC LIMIT 0,20 [ RunTime:0.000977s ]
[ sql ] [ SQL ] SHOW COLUMNS FROM `bear_cus_category` [ RunTime:0.009766s ]
[ sql ] [ SQL ] SELECT `name` FROM `bear_cus_category` WHERE  `id` IS NULL LIMIT 1 [ RunTime:0.000977s ]
---------------------------------------------------------------

[2019-12-10T17:02:37+08:00] 127.0.0.1 GET www.youzuo.com/admin/detection/index.html
[运行时间：0.125000s] [吞吐率：8.00req/s] [内存消耗：3,334.12kb] [文件加载：102]
[ info ] [ LANG ] D:\phpstudy\WWW\youzuo\thinkphp\lang\zh-cn.php
[ info ] [ BIND ] 'backman'
[ info ] [ ROUTE ] array (
)
[ info ] [ HEADER ] array (
  'cookie' => 'Hm_lvt_514ab2fc3786256b672f9f1f68e9063e=1575721171; PHPSESSID=3b22ojru6uahu63ug34tlu05e0; userId=2; login_time=1575941391',
  'accept-language' => 'zh-CN,zh;q=0.9',
  'accept-encoding' => 'gzip, deflate',
  'referer' => 'http://www.youzuo.com/admin/detection/index.html',
  'accept' => 'text/html,application/xhtml+xml,application/xml;q=0.9,image/webp,image/apng,*/*;q=0.8,application/signed-exchange;v=b3',
  'user-agent' => 'Mozilla/5.0 (Windows NT 6.1; Win64; x64) AppleWebKit/537.36 (KHTML, like Gecko) Chrome/73.0.3683.86 Safari/537.36',
  'upgrade-insecure-requests' => '1',
  'cache-control' => 'max-age=0',
  'connection' => 'close',
  'host' => 'www.youzuo.com',
)
[ info ] [ PARAM ] array (
)
[ info ] [ DB ] INIT mysql
[ info ] [ VIEW ] D:\phpstudy\WWW\youzuo\application\backman\view\detection\index.html [ array (
  0 => 'config',
  1 => 'admin',
  2 => 'adminGroup',
  3 => 'topNav',
  4 => 'pathCurrent',
  5 => 'path',
  6 => 'totalNum',
) ]
[ sql ] [ DB ] CONNECT:[ UseTime:0.002930s ] mysql:host=127.0.0.1;dbname=youzuo;charset=utf8
[ sql ] [ SQL ] SHOW COLUMNS FROM `bear_config` [ RunTime:0.007812s ]
[ sql ] [ SQL ] SELECT * FROM `bear_config` [ RunTime:0.000977s ]
[ sql ] [ SQL ] SHOW COLUMNS FROM `bear_admin` [ RunTime:0.011719s ]
[ sql ] [ SQL ] SELECT * FROM `bear_admin` WHERE  `id` = 2 LIMIT 1 [ RunTime:0.000976s ]
[ sql ] [ SQL ] SHOW COLUMNS FROM `bear_group` [ RunTime:0.007813s ]
[ sql ] [ SQL ] SELECT * FROM `bear_group` WHERE  `id` = 1 LIMIT 1 [ RunTime:0.000976s ]
[ sql ] [ SQL ] SELECT * FROM `bear_group` WHERE  `id` = 1 LIMIT 1 [ RunTime:0.000977s ]
[ sql ] [ SQL ] SHOW COLUMNS FROM `bear_menu` [ RunTime:0.005860s ]
[ sql ] [ SQL ] SELECT * FROM `bear_menu` WHERE  `model` = 'Detection'  AND `action` = 'index' LIMIT 1 [ RunTime:0.000977s ]
[ sql ] [ SQL ] SELECT * FROM `bear_menu` WHERE  `is_show` = 1 ORDER BY `sort` ASC [ RunTime:0.001953s ]
[ sql ] [ SQL ] SELECT * FROM `bear_menu` [ RunTime:0.000977s ]
[ sql ] [ SQL ] SELECT * FROM `bear_menu` WHERE  `model` = 'Detection'  AND `action` = 'index' LIMIT 1 [ RunTime:0.000000s ]
[ sql ] [ SQL ] SHOW COLUMNS FROM `bear_detection` [ RunTime:0.008790s ]
[ sql ] [ SQL ] SELECT COUNT(*) AS tp_count FROM `bear_detection` [ RunTime:0.000977s ]
---------------------------------------------------------------

[2019-12-10T17:02:37+08:00] 127.0.0.1 GET www.youzuo.com/admin/detection/index.html?page=1&limit=20
[运行时间：0.125000s] [吞吐率：8.00req/s] [内存消耗：3,204.30kb] [文件加载：100]
[ info ] [ LANG ] D:\phpstudy\WWW\youzuo\thinkphp\lang\zh-cn.php
[ info ] [ BIND ] 'backman'
[ info ] [ ROUTE ] array (
)
[ info ] [ HEADER ] array (
  'cookie' => 'Hm_lvt_514ab2fc3786256b672f9f1f68e9063e=1575721171; PHPSESSID=3b22ojru6uahu63ug34tlu05e0; userId=2; login_time=1575941391',
  'accept-language' => 'zh-CN,zh;q=0.9',
  'accept-encoding' => 'gzip, deflate',
  'referer' => 'http://www.youzuo.com/admin/detection/index.html',
  'user-agent' => 'Mozilla/5.0 (Windows NT 6.1; Win64; x64) AppleWebKit/537.36 (KHTML, like Gecko) Chrome/73.0.3683.86 Safari/537.36',
  'x-requested-with' => 'XMLHttpRequest',
  'accept' => 'application/json, text/javascript, */*; q=0.01',
  'connection' => 'close',
  'host' => 'www.youzuo.com',
)
[ info ] [ PARAM ] array (
  'page' => '1',
  'limit' => '20',
)
[ info ] [ DB ] INIT mysql
[ sql ] [ DB ] CONNECT:[ UseTime:0.002930s ] mysql:host=127.0.0.1;dbname=youzuo;charset=utf8
[ sql ] [ SQL ] SHOW COLUMNS FROM `bear_config` [ RunTime:0.006836s ]
[ sql ] [ SQL ] SELECT * FROM `bear_config` [ RunTime:0.000976s ]
[ sql ] [ SQL ] SHOW COLUMNS FROM `bear_admin` [ RunTime:0.005860s ]
[ sql ] [ SQL ] SELECT * FROM `bear_admin` WHERE  `id` = 2 LIMIT 1 [ RunTime:0.000976s ]
[ sql ] [ SQL ] SHOW COLUMNS FROM `bear_group` [ RunTime:0.006836s ]
[ sql ] [ SQL ] SELECT * FROM `bear_group` WHERE  `id` = 1 LIMIT 1 [ RunTime:0.000000s ]
[ sql ] [ SQL ] SELECT * FROM `bear_group` WHERE  `id` = 1 LIMIT 1 [ RunTime:0.000976s ]
[ sql ] [ SQL ] SHOW COLUMNS FROM `bear_menu` [ RunTime:0.005860s ]
[ sql ] [ SQL ] SELECT * FROM `bear_menu` WHERE  `model` = 'Detection'  AND `action` = 'index' LIMIT 1 [ RunTime:0.000000s ]
[ sql ] [ SQL ] SELECT * FROM `bear_menu` WHERE  `is_show` = 1 ORDER BY `sort` ASC [ RunTime:0.000976s ]
[ sql ] [ SQL ] SELECT * FROM `bear_menu` [ RunTime:0.000977s ]
[ sql ] [ SQL ] SELECT * FROM `bear_menu` WHERE  `model` = 'Detection'  AND `action` = 'index' LIMIT 1 [ RunTime:0.000976s ]
[ sql ] [ SQL ] SHOW COLUMNS FROM `bear_detection` [ RunTime:0.006836s ]
[ sql ] [ SQL ] SELECT COUNT(*) AS tp_count FROM `bear_detection` [ RunTime:0.000976s ]
[ sql ] [ SQL ] SELECT * FROM `bear_detection` ORDER BY `id` DESC LIMIT 0,20 [ RunTime:0.000000s ]
[ sql ] [ SQL ] SHOW COLUMNS FROM `bear_cus_category` [ RunTime:0.007812s ]
[ sql ] [ SQL ] SELECT `name` FROM `bear_cus_category` WHERE  `id` IS NULL LIMIT 1 [ RunTime:0.000000s ]
---------------------------------------------------------------

[2019-12-10T17:22:26+08:00] 127.0.0.1 GET www.youzuo.com/admin/detection/index.html
[运行时间：0.118164s] [吞吐率：8.46req/s] [内存消耗：3,201.41kb] [文件加载：100]
[ info ] [ LANG ] D:\phpstudy\WWW\youzuo\thinkphp\lang\zh-cn.php
[ info ] [ BIND ] 'backman'
[ info ] [ ROUTE ] array (
)
[ info ] [ HEADER ] array (
  'cookie' => 'Hm_lvt_514ab2fc3786256b672f9f1f68e9063e=1575721171; PHPSESSID=3b22ojru6uahu63ug34tlu05e0; userId=2; login_time=1575941391',
  'accept-language' => 'zh-CN,zh;q=0.9',
  'accept-encoding' => 'gzip, deflate',
  'referer' => 'http://www.youzuo.com/admin/',
  'accept' => 'text/html,application/xhtml+xml,application/xml;q=0.9,image/webp,image/apng,*/*;q=0.8,application/signed-exchange;v=b3',
  'user-agent' => 'Mozilla/5.0 (Windows NT 6.1; Win64; x64) AppleWebKit/537.36 (KHTML, like Gecko) Chrome/73.0.3683.86 Safari/537.36',
  'upgrade-insecure-requests' => '1',
  'connection' => 'close',
  'host' => 'www.youzuo.com',
)
[ info ] [ PARAM ] array (
)
[ info ] [ DB ] INIT mysql
[ info ] [ VIEW ] D:\phpstudy\WWW\youzuo\application\backman\view\detection\index.html [ array (
  0 => 'config',
  1 => 'admin',
  2 => 'adminGroup',
  3 => 'topNav',
  4 => 'pathCurrent',
  5 => 'path',
  6 => 'totalNum',
) ]
[ sql ] [ DB ] CONNECT:[ UseTime:0.013672s ] mysql:host=127.0.0.1;dbname=youzuo;charset=utf8
[ sql ] [ SQL ] SHOW COLUMNS FROM `bear_config` [ RunTime:0.006836s ]
[ sql ] [ SQL ] SELECT * FROM `bear_config` [ RunTime:0.000976s ]
[ sql ] [ SQL ] SHOW COLUMNS FROM `bear_admin` [ RunTime:0.007813s ]
[ sql ] [ SQL ] SELECT * FROM `bear_admin` WHERE  `id` = 2 LIMIT 1 [ RunTime:0.000976s ]
[ sql ] [ SQL ] SHOW COLUMNS FROM `bear_group` [ RunTime:0.006836s ]
[ sql ] [ SQL ] SELECT * FROM `bear_group` WHERE  `id` = 1 LIMIT 1 [ RunTime:0.000977s ]
[ sql ] [ SQL ] SELECT * FROM `bear_group` WHERE  `id` = 1 LIMIT 1 [ RunTime:0.000000s ]
[ sql ] [ SQL ] SHOW COLUMNS FROM `bear_menu` [ RunTime:0.005860s ]
[ sql ] [ SQL ] SELECT * FROM `bear_menu` WHERE  `model` = 'Detection'  AND `action` = 'index' LIMIT 1 [ RunTime:0.000000s ]
[ sql ] [ SQL ] SELECT * FROM `bear_menu` WHERE  `is_show` = 1 ORDER BY `sort` ASC [ RunTime:0.000977s ]
[ sql ] [ SQL ] SELECT * FROM `bear_menu` [ RunTime:0.000000s ]
[ sql ] [ SQL ] SELECT * FROM `bear_menu` WHERE  `model` = 'Detection'  AND `action` = 'index' LIMIT 1 [ RunTime:0.000000s ]
[ sql ] [ SQL ] SHOW COLUMNS FROM `bear_detection` [ RunTime:0.006836s ]
[ sql ] [ SQL ] SELECT COUNT(*) AS tp_count FROM `bear_detection` [ RunTime:0.000977s ]
---------------------------------------------------------------

[2019-12-10T17:22:26+08:00] 127.0.0.1 GET www.youzuo.com/admin/detection/index.html?page=1&limit=20
[运行时间：0.103516s] [吞吐率：9.66req/s] [内存消耗：3,204.30kb] [文件加载：100]
[ info ] [ LANG ] D:\phpstudy\WWW\youzuo\thinkphp\lang\zh-cn.php
[ info ] [ BIND ] 'backman'
[ info ] [ ROUTE ] array (
)
[ info ] [ HEADER ] array (
  'cookie' => 'Hm_lvt_514ab2fc3786256b672f9f1f68e9063e=1575721171; PHPSESSID=3b22ojru6uahu63ug34tlu05e0; userId=2; login_time=1575941391',
  'accept-language' => 'zh-CN,zh;q=0.9',
  'accept-encoding' => 'gzip, deflate',
  'referer' => 'http://www.youzuo.com/admin/detection/index.html',
  'user-agent' => 'Mozilla/5.0 (Windows NT 6.1; Win64; x64) AppleWebKit/537.36 (KHTML, like Gecko) Chrome/73.0.3683.86 Safari/537.36',
  'x-requested-with' => 'XMLHttpRequest',
  'accept' => 'application/json, text/javascript, */*; q=0.01',
  'connection' => 'close',
  'host' => 'www.youzuo.com',
)
[ info ] [ PARAM ] array (
  'page' => '1',
  'limit' => '20',
)
[ info ] [ DB ] INIT mysql
[ sql ] [ DB ] CONNECT:[ UseTime:0.001954s ] mysql:host=127.0.0.1;dbname=youzuo;charset=utf8
[ sql ] [ SQL ] SHOW COLUMNS FROM `bear_config` [ RunTime:0.006835s ]
[ sql ] [ SQL ] SELECT * FROM `bear_config` [ RunTime:0.000977s ]
[ sql ] [ SQL ] SHOW COLUMNS FROM `bear_admin` [ RunTime:0.005859s ]
[ sql ] [ SQL ] SELECT * FROM `bear_admin` WHERE  `id` = 2 LIMIT 1 [ RunTime:0.000000s ]
[ sql ] [ SQL ] SHOW COLUMNS FROM `bear_group` [ RunTime:0.005859s ]
[ sql ] [ SQL ] SELECT * FROM `bear_group` WHERE  `id` = 1 LIMIT 1 [ RunTime:0.000977s ]
[ sql ] [ SQL ] SELECT * FROM `bear_group` WHERE  `id` = 1 LIMIT 1 [ RunTime:0.000000s ]
[ sql ] [ SQL ] SHOW COLUMNS FROM `bear_menu` [ RunTime:0.005859s ]
[ sql ] [ SQL ] SELECT * FROM `bear_menu` WHERE  `model` = 'Detection'  AND `action` = 'index' LIMIT 1 [ RunTime:0.000977s ]
[ sql ] [ SQL ] SELECT * FROM `bear_menu` WHERE  `is_show` = 1 ORDER BY `sort` ASC [ RunTime:0.000000s ]
[ sql ] [ SQL ] SELECT * FROM `bear_menu` [ RunTime:0.000977s ]
[ sql ] [ SQL ] SELECT * FROM `bear_menu` WHERE  `model` = 'Detection'  AND `action` = 'index' LIMIT 1 [ RunTime:0.000977s ]
[ sql ] [ SQL ] SHOW COLUMNS FROM `bear_detection` [ RunTime:0.006836s ]
[ sql ] [ SQL ] SELECT COUNT(*) AS tp_count FROM `bear_detection` [ RunTime:0.000976s ]
[ sql ] [ SQL ] SELECT * FROM `bear_detection` ORDER BY `id` DESC LIMIT 0,20 [ RunTime:0.000977s ]
[ sql ] [ SQL ] SHOW COLUMNS FROM `bear_cus_category` [ RunTime:0.006836s ]
[ sql ] [ SQL ] SELECT `name` FROM `bear_cus_category` WHERE  `id` IS NULL LIMIT 1 [ RunTime:0.000000s ]
---------------------------------------------------------------

[2019-12-10T17:23:14+08:00] 127.0.0.1 GET www.youzuo.com/admin/detection/index.html
[运行时间：0.107422s] [吞吐率：9.31req/s] [内存消耗：3,201.41kb] [文件加载：100]
[ info ] [ LANG ] D:\phpstudy\WWW\youzuo\thinkphp\lang\zh-cn.php
[ info ] [ BIND ] 'backman'
[ info ] [ ROUTE ] array (
)
[ info ] [ HEADER ] array (
  'cookie' => 'Hm_lvt_514ab2fc3786256b672f9f1f68e9063e=1575721171; PHPSESSID=3b22ojru6uahu63ug34tlu05e0; userId=2; login_time=1575941391',
  'accept-language' => 'zh-CN,zh;q=0.9',
  'accept-encoding' => 'gzip, deflate',
  'referer' => 'http://www.youzuo.com/admin/',
  'accept' => 'text/html,application/xhtml+xml,application/xml;q=0.9,image/webp,image/apng,*/*;q=0.8,application/signed-exchange;v=b3',
  'user-agent' => 'Mozilla/5.0 (Windows NT 6.1; Win64; x64) AppleWebKit/537.36 (KHTML, like Gecko) Chrome/73.0.3683.86 Safari/537.36',
  'upgrade-insecure-requests' => '1',
  'connection' => 'close',
  'host' => 'www.youzuo.com',
)
[ info ] [ PARAM ] array (
)
[ info ] [ DB ] INIT mysql
[ info ] [ VIEW ] D:\phpstudy\WWW\youzuo\application\backman\view\detection\index.html [ array (
  0 => 'config',
  1 => 'admin',
  2 => 'adminGroup',
  3 => 'topNav',
  4 => 'pathCurrent',
  5 => 'path',
  6 => 'totalNum',
) ]
[ sql ] [ DB ] CONNECT:[ UseTime:0.011718s ] mysql:host=127.0.0.1;dbname=youzuo;charset=utf8
[ sql ] [ SQL ] SHOW COLUMNS FROM `bear_config` [ RunTime:0.005860s ]
[ sql ] [ SQL ] SELECT * FROM `bear_config` [ RunTime:0.000976s ]
[ sql ] [ SQL ] SHOW COLUMNS FROM `bear_admin` [ RunTime:0.006835s ]
[ sql ] [ SQL ] SELECT * FROM `bear_admin` WHERE  `id` = 2 LIMIT 1 [ RunTime:0.000977s ]
[ sql ] [ SQL ] SHOW COLUMNS FROM `bear_group` [ RunTime:0.005859s ]
[ sql ] [ SQL ] SELECT * FROM `bear_group` WHERE  `id` = 1 LIMIT 1 [ RunTime:0.000977s ]
[ sql ] [ SQL ] SELECT * FROM `bear_group` WHERE  `id` = 1 LIMIT 1 [ RunTime:0.000977s ]
[ sql ] [ SQL ] SHOW COLUMNS FROM `bear_menu` [ RunTime:0.006836s ]
[ sql ] [ SQL ] SELECT * FROM `bear_menu` WHERE  `model` = 'Detection'  AND `action` = 'index' LIMIT 1 [ RunTime:0.000977s ]
[ sql ] [ SQL ] SELECT * FROM `bear_menu` WHERE  `is_show` = 1 ORDER BY `sort` ASC [ RunTime:0.000976s ]
[ sql ] [ SQL ] SELECT * FROM `bear_menu` [ RunTime:0.000000s ]
[ sql ] [ SQL ] SELECT * FROM `bear_menu` WHERE  `model` = 'Detection'  AND `action` = 'index' LIMIT 1 [ RunTime:0.001953s ]
[ sql ] [ SQL ] SHOW COLUMNS FROM `bear_detection` [ RunTime:0.006836s ]
[ sql ] [ SQL ] SELECT COUNT(*) AS tp_count FROM `bear_detection` [ RunTime:0.000000s ]
---------------------------------------------------------------

[2019-12-10T17:23:15+08:00] 127.0.0.1 GET www.youzuo.com/admin/detection/index.html?page=1&limit=20
[运行时间：0.107422s] [吞吐率：9.31req/s] [内存消耗：3,204.30kb] [文件加载：100]
[ info ] [ LANG ] D:\phpstudy\WWW\youzuo\thinkphp\lang\zh-cn.php
[ info ] [ BIND ] 'backman'
[ info ] [ ROUTE ] array (
)
[ info ] [ HEADER ] array (
  'cookie' => 'Hm_lvt_514ab2fc3786256b672f9f1f68e9063e=1575721171; PHPSESSID=3b22ojru6uahu63ug34tlu05e0; userId=2; login_time=1575941391',
  'accept-language' => 'zh-CN,zh;q=0.9',
  'accept-encoding' => 'gzip, deflate',
  'referer' => 'http://www.youzuo.com/admin/detection/index.html',
  'user-agent' => 'Mozilla/5.0 (Windows NT 6.1; Win64; x64) AppleWebKit/537.36 (KHTML, like Gecko) Chrome/73.0.3683.86 Safari/537.36',
  'x-requested-with' => 'XMLHttpRequest',
  'accept' => 'application/json, text/javascript, */*; q=0.01',
  'connection' => 'close',
  'host' => 'www.youzuo.com',
)
[ info ] [ PARAM ] array (
  'page' => '1',
  'limit' => '20',
)
[ info ] [ DB ] INIT mysql
[ sql ] [ DB ] CONNECT:[ UseTime:0.001953s ] mysql:host=127.0.0.1;dbname=youzuo;charset=utf8
[ sql ] [ SQL ] SHOW COLUMNS FROM `bear_config` [ RunTime:0.006836s ]
[ sql ] [ SQL ] SELECT * FROM `bear_config` [ RunTime:0.000000s ]
[ sql ] [ SQL ] SHOW COLUMNS FROM `bear_admin` [ RunTime:0.006835s ]
[ sql ] [ SQL ] SELECT * FROM `bear_admin` WHERE  `id` = 2 LIMIT 1 [ RunTime:0.000977s ]
[ sql ] [ SQL ] SHOW COLUMNS FROM `bear_group` [ RunTime:0.005859s ]
[ sql ] [ SQL ] SELECT * FROM `bear_group` WHERE  `id` = 1 LIMIT 1 [ RunTime:0.000000s ]
[ sql ] [ SQL ] SELECT * FROM `bear_group` WHERE  `id` = 1 LIMIT 1 [ RunTime:0.000000s ]
[ sql ] [ SQL ] SHOW COLUMNS FROM `bear_menu` [ RunTime:0.006835s ]
[ sql ] [ SQL ] SELECT * FROM `bear_menu` WHERE  `model` = 'Detection'  AND `action` = 'index' LIMIT 1 [ RunTime:0.000977s ]
[ sql ] [ SQL ] SELECT * FROM `bear_menu` WHERE  `is_show` = 1 ORDER BY `sort` ASC [ RunTime:0.000977s ]
[ sql ] [ SQL ] SELECT * FROM `bear_menu` [ RunTime:0.000000s ]
[ sql ] [ SQL ] SELECT * FROM `bear_menu` WHERE  `model` = 'Detection'  AND `action` = 'index' LIMIT 1 [ RunTime:0.000000s ]
[ sql ] [ SQL ] SHOW COLUMNS FROM `bear_detection` [ RunTime:0.006836s ]
[ sql ] [ SQL ] SELECT COUNT(*) AS tp_count FROM `bear_detection` [ RunTime:0.000000s ]
[ sql ] [ SQL ] SELECT * FROM `bear_detection` ORDER BY `id` DESC LIMIT 0,20 [ RunTime:0.000977s ]
[ sql ] [ SQL ] SHOW COLUMNS FROM `bear_cus_category` [ RunTime:0.005860s ]
[ sql ] [ SQL ] SELECT `name` FROM `bear_cus_category` WHERE  `id` IS NULL LIMIT 1 [ RunTime:0.000976s ]
---------------------------------------------------------------

[2019-12-10T17:23:56+08:00] 127.0.0.1 GET www.youzuo.com/admin/detection/option/3.html
[运行时间：0.109375s] [吞吐率：9.14req/s] [内存消耗：3,207.84kb] [文件加载：100]
[ info ] [ LANG ] D:\phpstudy\WWW\youzuo\thinkphp\lang\zh-cn.php
[ info ] [ BIND ] 'backman'
[ info ] [ ROUTE ] array (
)
[ info ] [ HEADER ] array (
  'cookie' => 'Hm_lvt_514ab2fc3786256b672f9f1f68e9063e=1575721171; PHPSESSID=3b22ojru6uahu63ug34tlu05e0; userId=2; login_time=1575941391',
  'accept-language' => 'zh-CN,zh;q=0.9',
  'accept-encoding' => 'gzip, deflate',
  'referer' => 'http://www.youzuo.com/admin/detection/index.html',
  'accept' => 'text/html,application/xhtml+xml,application/xml;q=0.9,image/webp,image/apng,*/*;q=0.8,application/signed-exchange;v=b3',
  'user-agent' => 'Mozilla/5.0 (Windows NT 6.1; Win64; x64) AppleWebKit/537.36 (KHTML, like Gecko) Chrome/73.0.3683.86 Safari/537.36',
  'upgrade-insecure-requests' => '1',
  'connection' => 'close',
  'host' => 'www.youzuo.com',
)
[ info ] [ PARAM ] array (
  0 => '3',
)
[ info ] [ DB ] INIT mysql
[ info ] [ VIEW ] D:\phpstudy\WWW\youzuo\application\backman\view\detection\option.html [ array (
  0 => 'config',
  1 => 'admin',
  2 => 'adminGroup',
  3 => 'topNav',
  4 => 'pathCurrent',
  5 => 'path',
  6 => 'info',
) ]
[ sql ] [ DB ] CONNECT:[ UseTime:0.012695s ] mysql:host=127.0.0.1;dbname=youzuo;charset=utf8
[ sql ] [ SQL ] SHOW COLUMNS FROM `bear_config` [ RunTime:0.006836s ]
[ sql ] [ SQL ] SELECT * FROM `bear_config` [ RunTime:0.000977s ]
[ sql ] [ SQL ] SHOW COLUMNS FROM `bear_admin` [ RunTime:0.005859s ]
[ sql ] [ SQL ] SELECT * FROM `bear_admin` WHERE  `id` = 2 LIMIT 1 [ RunTime:0.000977s ]
[ sql ] [ SQL ] SHOW COLUMNS FROM `bear_group` [ RunTime:0.005859s ]
[ sql ] [ SQL ] SELECT * FROM `bear_group` WHERE  `id` = 1 LIMIT 1 [ RunTime:0.000000s ]
[ sql ] [ SQL ] SELECT * FROM `bear_group` WHERE  `id` = 1 LIMIT 1 [ RunTime:0.000977s ]
[ sql ] [ SQL ] SHOW COLUMNS FROM `bear_menu` [ RunTime:0.005859s ]
[ sql ] [ SQL ] SELECT * FROM `bear_menu` WHERE  `model` = 'Detection'  AND `action` = 'option' LIMIT 1 [ RunTime:0.000977s ]
[ sql ] [ SQL ] SELECT * FROM `bear_menu` WHERE  `is_show` = 1 ORDER BY `sort` ASC [ RunTime:0.000977s ]
[ sql ] [ SQL ] SELECT * FROM `bear_menu` [ RunTime:0.000976s ]
[ sql ] [ SQL ] SELECT * FROM `bear_menu` WHERE  `model` = 'Detection'  AND `action` = 'option' LIMIT 1 [ RunTime:0.000976s ]
[ sql ] [ SQL ] SELECT * FROM `bear_menu` WHERE  `model` = 'Detection'  AND `extend` LIKE '%option%' LIMIT 1 [ RunTime:0.000977s ]
[ sql ] [ SQL ] SHOW COLUMNS FROM `bear_detection` [ RunTime:0.005860s ]
[ sql ] [ SQL ] SELECT * FROM `bear_detection` WHERE  `id` = 3 LIMIT 1 [ RunTime:0.000976s ]
---------------------------------------------------------------

[2019-12-10T17:23:57+08:00] 127.0.0.1 GET www.youzuo.com/admin/upload/index2.html?action=config&&noCache=1575969836905
[运行时间：0.110351s] [吞吐率：9.06req/s] [内存消耗：3,169.81kb] [文件加载：97]
[ info ] [ LANG ] D:\phpstudy\WWW\youzuo\thinkphp\lang\zh-cn.php
[ info ] [ BIND ] 'backman'
[ info ] [ ROUTE ] array (
)
[ info ] [ HEADER ] array (
  'cookie' => 'Hm_lvt_514ab2fc3786256b672f9f1f68e9063e=1575721171; PHPSESSID=3b22ojru6uahu63ug34tlu05e0; userId=2; login_time=1575941391',
  'accept-language' => 'zh-CN,zh;q=0.9',
  'accept-encoding' => 'gzip, deflate',
  'referer' => 'http://www.youzuo.com/admin/detection/option/3.html',
  'accept' => '*/*',
  'user-agent' => 'Mozilla/5.0 (Windows NT 6.1; Win64; x64) AppleWebKit/537.36 (KHTML, like Gecko) Chrome/73.0.3683.86 Safari/537.36',
  'connection' => 'close',
  'host' => 'www.youzuo.com',
)
[ info ] [ PARAM ] array (
  'action' => 'config',
  'noCache' => '1575969836905',
)
[ info ] [ DB ] INIT mysql
[ sql ] [ DB ] CONNECT:[ UseTime:0.003906s ] mysql:host=127.0.0.1;dbname=youzuo;charset=utf8
[ sql ] [ SQL ] SHOW COLUMNS FROM `bear_config` [ RunTime:0.007813s ]
[ sql ] [ SQL ] SELECT * FROM `bear_config` [ RunTime:0.000976s ]
[ sql ] [ SQL ] SHOW COLUMNS FROM `bear_admin` [ RunTime:0.009766s ]
[ sql ] [ SQL ] SELECT * FROM `bear_admin` WHERE  `id` = 2 LIMIT 1 [ RunTime:0.000976s ]
[ sql ] [ SQL ] SHOW COLUMNS FROM `bear_group` [ RunTime:0.010742s ]
[ sql ] [ SQL ] SELECT * FROM `bear_group` WHERE  `id` = 1 LIMIT 1 [ RunTime:0.000977s ]
[ sql ] [ SQL ] SELECT * FROM `bear_group` WHERE  `id` = 1 LIMIT 1 [ RunTime:0.001953s ]
[ sql ] [ SQL ] SHOW COLUMNS FROM `bear_menu` [ RunTime:0.007812s ]
[ sql ] [ SQL ] SELECT * FROM `bear_menu` WHERE  `model` = 'Upload'  AND `action` = 'index2' LIMIT 1 [ RunTime:0.000977s ]
[ sql ] [ SQL ] SELECT * FROM `bear_menu` WHERE  `is_show` = 1 ORDER BY `sort` ASC [ RunTime:0.000977s ]
[ sql ] [ SQL ] SELECT * FROM `bear_menu` [ RunTime:0.000977s ]
[ sql ] [ SQL ] SELECT * FROM `bear_menu` WHERE  `model` = 'Upload'  AND `action` = 'index2' LIMIT 1 [ RunTime:0.000976s ]
[ sql ] [ SQL ] SELECT * FROM `bear_menu` WHERE  `model` = 'Upload'  AND `extend` LIKE '%index2%' LIMIT 1 [ RunTime:0.000977s ]
---------------------------------------------------------------

[2019-12-10T17:23:59+08:00] 127.0.0.1 GET www.youzuo.com/admin/detection/index.html
[运行时间：0.101563s] [吞吐率：9.85req/s] [内存消耗：3,201.45kb] [文件加载：100]
[ info ] [ LANG ] D:\phpstudy\WWW\youzuo\thinkphp\lang\zh-cn.php
[ info ] [ BIND ] 'backman'
[ info ] [ ROUTE ] array (
)
[ info ] [ HEADER ] array (
  'cookie' => 'Hm_lvt_514ab2fc3786256b672f9f1f68e9063e=1575721171; PHPSESSID=3b22ojru6uahu63ug34tlu05e0; userId=2; login_time=1575941391',
  'accept-language' => 'zh-CN,zh;q=0.9',
  'accept-encoding' => 'gzip, deflate',
  'referer' => 'http://www.youzuo.com/admin/detection/option/3.html',
  'accept' => 'text/html,application/xhtml+xml,application/xml;q=0.9,image/webp,image/apng,*/*;q=0.8,application/signed-exchange;v=b3',
  'user-agent' => 'Mozilla/5.0 (Windows NT 6.1; Win64; x64) AppleWebKit/537.36 (KHTML, like Gecko) Chrome/73.0.3683.86 Safari/537.36',
  'upgrade-insecure-requests' => '1',
  'connection' => 'close',
  'host' => 'www.youzuo.com',
)
[ info ] [ PARAM ] array (
)
[ info ] [ DB ] INIT mysql
[ info ] [ VIEW ] D:\phpstudy\WWW\youzuo\application\backman\view\detection\index.html [ array (
  0 => 'config',
  1 => 'admin',
  2 => 'adminGroup',
  3 => 'topNav',
  4 => 'pathCurrent',
  5 => 'path',
  6 => 'totalNum',
) ]
[ sql ] [ DB ] CONNECT:[ UseTime:0.001953s ] mysql:host=127.0.0.1;dbname=youzuo;charset=utf8
[ sql ] [ SQL ] SHOW COLUMNS FROM `bear_config` [ RunTime:0.007812s ]
[ sql ] [ SQL ] SELECT * FROM `bear_config` [ RunTime:0.000977s ]
[ sql ] [ SQL ] SHOW COLUMNS FROM `bear_admin` [ RunTime:0.007812s ]
[ sql ] [ SQL ] SELECT * FROM `bear_admin` WHERE  `id` = 2 LIMIT 1 [ RunTime:0.000977s ]
[ sql ] [ SQL ] SHOW COLUMNS FROM `bear_group` [ RunTime:0.005859s ]
[ sql ] [ SQL ] SELECT * FROM `bear_group` WHERE  `id` = 1 LIMIT 1 [ RunTime:0.000000s ]
[ sql ] [ SQL ] SELECT * FROM `bear_group` WHERE  `id` = 1 LIMIT 1 [ RunTime:0.000000s ]
[ sql ] [ SQL ] SHOW COLUMNS FROM `bear_menu` [ RunTime:0.005859s ]
[ sql ] [ SQL ] SELECT * FROM `bear_menu` WHERE  `model` = 'Detection'  AND `action` = 'index' LIMIT 1 [ RunTime:0.000976s ]
[ sql ] [ SQL ] SELECT * FROM `bear_menu` WHERE  `is_show` = 1 ORDER BY `sort` ASC [ RunTime:0.000977s ]
[ sql ] [ SQL ] SELECT * FROM `bear_menu` [ RunTime:0.000976s ]
[ sql ] [ SQL ] SELECT * FROM `bear_menu` WHERE  `model` = 'Detection'  AND `action` = 'index' LIMIT 1 [ RunTime:0.000976s ]
[ sql ] [ SQL ] SHOW COLUMNS FROM `bear_detection` [ RunTime:0.006836s ]
[ sql ] [ SQL ] SELECT COUNT(*) AS tp_count FROM `bear_detection` [ RunTime:0.000000s ]
---------------------------------------------------------------

[2019-12-10T17:23:59+08:00] 127.0.0.1 GET www.youzuo.com/admin/detection/index.html?page=1&limit=20
[运行时间：0.105469s] [吞吐率：9.48req/s] [内存消耗：3,204.30kb] [文件加载：100]
[ info ] [ LANG ] D:\phpstudy\WWW\youzuo\thinkphp\lang\zh-cn.php
[ info ] [ BIND ] 'backman'
[ info ] [ ROUTE ] array (
)
[ info ] [ HEADER ] array (
  'cookie' => 'Hm_lvt_514ab2fc3786256b672f9f1f68e9063e=1575721171; PHPSESSID=3b22ojru6uahu63ug34tlu05e0; userId=2; login_time=1575941391',
  'accept-language' => 'zh-CN,zh;q=0.9',
  'accept-encoding' => 'gzip, deflate',
  'referer' => 'http://www.youzuo.com/admin/detection/index.html',
  'user-agent' => 'Mozilla/5.0 (Windows NT 6.1; Win64; x64) AppleWebKit/537.36 (KHTML, like Gecko) Chrome/73.0.3683.86 Safari/537.36',
  'x-requested-with' => 'XMLHttpRequest',
  'accept' => 'application/json, text/javascript, */*; q=0.01',
  'connection' => 'close',
  'host' => 'www.youzuo.com',
)
[ info ] [ PARAM ] array (
  'page' => '1',
  'limit' => '20',
)
[ info ] [ DB ] INIT mysql
[ sql ] [ DB ] CONNECT:[ UseTime:0.002929s ] mysql:host=127.0.0.1;dbname=youzuo;charset=utf8
[ sql ] [ SQL ] SHOW COLUMNS FROM `bear_config` [ RunTime:0.005860s ]
[ sql ] [ SQL ] SELECT * FROM `bear_config` [ RunTime:0.000000s ]
[ sql ] [ SQL ] SHOW COLUMNS FROM `bear_admin` [ RunTime:0.007813s ]
[ sql ] [ SQL ] SELECT * FROM `bear_admin` WHERE  `id` = 2 LIMIT 1 [ RunTime:0.000977s ]
[ sql ] [ SQL ] SHOW COLUMNS FROM `bear_group` [ RunTime:0.006835s ]
[ sql ] [ SQL ] SELECT * FROM `bear_group` WHERE  `id` = 1 LIMIT 1 [ RunTime:0.000000s ]
[ sql ] [ SQL ] SELECT * FROM `bear_group` WHERE  `id` = 1 LIMIT 1 [ RunTime:0.000000s ]
[ sql ] [ SQL ] SHOW COLUMNS FROM `bear_menu` [ RunTime:0.005859s ]
[ sql ] [ SQL ] SELECT * FROM `bear_menu` WHERE  `model` = 'Detection'  AND `action` = 'index' LIMIT 1 [ RunTime:0.000977s ]
[ sql ] [ SQL ] SELECT * FROM `bear_menu` WHERE  `is_show` = 1 ORDER BY `sort` ASC [ RunTime:0.000976s ]
[ sql ] [ SQL ] SELECT * FROM `bear_menu` [ RunTime:0.000976s ]
[ sql ] [ SQL ] SELECT * FROM `bear_menu` WHERE  `model` = 'Detection'  AND `action` = 'index' LIMIT 1 [ RunTime:0.000977s ]
[ sql ] [ SQL ] SHOW COLUMNS FROM `bear_detection` [ RunTime:0.006836s ]
[ sql ] [ SQL ] SELECT COUNT(*) AS tp_count FROM `bear_detection` [ RunTime:0.000976s ]
[ sql ] [ SQL ] SELECT * FROM `bear_detection` ORDER BY `id` DESC LIMIT 0,20 [ RunTime:0.000977s ]
[ sql ] [ SQL ] SHOW COLUMNS FROM `bear_cus_category` [ RunTime:0.005860s ]
[ sql ] [ SQL ] SELECT `name` FROM `bear_cus_category` WHERE  `id` IS NULL LIMIT 1 [ RunTime:0.000000s ]
---------------------------------------------------------------

[2019-12-10T17:31:04+08:00] 127.0.0.1 GET www.youzuo.com/admin/staff/index.html
[运行时间：0.127930s] [吞吐率：7.82req/s] [内存消耗：3,216.47kb] [文件加载：100]
[ info ] [ LANG ] D:\phpstudy\WWW\youzuo\thinkphp\lang\zh-cn.php
[ info ] [ BIND ] 'backman'
[ info ] [ ROUTE ] array (
)
[ info ] [ HEADER ] array (
  'cookie' => 'Hm_lvt_514ab2fc3786256b672f9f1f68e9063e=1575721171; PHPSESSID=3b22ojru6uahu63ug34tlu05e0; userId=2; login_time=1575941391',
  'accept-language' => 'zh-CN,zh;q=0.9',
  'accept-encoding' => 'gzip, deflate',
  'referer' => 'http://www.youzuo.com/admin/',
  'accept' => 'text/html,application/xhtml+xml,application/xml;q=0.9,image/webp,image/apng,*/*;q=0.8,application/signed-exchange;v=b3',
  'user-agent' => 'Mozilla/5.0 (Windows NT 6.1; Win64; x64) AppleWebKit/537.36 (KHTML, like Gecko) Chrome/73.0.3683.86 Safari/537.36',
  'upgrade-insecure-requests' => '1',
  'connection' => 'close',
  'host' => 'www.youzuo.com',
)
[ info ] [ PARAM ] array (
)
[ info ] [ DB ] INIT mysql
[ info ] [ VIEW ] D:\phpstudy\WWW\youzuo\application\backman\view\staff\index.html [ array (
  0 => 'config',
  1 => 'admin',
  2 => 'adminGroup',
  3 => 'topNav',
  4 => 'pathCurrent',
  5 => 'path',
  6 => 'totalNum',
) ]
[ sql ] [ DB ] CONNECT:[ UseTime:0.015625s ] mysql:host=127.0.0.1;dbname=youzuo;charset=utf8
[ sql ] [ SQL ] SHOW COLUMNS FROM `bear_config` [ RunTime:0.006836s ]
[ sql ] [ SQL ] SELECT * FROM `bear_config` [ RunTime:0.000976s ]
[ sql ] [ SQL ] SHOW COLUMNS FROM `bear_admin` [ RunTime:0.006836s ]
[ sql ] [ SQL ] SELECT * FROM `bear_admin` WHERE  `id` = 2 LIMIT 1 [ RunTime:0.000976s ]
[ sql ] [ SQL ] SHOW COLUMNS FROM `bear_group` [ RunTime:0.006836s ]
[ sql ] [ SQL ] SELECT * FROM `bear_group` WHERE  `id` = 1 LIMIT 1 [ RunTime:0.000976s ]
[ sql ] [ SQL ] SELECT * FROM `bear_group` WHERE  `id` = 1 LIMIT 1 [ RunTime:0.000977s ]
[ sql ] [ SQL ] SHOW COLUMNS FROM `bear_menu` [ RunTime:0.006836s ]
[ sql ] [ SQL ] SELECT * FROM `bear_menu` WHERE  `model` = 'Staff'  AND `action` = 'index' LIMIT 1 [ RunTime:0.000976s ]
[ sql ] [ SQL ] SELECT * FROM `bear_menu` WHERE  `is_show` = 1 ORDER BY `sort` ASC [ RunTime:0.000977s ]
[ sql ] [ SQL ] SELECT * FROM `bear_menu` [ RunTime:0.001953s ]
[ sql ] [ SQL ] SELECT * FROM `bear_menu` WHERE  `model` = 'Staff'  AND `action` = 'index' LIMIT 1 [ RunTime:0.000977s ]
[ sql ] [ SQL ] SHOW COLUMNS FROM `bear_staff` [ RunTime:0.006836s ]
[ sql ] [ SQL ] SELECT COUNT(*) AS tp_count FROM `bear_staff` [ RunTime:0.000976s ]
---------------------------------------------------------------

[2019-12-10T17:31:05+08:00] 127.0.0.1 GET www.youzuo.com/admin/staff/category.html
[运行时间：0.109375s] [吞吐率：9.14req/s] [内存消耗：3,224.16kb] [文件加载：100]
[ info ] [ LANG ] D:\phpstudy\WWW\youzuo\thinkphp\lang\zh-cn.php
[ info ] [ BIND ] 'backman'
[ info ] [ ROUTE ] array (
)
[ info ] [ HEADER ] array (
  'cookie' => 'Hm_lvt_514ab2fc3786256b672f9f1f68e9063e=1575721171; PHPSESSID=3b22ojru6uahu63ug34tlu05e0; userId=2; login_time=1575941391',
  'accept-language' => 'zh-CN,zh;q=0.9',
  'accept-encoding' => 'gzip, deflate',
  'referer' => 'http://www.youzuo.com/admin/',
  'accept' => 'text/html,application/xhtml+xml,application/xml;q=0.9,image/webp,image/apng,*/*;q=0.8,application/signed-exchange;v=b3',
  'user-agent' => 'Mozilla/5.0 (Windows NT 6.1; Win64; x64) AppleWebKit/537.36 (KHTML, like Gecko) Chrome/73.0.3683.86 Safari/537.36',
  'upgrade-insecure-requests' => '1',
  'connection' => 'close',
  'host' => 'www.youzuo.com',
)
[ info ] [ PARAM ] array (
)
[ info ] [ DB ] INIT mysql
[ info ] [ VIEW ] D:\phpstudy\WWW\youzuo\application\backman\view\staff\category.html [ array (
  0 => 'config',
  1 => 'admin',
  2 => 'adminGroup',
  3 => 'topNav',
  4 => 'pathCurrent',
  5 => 'path',
  6 => 'list',
) ]
[ sql ] [ DB ] CONNECT:[ UseTime:0.002930s ] mysql:host=127.0.0.1;dbname=youzuo;charset=utf8
[ sql ] [ SQL ] SHOW COLUMNS FROM `bear_config` [ RunTime:0.005859s ]
[ sql ] [ SQL ] SELECT * FROM `bear_config` [ RunTime:0.000977s ]
[ sql ] [ SQL ] SHOW COLUMNS FROM `bear_admin` [ RunTime:0.007812s ]
[ sql ] [ SQL ] SELECT * FROM `bear_admin` WHERE  `id` = 2 LIMIT 1 [ RunTime:0.000000s ]
[ sql ] [ SQL ] SHOW COLUMNS FROM `bear_group` [ RunTime:0.005860s ]
[ sql ] [ SQL ] SELECT * FROM `bear_group` WHERE  `id` = 1 LIMIT 1 [ RunTime:0.000976s ]
[ sql ] [ SQL ] SELECT * FROM `bear_group` WHERE  `id` = 1 LIMIT 1 [ RunTime:0.000977s ]
[ sql ] [ SQL ] SHOW COLUMNS FROM `bear_menu` [ RunTime:0.007812s ]
[ sql ] [ SQL ] SELECT * FROM `bear_menu` WHERE  `model` = 'Staff'  AND `action` = 'category' LIMIT 1 [ RunTime:0.000977s ]
[ sql ] [ SQL ] SELECT * FROM `bear_menu` WHERE  `is_show` = 1 ORDER BY `sort` ASC [ RunTime:0.000976s ]
[ sql ] [ SQL ] SELECT * FROM `bear_menu` [ RunTime:0.000000s ]
[ sql ] [ SQL ] SELECT * FROM `bear_menu` WHERE  `model` = 'Staff'  AND `action` = 'category' LIMIT 1 [ RunTime:0.000976s ]
[ sql ] [ SQL ] SHOW COLUMNS FROM `bear_sta_category` [ RunTime:0.007812s ]
[ sql ] [ SQL ] SELECT * FROM `bear_sta_category` WHERE  `type` = 1 [ RunTime:0.000000s ]
---------------------------------------------------------------

[2019-12-10T17:31:06+08:00] 127.0.0.1 GET www.youzuo.com/admin/staff/powerlist.html
[运行时间：0.104492s] [吞吐率：9.57req/s] [内存消耗：3,233.18kb] [文件加载：100]
[ info ] [ LANG ] D:\phpstudy\WWW\youzuo\thinkphp\lang\zh-cn.php
[ info ] [ BIND ] 'backman'
[ info ] [ ROUTE ] array (
)
[ info ] [ HEADER ] array (
  'cookie' => 'Hm_lvt_514ab2fc3786256b672f9f1f68e9063e=1575721171; PHPSESSID=3b22ojru6uahu63ug34tlu05e0; userId=2; login_time=1575941391',
  'accept-language' => 'zh-CN,zh;q=0.9',
  'accept-encoding' => 'gzip, deflate',
  'referer' => 'http://www.youzuo.com/admin/',
  'accept' => 'text/html,application/xhtml+xml,application/xml;q=0.9,image/webp,image/apng,*/*;q=0.8,application/signed-exchange;v=b3',
  'user-agent' => 'Mozilla/5.0 (Windows NT 6.1; Win64; x64) AppleWebKit/537.36 (KHTML, like Gecko) Chrome/73.0.3683.86 Safari/537.36',
  'upgrade-insecure-requests' => '1',
  'connection' => 'close',
  'host' => 'www.youzuo.com',
)
[ info ] [ PARAM ] array (
)
[ info ] [ DB ] INIT mysql
[ info ] [ VIEW ] D:\phpstudy\WWW\youzuo\application\backman\view\staff\powerlist.html [ array (
  0 => 'config',
  1 => 'admin',
  2 => 'adminGroup',
  3 => 'topNav',
  4 => 'pathCurrent',
  5 => 'path',
  6 => 'list',
) ]
[ sql ] [ DB ] CONNECT:[ UseTime:0.001953s ] mysql:host=127.0.0.1;dbname=youzuo;charset=utf8
[ sql ] [ SQL ] SHOW COLUMNS FROM `bear_config` [ RunTime:0.005859s ]
[ sql ] [ SQL ] SELECT * FROM `bear_config` [ RunTime:0.000000s ]
[ sql ] [ SQL ] SHOW COLUMNS FROM `bear_admin` [ RunTime:0.007813s ]
[ sql ] [ SQL ] SELECT * FROM `bear_admin` WHERE  `id` = 2 LIMIT 1 [ RunTime:0.000976s ]
[ sql ] [ SQL ] SHOW COLUMNS FROM `bear_group` [ RunTime:0.005859s ]
[ sql ] [ SQL ] SELECT * FROM `bear_group` WHERE  `id` = 1 LIMIT 1 [ RunTime:0.000977s ]
[ sql ] [ SQL ] SELECT * FROM `bear_group` WHERE  `id` = 1 LIMIT 1 [ RunTime:0.000976s ]
[ sql ] [ SQL ] SHOW COLUMNS FROM `bear_menu` [ RunTime:0.007813s ]
[ sql ] [ SQL ] SELECT * FROM `bear_menu` WHERE  `model` = 'Staff'  AND `action` = 'powerlist' LIMIT 1 [ RunTime:0.000976s ]
[ sql ] [ SQL ] SELECT * FROM `bear_menu` WHERE  `is_show` = 1 ORDER BY `sort` ASC [ RunTime:0.000977s ]
[ sql ] [ SQL ] SELECT * FROM `bear_menu` [ RunTime:0.000977s ]
[ sql ] [ SQL ] SELECT * FROM `bear_menu` WHERE  `model` = 'Staff'  AND `action` = 'powerlist' LIMIT 1 [ RunTime:0.000000s ]
[ sql ] [ SQL ] SHOW COLUMNS FROM `bear_staff_power` [ RunTime:0.007812s ]
[ sql ] [ SQL ] SELECT * FROM `bear_staff_power` WHERE  `is_show` = 1 ORDER BY `sort` ASC [ RunTime:0.000000s ]
---------------------------------------------------------------

[2019-12-10T17:31:06+08:00] 127.0.0.1 GET www.youzuo.com/admin/staff/index.html?page=1&limit=20
[运行时间：0.124024s] [吞吐率：8.06req/s] [内存消耗：3,224.69kb] [文件加载：100]
[ info ] [ LANG ] D:\phpstudy\WWW\youzuo\thinkphp\lang\zh-cn.php
[ info ] [ BIND ] 'backman'
[ info ] [ ROUTE ] array (
)
[ info ] [ HEADER ] array (
  'cookie' => 'Hm_lvt_514ab2fc3786256b672f9f1f68e9063e=1575721171; PHPSESSID=3b22ojru6uahu63ug34tlu05e0; userId=2; login_time=1575941391',
  'accept-language' => 'zh-CN,zh;q=0.9',
  'accept-encoding' => 'gzip, deflate',
  'referer' => 'http://www.youzuo.com/admin/staff/index.html',
  'user-agent' => 'Mozilla/5.0 (Windows NT 6.1; Win64; x64) AppleWebKit/537.36 (KHTML, like Gecko) Chrome/73.0.3683.86 Safari/537.36',
  'x-requested-with' => 'XMLHttpRequest',
  'accept' => 'application/json, text/javascript, */*; q=0.01',
  'connection' => 'close',
  'host' => 'www.youzuo.com',
)
[ info ] [ PARAM ] array (
  'page' => '1',
  'limit' => '20',
)
[ info ] [ DB ] INIT mysql
[ sql ] [ DB ] CONNECT:[ UseTime:0.001953s ] mysql:host=127.0.0.1;dbname=youzuo;charset=utf8
[ sql ] [ SQL ] SHOW COLUMNS FROM `bear_config` [ RunTime:0.006836s ]
[ sql ] [ SQL ] SELECT * FROM `bear_config` [ RunTime:0.000976s ]
[ sql ] [ SQL ] SHOW COLUMNS FROM `bear_admin` [ RunTime:0.005860s ]
[ sql ] [ SQL ] SELECT * FROM `bear_admin` WHERE  `id` = 2 LIMIT 1 [ RunTime:0.000976s ]
[ sql ] [ SQL ] SHOW COLUMNS FROM `bear_group` [ RunTime:0.007812s ]
[ sql ] [ SQL ] SELECT * FROM `bear_group` WHERE  `id` = 1 LIMIT 1 [ RunTime:0.000000s ]
[ sql ] [ SQL ] SELECT * FROM `bear_group` WHERE  `id` = 1 LIMIT 1 [ RunTime:0.000000s ]
[ sql ] [ SQL ] SHOW COLUMNS FROM `bear_menu` [ RunTime:0.005859s ]
[ sql ] [ SQL ] SELECT * FROM `bear_menu` WHERE  `model` = 'Staff'  AND `action` = 'index' LIMIT 1 [ RunTime:0.000977s ]
[ sql ] [ SQL ] SELECT * FROM `bear_menu` WHERE  `is_show` = 1 ORDER BY `sort` ASC [ RunTime:0.000977s ]
[ sql ] [ SQL ] SELECT * FROM `bear_menu` [ RunTime:0.000000s ]
[ sql ] [ SQL ] SELECT * FROM `bear_menu` WHERE  `model` = 'Staff'  AND `action` = 'index' LIMIT 1 [ RunTime:0.000976s ]
[ sql ] [ SQL ] SHOW COLUMNS FROM `bear_staff` [ RunTime:0.007812s ]
[ sql ] [ SQL ] SELECT COUNT(*) AS tp_count FROM `bear_staff` [ RunTime:0.000977s ]
[ sql ] [ SQL ] SHOW COLUMNS FROM `bear_staff_power` [ RunTime:0.007812s ]
[ sql ] [ SQL ] SELECT * FROM `bear_staff_power` [ RunTime:0.000977s ]
[ sql ] [ SQL ] SELECT * FROM `bear_staff` ORDER BY `id` DESC LIMIT 0,20 [ RunTime:0.000000s ]
[ sql ] [ SQL ] SHOW COLUMNS FROM `bear_sta_category` [ RunTime:0.007813s ]
[ sql ] [ SQL ] SELECT `name` FROM `bear_sta_category` WHERE  `id` = 4 LIMIT 1 [ RunTime:0.000976s ]
[ sql ] [ SQL ] SELECT `name` FROM `bear_sta_category` WHERE  `id` = 4 LIMIT 1 [ RunTime:0.000977s ]
---------------------------------------------------------------

[2019-12-10T18:08:35+08:00] 127.0.0.1 GET www.youzuo.com/admin/detection/index.html
[运行时间：0.142578s] [吞吐率：7.01req/s] [内存消耗：3,201.41kb] [文件加载：100]
[ info ] [ LANG ] D:\phpstudy\WWW\youzuo\thinkphp\lang\zh-cn.php
[ info ] [ BIND ] 'backman'
[ info ] [ ROUTE ] array (
)
[ info ] [ HEADER ] array (
  'cookie' => 'Hm_lvt_514ab2fc3786256b672f9f1f68e9063e=1575721171; PHPSESSID=3b22ojru6uahu63ug34tlu05e0; userId=2; login_time=1575941391',
  'accept-language' => 'zh-CN,zh;q=0.9',
  'accept-encoding' => 'gzip, deflate',
  'referer' => 'http://www.youzuo.com/admin/',
  'accept' => 'text/html,application/xhtml+xml,application/xml;q=0.9,image/webp,image/apng,*/*;q=0.8,application/signed-exchange;v=b3',
  'user-agent' => 'Mozilla/5.0 (Windows NT 6.1; Win64; x64) AppleWebKit/537.36 (KHTML, like Gecko) Chrome/73.0.3683.86 Safari/537.36',
  'upgrade-insecure-requests' => '1',
  'connection' => 'close',
  'host' => 'www.youzuo.com',
)
[ info ] [ PARAM ] array (
)
[ info ] [ DB ] INIT mysql
[ info ] [ VIEW ] D:\phpstudy\WWW\youzuo\application\backman\view\detection\index.html [ array (
  0 => 'config',
  1 => 'admin',
  2 => 'adminGroup',
  3 => 'topNav',
  4 => 'pathCurrent',
  5 => 'path',
  6 => 'totalNum',
) ]
[ sql ] [ DB ] CONNECT:[ UseTime:0.016602s ] mysql:host=127.0.0.1;dbname=youzuo;charset=utf8
[ sql ] [ SQL ] SHOW COLUMNS FROM `bear_config` [ RunTime:0.007812s ]
[ sql ] [ SQL ] SELECT * FROM `bear_config` [ RunTime:0.000977s ]
[ sql ] [ SQL ] SHOW COLUMNS FROM `bear_admin` [ RunTime:0.008789s ]
[ sql ] [ SQL ] SELECT * FROM `bear_admin` WHERE  `id` = 2 LIMIT 1 [ RunTime:0.000977s ]
[ sql ] [ SQL ] SHOW COLUMNS FROM `bear_group` [ RunTime:0.006836s ]
[ sql ] [ SQL ] SELECT * FROM `bear_group` WHERE  `id` = 1 LIMIT 1 [ RunTime:0.000976s ]
[ sql ] [ SQL ] SELECT * FROM `bear_group` WHERE  `id` = 1 LIMIT 1 [ RunTime:0.000976s ]
[ sql ] [ SQL ] SHOW COLUMNS FROM `bear_menu` [ RunTime:0.012696s ]
[ sql ] [ SQL ] SELECT * FROM `bear_menu` WHERE  `model` = 'Detection'  AND `action` = 'index' LIMIT 1 [ RunTime:0.000976s ]
[ sql ] [ SQL ] SELECT * FROM `bear_menu` WHERE  `is_show` = 1 ORDER BY `sort` ASC [ RunTime:0.000977s ]
[ sql ] [ SQL ] SELECT * FROM `bear_menu` [ RunTime:0.000977s ]
[ sql ] [ SQL ] SELECT * FROM `bear_menu` WHERE  `model` = 'Detection'  AND `action` = 'index' LIMIT 1 [ RunTime:0.000977s ]
[ sql ] [ SQL ] SHOW COLUMNS FROM `bear_detection` [ RunTime:0.008789s ]
[ sql ] [ SQL ] SELECT COUNT(*) AS tp_count FROM `bear_detection` [ RunTime:0.000976s ]
---------------------------------------------------------------

[2019-12-10T18:08:36+08:00] 127.0.0.1 GET www.youzuo.com/admin/detection/index.html?page=1&limit=20
[运行时间：0.104492s] [吞吐率：9.57req/s] [内存消耗：3,204.30kb] [文件加载：100]
[ info ] [ LANG ] D:\phpstudy\WWW\youzuo\thinkphp\lang\zh-cn.php
[ info ] [ BIND ] 'backman'
[ info ] [ ROUTE ] array (
)
[ info ] [ HEADER ] array (
  'cookie' => 'Hm_lvt_514ab2fc3786256b672f9f1f68e9063e=1575721171; PHPSESSID=3b22ojru6uahu63ug34tlu05e0; userId=2; login_time=1575941391',
  'accept-language' => 'zh-CN,zh;q=0.9',
  'accept-encoding' => 'gzip, deflate',
  'referer' => 'http://www.youzuo.com/admin/detection/index.html',
  'user-agent' => 'Mozilla/5.0 (Windows NT 6.1; Win64; x64) AppleWebKit/537.36 (KHTML, like Gecko) Chrome/73.0.3683.86 Safari/537.36',
  'x-requested-with' => 'XMLHttpRequest',
  'accept' => 'application/json, text/javascript, */*; q=0.01',
  'connection' => 'close',
  'host' => 'www.youzuo.com',
)
[ info ] [ PARAM ] array (
  'page' => '1',
  'limit' => '20',
)
[ info ] [ DB ] INIT mysql
[ sql ] [ DB ] CONNECT:[ UseTime:0.001953s ] mysql:host=127.0.0.1;dbname=youzuo;charset=utf8
[ sql ] [ SQL ] SHOW COLUMNS FROM `bear_config` [ RunTime:0.006836s ]
[ sql ] [ SQL ] SELECT * FROM `bear_config` [ RunTime:0.000000s ]
[ sql ] [ SQL ] SHOW COLUMNS FROM `bear_admin` [ RunTime:0.006836s ]
[ sql ] [ SQL ] SELECT * FROM `bear_admin` WHERE  `id` = 2 LIMIT 1 [ RunTime:0.000000s ]
[ sql ] [ SQL ] SHOW COLUMNS FROM `bear_group` [ RunTime:0.005860s ]
[ sql ] [ SQL ] SELECT * FROM `bear_group` WHERE  `id` = 1 LIMIT 1 [ RunTime:0.000000s ]
[ sql ] [ SQL ] SELECT * FROM `bear_group` WHERE  `id` = 1 LIMIT 1 [ RunTime:0.000000s ]
[ sql ] [ SQL ] SHOW COLUMNS FROM `bear_menu` [ RunTime:0.006836s ]
[ sql ] [ SQL ] SELECT * FROM `bear_menu` WHERE  `model` = 'Detection'  AND `action` = 'index' LIMIT 1 [ RunTime:0.000977s ]
[ sql ] [ SQL ] SELECT * FROM `bear_menu` WHERE  `is_show` = 1 ORDER BY `sort` ASC [ RunTime:0.000976s ]
[ sql ] [ SQL ] SELECT * FROM `bear_menu` [ RunTime:0.000976s ]
[ sql ] [ SQL ] SELECT * FROM `bear_menu` WHERE  `model` = 'Detection'  AND `action` = 'index' LIMIT 1 [ RunTime:0.000000s ]
[ sql ] [ SQL ] SHOW COLUMNS FROM `bear_detection` [ RunTime:0.005860s ]
[ sql ] [ SQL ] SELECT COUNT(*) AS tp_count FROM `bear_detection` [ RunTime:0.000976s ]
[ sql ] [ SQL ] SELECT * FROM `bear_detection` ORDER BY `id` DESC LIMIT 0,20 [ RunTime:0.000977s ]
[ sql ] [ SQL ] SHOW COLUMNS FROM `bear_cus_category` [ RunTime:0.005860s ]
[ sql ] [ SQL ] SELECT `name` FROM `bear_cus_category` WHERE  `id` IS NULL LIMIT 1 [ RunTime:0.000976s ]
---------------------------------------------------------------

[2019-12-10T18:09:13+08:00] 127.0.0.1 GET www.youzuo.com/admin/detection/index.html
[运行时间：0.105469s] [吞吐率：9.48req/s] [内存消耗：3,201.41kb] [文件加载：100]
[ info ] [ LANG ] D:\phpstudy\WWW\youzuo\thinkphp\lang\zh-cn.php
[ info ] [ BIND ] 'backman'
[ info ] [ ROUTE ] array (
)
[ info ] [ HEADER ] array (
  'cookie' => 'Hm_lvt_514ab2fc3786256b672f9f1f68e9063e=1575721171; PHPSESSID=3b22ojru6uahu63ug34tlu05e0; userId=2; login_time=1575941391',
  'accept-language' => 'zh-CN,zh;q=0.9',
  'accept-encoding' => 'gzip, deflate',
  'referer' => 'http://www.youzuo.com/admin/',
  'accept' => 'text/html,application/xhtml+xml,application/xml;q=0.9,image/webp,image/apng,*/*;q=0.8,application/signed-exchange;v=b3',
  'user-agent' => 'Mozilla/5.0 (Windows NT 6.1; Win64; x64) AppleWebKit/537.36 (KHTML, like Gecko) Chrome/73.0.3683.86 Safari/537.36',
  'upgrade-insecure-requests' => '1',
  'connection' => 'close',
  'host' => 'www.youzuo.com',
)
[ info ] [ PARAM ] array (
)
[ info ] [ DB ] INIT mysql
[ info ] [ VIEW ] D:\phpstudy\WWW\youzuo\application\backman\view\detection\index.html [ array (
  0 => 'config',
  1 => 'admin',
  2 => 'adminGroup',
  3 => 'topNav',
  4 => 'pathCurrent',
  5 => 'path',
  6 => 'totalNum',
) ]
[ sql ] [ DB ] CONNECT:[ UseTime:0.011719s ] mysql:host=127.0.0.1;dbname=youzuo;charset=utf8
[ sql ] [ SQL ] SHOW COLUMNS FROM `bear_config` [ RunTime:0.006836s ]
[ sql ] [ SQL ] SELECT * FROM `bear_config` [ RunTime:0.001953s ]
[ sql ] [ SQL ] SHOW COLUMNS FROM `bear_admin` [ RunTime:0.006836s ]
[ sql ] [ SQL ] SELECT * FROM `bear_admin` WHERE  `id` = 2 LIMIT 1 [ RunTime:0.000976s ]
[ sql ] [ SQL ] SHOW COLUMNS FROM `bear_group` [ RunTime:0.005859s ]
[ sql ] [ SQL ] SELECT * FROM `bear_group` WHERE  `id` = 1 LIMIT 1 [ RunTime:0.000977s ]
[ sql ] [ SQL ] SELECT * FROM `bear_group` WHERE  `id` = 1 LIMIT 1 [ RunTime:0.000000s ]
[ sql ] [ SQL ] SHOW COLUMNS FROM `bear_menu` [ RunTime:0.005860s ]
[ sql ] [ SQL ] SELECT * FROM `bear_menu` WHERE  `model` = 'Detection'  AND `action` = 'index' LIMIT 1 [ RunTime:0.000976s ]
[ sql ] [ SQL ] SELECT * FROM `bear_menu` WHERE  `is_show` = 1 ORDER BY `sort` ASC [ RunTime:0.000977s ]
[ sql ] [ SQL ] SELECT * FROM `bear_menu` [ RunTime:0.000977s ]
[ sql ] [ SQL ] SELECT * FROM `bear_menu` WHERE  `model` = 'Detection'  AND `action` = 'index' LIMIT 1 [ RunTime:0.000977s ]
[ sql ] [ SQL ] SHOW COLUMNS FROM `bear_detection` [ RunTime:0.006836s ]
[ sql ] [ SQL ] SELECT COUNT(*) AS tp_count FROM `bear_detection` [ RunTime:0.000977s ]
---------------------------------------------------------------

[2019-12-10T18:09:14+08:00] 127.0.0.1 GET www.youzuo.com/admin/detection/index.html?page=1&limit=20
[运行时间：0.103515s] [吞吐率：9.66req/s] [内存消耗：3,204.30kb] [文件加载：100]
[ info ] [ LANG ] D:\phpstudy\WWW\youzuo\thinkphp\lang\zh-cn.php
[ info ] [ BIND ] 'backman'
[ info ] [ ROUTE ] array (
)
[ info ] [ HEADER ] array (
  'cookie' => 'Hm_lvt_514ab2fc3786256b672f9f1f68e9063e=1575721171; PHPSESSID=3b22ojru6uahu63ug34tlu05e0; userId=2; login_time=1575941391',
  'accept-language' => 'zh-CN,zh;q=0.9',
  'accept-encoding' => 'gzip, deflate',
  'referer' => 'http://www.youzuo.com/admin/detection/index.html',
  'user-agent' => 'Mozilla/5.0 (Windows NT 6.1; Win64; x64) AppleWebKit/537.36 (KHTML, like Gecko) Chrome/73.0.3683.86 Safari/537.36',
  'x-requested-with' => 'XMLHttpRequest',
  'accept' => 'application/json, text/javascript, */*; q=0.01',
  'connection' => 'close',
  'host' => 'www.youzuo.com',
)
[ info ] [ PARAM ] array (
  'page' => '1',
  'limit' => '20',
)
[ info ] [ DB ] INIT mysql
[ sql ] [ DB ] CONNECT:[ UseTime:0.002930s ] mysql:host=127.0.0.1;dbname=youzuo;charset=utf8
[ sql ] [ SQL ] SHOW COLUMNS FROM `bear_config` [ RunTime:0.005859s ]
[ sql ] [ SQL ] SELECT * FROM `bear_config` [ RunTime:0.000977s ]
[ sql ] [ SQL ] SHOW COLUMNS FROM `bear_admin` [ RunTime:0.005859s ]
[ sql ] [ SQL ] SELECT * FROM `bear_admin` WHERE  `id` = 2 LIMIT 1 [ RunTime:0.000977s ]
[ sql ] [ SQL ] SHOW COLUMNS FROM `bear_group` [ RunTime:0.005860s ]
[ sql ] [ SQL ] SELECT * FROM `bear_group` WHERE  `id` = 1 LIMIT 1 [ RunTime:0.000000s ]
[ sql ] [ SQL ] SELECT * FROM `bear_group` WHERE  `id` = 1 LIMIT 1 [ RunTime:0.000976s ]
[ sql ] [ SQL ] SHOW COLUMNS FROM `bear_menu` [ RunTime:0.006836s ]
[ sql ] [ SQL ] SELECT * FROM `bear_menu` WHERE  `model` = 'Detection'  AND `action` = 'index' LIMIT 1 [ RunTime:0.000000s ]
[ sql ] [ SQL ] SELECT * FROM `bear_menu` WHERE  `is_show` = 1 ORDER BY `sort` ASC [ RunTime:0.000000s ]
[ sql ] [ SQL ] SELECT * FROM `bear_menu` [ RunTime:0.000976s ]
[ sql ] [ SQL ] SELECT * FROM `bear_menu` WHERE  `model` = 'Detection'  AND `action` = 'index' LIMIT 1 [ RunTime:0.000000s ]
[ sql ] [ SQL ] SHOW COLUMNS FROM `bear_detection` [ RunTime:0.006836s ]
[ sql ] [ SQL ] SELECT COUNT(*) AS tp_count FROM `bear_detection` [ RunTime:0.000976s ]
[ sql ] [ SQL ] SELECT * FROM `bear_detection` ORDER BY `id` DESC LIMIT 0,20 [ RunTime:0.000000s ]
[ sql ] [ SQL ] SHOW COLUMNS FROM `bear_cus_category` [ RunTime:0.005859s ]
[ sql ] [ SQL ] SELECT `name` FROM `bear_cus_category` WHERE  `id` IS NULL LIMIT 1 [ RunTime:0.000000s ]
